<?xml version="1.0" encoding="UTF-8"?>
<testsuite name="tetris.FullGameTests" tests="5" skipped="0" failures="5" errors="0" timestamp="2021-10-02T20:12:45" hostname="davemeister" time="0.065">
  <properties/>
  <testcase name="testGame5x9" classname="tetris.FullGameTests" time="0.013">
    <failure message="org.scalatest.exceptions.TestFailedException: didPass was false&#10;--------------------------------------------------------------------------------&#10;This is what went wrong:&#10;&#10;step=0, rand=0, actions=&lt;&gt;&#10;Want  | Got ✓&#10;-------------&#10;..... | .....&#10;.IIII | .IIII&#10;..... | .....&#10;..... | .....&#10;..... | .....&#10;..... | .....&#10;..... | .....&#10;..... | .....&#10;..... | .....&#10;&#10;step=1, rand=0, actions=&lt;RotateRight&gt;&#10;Want  | Got ✓&#10;-------------&#10;...I. | ...I.&#10;...I. | ...I.&#10;...I. | ...I.&#10;...I. | ...I.&#10;..... | .....&#10;..... | .....&#10;..... | .....&#10;..... | .....&#10;..... | .....&#10;&#10;step=2, rand=0, actions=&lt;Down&gt;&#10;Want  | Got ✗&#10;-------------&#10;..... | ...I.&#10;...I. | ...I.&#10;...I. | ...I.&#10;...I. | ...I.&#10;...I. | .....&#10;..... | .....&#10;..... | .....&#10;..... | .....&#10;..... | .....&#10;&#10;step=3, rand=0, actions=&lt;Down&gt;&#10;Want  | Got ✗&#10;-------------&#10;..... | ...I.&#10;..... | ...I.&#10;...I. | ...I.&#10;...I. | ...I.&#10;...I. | .....&#10;...I. | .....&#10;..... | .....&#10;..... | .....&#10;..... | .....&#10;&#10;step=4, rand=0, actions=&lt;Down&gt;&#10;Want  | Got ✗&#10;-------------&#10;..... | ...I.&#10;..... | ...I.&#10;..... | ...I.&#10;...I. | ...I.&#10;...I. | .....&#10;...I. | .....&#10;...I. | .....&#10;..... | .....&#10;..... | .....&#10;&#10;step=5, rand=0, actions=&lt;Down&gt;&#10;Want  | Got ✗&#10;-------------&#10;..... | ...I.&#10;..... | ...I.&#10;..... | ...I.&#10;..... | ...I.&#10;...I. | .....&#10;...I. | .....&#10;...I. | .....&#10;...I. | .....&#10;..... | .....&#10;&#10;step=6, rand=0, actions=&lt;Down&gt;&#10;Want  | Got ✗&#10;-------------&#10;..... | ...I.&#10;..... | ...I.&#10;..... | ...I.&#10;..... | ...I.&#10;..... | .....&#10;...I. | .....&#10;...I. | .....&#10;...I. | .....&#10;...I. | .....&#10;&#10;step=7, rand=0, actions=&lt;Down&gt;&#10;Want  | Got ✗&#10;-------------&#10;..... | ...I.&#10;.IIII | ...I.&#10;..... | ...I.&#10;..... | ...I.&#10;..... | .....&#10;...I. | .....&#10;...I. | .....&#10;...I. | .....&#10;...I. | .....&#10;&#10;step=8, rand=0, actions=&lt;RotateRight&gt;&#10;Want  | Got ✗&#10;-------------&#10;...I. | .....&#10;...I. | .....&#10;...I. | .IIII&#10;...I. | .....&#10;..... | .....&#10;...I. | .....&#10;...I. | .....&#10;...I. | .....&#10;...I. | .....&#10;&#10;step=9, rand=0, actions=&lt;Left&gt;&#10;Want  | Got ✗&#10;-------------&#10;..I.. | .....&#10;..I.. | .....&#10;..I.. | .IIII&#10;..I.. | .....&#10;..... | .....&#10;...I. | .....&#10;...I. | .....&#10;...I. | .....&#10;...I. | .....&#10;&#10;step=10, rand=0, actions=&lt;Down&gt;&#10;Want  | Got ✗&#10;-------------&#10;..... | .....&#10;..I.. | .....&#10;..I.. | .IIII&#10;..I.. | .....&#10;..I.. | .....&#10;...I. | .....&#10;...I. | .....&#10;...I. | .....&#10;...I. | .....&#10;&#10;step=11, rand=0, actions=&lt;Down&gt;&#10;Want  | Got ✗&#10;-------------&#10;..... | .....&#10;..... | .....&#10;..I.. | .IIII&#10;..I.. | .....&#10;..I.. | .....&#10;..II. | .....&#10;...I. | .....&#10;...I. | .....&#10;...I. | .....&#10;&#10;step=12, rand=0, actions=&lt;Down&gt;&#10;Want  | Got ✗&#10;-------------&#10;..... | .....&#10;..... | .....&#10;..... | .IIII&#10;..I.. | .....&#10;..I.. | .....&#10;..II. | .....&#10;..II. | .....&#10;...I. | .....&#10;...I. | .....&#10;&#10;step=13, rand=0, actions=&lt;Down&gt;&#10;Want  | Got ✗&#10;-------------&#10;..... | .....&#10;..... | .....&#10;..... | .IIII&#10;..... | .....&#10;..I.. | .....&#10;..II. | .....&#10;..II. | .....&#10;..II. | .....&#10;...I. | .....&#10;&#10;step=14, rand=0, actions=&lt;Down&gt;&#10;Want  | Got ✗&#10;-------------&#10;..... | .....&#10;..... | .....&#10;..... | .IIII&#10;..... | .....&#10;..... | .....&#10;..II. | .....&#10;..II. | .....&#10;..II. | .....&#10;..II. | .....&#10;&#10;step=15, rand=3, actions=&lt;Down&gt;&#10;Want  | Got ✗&#10;-------------&#10;..OO. | .....&#10;..OO. | .....&#10;..... | .IIII&#10;..... | .....&#10;..... | .....&#10;..II. | .....&#10;..II. | .....&#10;..II. | .....&#10;..II. | .....&#10;&#10;step=16, rand=3, actions=&lt;Left&gt;&#10;Want  | Got ✗&#10;-------------&#10;.OO.. | .....&#10;.OO.. | .....&#10;..... | .IIII&#10;..... | .....&#10;..... | .....&#10;..II. | .....&#10;..II. | .....&#10;..II. | .....&#10;..II. | .....&#10;&#10;step=17, rand=3, actions=&lt;Left&gt;&#10;Want  | Got ✗&#10;-------------&#10;OO... | .....&#10;OO... | .....&#10;..... | .IIII&#10;..... | .....&#10;..... | .....&#10;..II. | .....&#10;..II. | .....&#10;..II. | .....&#10;..II. | .....&#10;&#10;step=18, rand=3, actions=&lt;Down&gt;&#10;Want  | Got ✗&#10;-------------&#10;..... | .....&#10;OO... | .....&#10;OO... | .IIII&#10;..... | .....&#10;..... | .....&#10;..II. | .....&#10;..II. | .....&#10;..II. | .....&#10;..II. | .....&#10;&#10;step=19, rand=3, actions=&lt;Down&gt;&#10;Want  | Got ✗&#10;-------------&#10;..... | .....&#10;..... | .....&#10;OO... | .IIII&#10;OO... | .....&#10;..... | .....&#10;..II. | .....&#10;..II. | .....&#10;..II. | .....&#10;..II. | .....&#10;&#10;step=20, rand=3, actions=&lt;Down&gt;&#10;Want  | Got ✗&#10;-------------&#10;..... | .....&#10;..... | .....&#10;..... | .IIII&#10;OO... | .....&#10;OO... | .....&#10;..II. | .....&#10;..II. | .....&#10;..II. | .....&#10;..II. | .....&#10;&#10;step=21, rand=3, actions=&lt;Down&gt;&#10;Want  | Got ✗&#10;-------------&#10;..... | .....&#10;..... | .....&#10;..... | .IIII&#10;..... | .....&#10;OO... | .....&#10;OOII. | .....&#10;..II. | .....&#10;..II. | .....&#10;..II. | .....&#10;&#10;step=22, rand=3, actions=&lt;Down&gt;&#10;Want  | Got ✗&#10;-------------&#10;..... | .....&#10;..... | .....&#10;..... | .IIII&#10;..... | .....&#10;..... | .....&#10;OOII. | .....&#10;OOII. | .....&#10;..II. | .....&#10;..II. | .....&#10;&#10;step=23, rand=3, actions=&lt;Down&gt;&#10;Want  | Got ✗&#10;-------------&#10;..... | .....&#10;..... | .....&#10;..... | .IIII&#10;..... | .....&#10;..... | .....&#10;..II. | .....&#10;OOII. | .....&#10;OOII. | .....&#10;..II. | .....&#10;&#10;step=24, rand=3, actions=&lt;Down&gt;&#10;Want  | Got ✗&#10;-------------&#10;..... | .....&#10;..... | .....&#10;..... | .IIII&#10;..... | .....&#10;..... | .....&#10;..II. | .....&#10;..II. | .....&#10;OOII. | .....&#10;OOII. | .....&#10;&#10;step=25, rand=0, actions=&lt;Down&gt;&#10;Want  | Got ✗&#10;-------------&#10;..... | .....&#10;.IIII | .....&#10;..... | .IIII&#10;..... | .....&#10;..... | .....&#10;..II. | .....&#10;..II. | .....&#10;OOII. | .....&#10;OOII. | .....&#10;&#10;step=26, rand=0, actions=&lt;RotateRight&gt;&#10;Want  | Got ✗&#10;-------------&#10;...I. | ..I..&#10;...I. | ..I..&#10;...I. | ..I..&#10;...I. | ..I..&#10;..... | .....&#10;..II. | .....&#10;..II. | .....&#10;OOII. | .....&#10;OOII. | .....&#10;&#10;step=27, rand=0, actions=&lt;Left&gt;&#10;Want  | Got ✗&#10;-------------&#10;..I.. | ..I..&#10;..I.. | ..I..&#10;..I.. | ..I..&#10;..I.. | ..I..&#10;..... | .....&#10;..II. | .....&#10;..II. | .....&#10;OOII. | .....&#10;OOII. | .....&#10;&#10;step=28, rand=0, actions=&lt;Left&gt;&#10;Want  | Got ✗&#10;-------------&#10;.I... | ..I..&#10;.I... | ..I..&#10;.I... | ..I..&#10;.I... | ..I..&#10;..... | .....&#10;..II. | .....&#10;..II. | .....&#10;OOII. | .....&#10;OOII. | .....&#10;&#10;step=29, rand=0, actions=&lt;Left&gt;&#10;Want  | Got ✗&#10;-------------&#10;I.... | ..I..&#10;I.... | ..I..&#10;I.... | ..I..&#10;I.... | ..I..&#10;..... | .....&#10;..II. | .....&#10;..II. | .....&#10;OOII. | .....&#10;OOII. | .....&#10;&#10;step=30, rand=0, actions=&lt;Down&gt;&#10;Want  | Got ✗&#10;-------------&#10;..... | ..I..&#10;I.... | ..I..&#10;I.... | ..I..&#10;I.... | ..I..&#10;I.... | .....&#10;..II. | .....&#10;..II. | .....&#10;OOII. | .....&#10;OOII. | .....&#10;&#10;step=31, rand=0, actions=&lt;Down&gt;&#10;Want  | Got ✗&#10;-------------&#10;..... | ..I..&#10;..... | ..I..&#10;I.... | ..I..&#10;I.... | ..I..&#10;I.... | .....&#10;I.II. | .....&#10;..II. | .....&#10;OOII. | .....&#10;OOII. | .....&#10;&#10;step=32, rand=0, actions=&lt;Down&gt;&#10;Want  | Got ✗&#10;-------------&#10;..... | ..I..&#10;..... | ..I..&#10;..... | ..I..&#10;I.... | ..I..&#10;I.... | .....&#10;I.II. | .....&#10;I.II. | .....&#10;OOII. | .....&#10;OOII. | .....&#10;&#10;step=33, rand=1, actions=&lt;Down&gt;&#10;Want  | Got ✗&#10;-------------&#10;.J... | ..I..&#10;.JJJ. | ..I..&#10;..... | ..I..&#10;I.... | ..I..&#10;I.... | .....&#10;I.II. | .....&#10;I.II. | .....&#10;OOII. | .....&#10;OOII. | .....&#10;&#10;step=34, rand=1, actions=&lt;RotateRight&gt;&#10;Want  | Got ✗&#10;-------------&#10;..JJ. | .....&#10;..J.. | .IIII&#10;..J.. | .....&#10;I.... | .....&#10;I.... | .....&#10;I.II. | .....&#10;I.II. | .....&#10;OOII. | .....&#10;OOII. | .....&#10;&#10;step=35, rand=1, actions=&lt;Left&gt;&#10;Want  | Got ✗&#10;-------------&#10;.JJ.. | .....&#10;.J... | .IIII&#10;.J... | .....&#10;I.... | .....&#10;I.... | .....&#10;I.II. | .....&#10;I.II. | .....&#10;OOII. | .....&#10;OOII. | .....&#10;&#10;step=36, rand=1, actions=&lt;Down&gt;&#10;Want  | Got ✗&#10;-------------&#10;..... | .....&#10;.JJ.. | .IIII&#10;.J... | .....&#10;IJ... | .....&#10;I.... | .....&#10;I.II. | .....&#10;I.II. | .....&#10;OOII. | .....&#10;OOII. | .....&#10;&#10;step=37, rand=1, actions=&lt;Down&gt;&#10;Want  | Got ✗&#10;-------------&#10;..... | .....&#10;..... | .IIII&#10;.JJ.. | .....&#10;IJ... | .....&#10;IJ... | .....&#10;I.II. | .....&#10;I.II. | .....&#10;OOII. | .....&#10;OOII. | .....&#10;&#10;step=38, rand=1, actions=&lt;Down&gt;&#10;Want  | Got ✗&#10;-------------&#10;..... | .....&#10;..... | .IIII&#10;..... | .....&#10;IJJ.. | .....&#10;IJ... | .....&#10;IJII. | .....&#10;I.II. | .....&#10;OOII. | .....&#10;OOII. | .....&#10;&#10;step=39, rand=1, actions=&lt;Down&gt;&#10;Want  | Got ✗&#10;-------------&#10;..... | .....&#10;..... | .IIII&#10;..... | .....&#10;I.... | .....&#10;IJJ.. | .....&#10;IJII. | .....&#10;IJII. | .....&#10;OOII. | .....&#10;OOII. | .....&#10;&#10;step=40, rand=4, actions=&lt;Down&gt;&#10;Want  | Got ✗&#10;-------------&#10;..SS. | .....&#10;.SS.. | .IIII&#10;..... | .....&#10;I.... | .....&#10;IJJ.. | .....&#10;IJII. | .....&#10;IJII. | .....&#10;OOII. | .....&#10;OOII. | .....&#10;&#10;step=41, rand=4, actions=&lt;RotateRight&gt;&#10;Want  | Got ✗&#10;-------------&#10;..S.. | ...I.&#10;..SS. | ...I.&#10;...S. | ...I.&#10;I.... | ...I.&#10;IJJ.. | .....&#10;IJII. | .....&#10;IJII. | .....&#10;OOII. | .....&#10;OOII. | .....&#10;&#10;step=42, rand=4, actions=&lt;Right&gt;&#10;Want  | Got ✗&#10;-------------&#10;...S. | ...I.&#10;...SS | ...I.&#10;....S | ...I.&#10;I.... | ...I.&#10;IJJ.. | .....&#10;IJII. | .....&#10;IJII. | .....&#10;OOII. | .....&#10;OOII. | .....&#10;&#10;step=43, rand=4, actions=&lt;Down&gt;&#10;Want  | Got ✗&#10;-------------&#10;..... | ...I.&#10;...S. | ...I.&#10;...SS | ...I.&#10;I...S | ...I.&#10;IJJ.. | .....&#10;IJII. | .....&#10;IJII. | .....&#10;OOII. | .....&#10;OOII. | .....&#10;&#10;step=44, rand=4, actions=&lt;Down&gt;&#10;Want  | Got ✗&#10;-------------&#10;..... | ...I.&#10;..... | ...I.&#10;...S. | ...I.&#10;I..SS | ...I.&#10;IJJ.S | .....&#10;IJII. | .....&#10;IJII. | .....&#10;OOII. | .....&#10;OOII. | .....&#10;&#10;step=45, rand=4, actions=&lt;Down&gt;&#10;Want  | Got ✗&#10;-------------&#10;..... | ...I.&#10;..... | ...I.&#10;..... | ...I.&#10;I..S. | ...I.&#10;IJJSS | .....&#10;IJIIS | .....&#10;IJII. | .....&#10;OOII. | .....&#10;OOII. | .....&#10;&#10;step=46, rand=2, actions=&lt;Down&gt;&#10;Want  | Got ✗&#10;-------------&#10;...L. | ...I.&#10;.LLL. | ...I.&#10;..... | ...I.&#10;..... | ...I.&#10;..... | .....&#10;I..S. | .....&#10;IJII. | .....&#10;OOII. | .....&#10;OOII. | .....&#10;&#10;step=47, rand=2, actions=&lt;RotateRight&gt;&#10;Want  | Got ✗&#10;-------------&#10;..L.. | .....&#10;..L.. | .....&#10;..LL. | .IIII&#10;..... | .....&#10;..... | .....&#10;I..S. | .....&#10;IJII. | .....&#10;OOII. | .....&#10;OOII. | .....&#10;&#10;step=48, rand=2, actions=&lt;Left&gt;&#10;Want  | Got ✗&#10;-------------&#10;.L... | .....&#10;.L... | .....&#10;.LL.. | .IIII&#10;..... | .....&#10;..... | .....&#10;I..S. | .....&#10;IJII. | .....&#10;OOII. | .....&#10;OOII. | .....&#10;&#10;step=49, rand=2, actions=&lt;Down&gt;&#10;Want  | Got ✗&#10;-------------&#10;..... | .....&#10;.L... | .....&#10;.L... | .IIII&#10;.LL.. | .....&#10;..... | .....&#10;I..S. | .....&#10;IJII. | .....&#10;OOII. | .....&#10;OOII. | .....&#10;&#10;step=50, rand=2, actions=&lt;Down&gt;&#10;Want  | Got ✗&#10;-------------&#10;..... | .....&#10;..... | .....&#10;.L... | .IIII&#10;.L... | .....&#10;.LL.. | .....&#10;I..S. | .....&#10;IJII. | .....&#10;OOII. | .....&#10;OOII. | .....&#10;&#10;step=51, rand=2, actions=&lt;Down&gt;&#10;Want  | Got ✗&#10;-------------&#10;..... | .....&#10;..... | .....&#10;..... | .IIII&#10;.L... | .....&#10;.L... | .....&#10;ILLS. | .....&#10;IJII. | .....&#10;OOII. | .....&#10;OOII. | .....&#10;&#10;step=52, rand=1, actions=&lt;Down&gt;&#10;Want  | Got ✗&#10;-------------&#10;.J... | .....&#10;.JJJ. | .....&#10;..... | .IIII&#10;.L... | .....&#10;.L... | .....&#10;ILLS. | .....&#10;IJII. | .....&#10;OOII. | .....&#10;OOII. | .....&#10;&#10;step=53, rand=1, actions=&lt;RotateRight&gt;&#10;Want  | Got ✗&#10;-------------&#10;..JJ. | ..I..&#10;..J.. | ..I..&#10;..J.. | ..I..&#10;.L... | ..I..&#10;.L... | .....&#10;ILLS. | .....&#10;IJII. | .....&#10;OOII. | .....&#10;OOII. | .....&#10;&#10;step=54, rand=1, actions=&lt;Left&gt;&#10;Want  | Got ✗&#10;-------------&#10;.JJ.. | ..I..&#10;.J... | ..I..&#10;.J... | ..I..&#10;.L... | ..I..&#10;.L... | .....&#10;ILLS. | .....&#10;IJII. | .....&#10;OOII. | .....&#10;OOII. | .....&#10;&#10;step=55, rand=1, actions=&lt;Left&gt;&#10;Want  | Got ✗&#10;-------------&#10;JJ... | ..I..&#10;J.... | ..I..&#10;J.... | ..I..&#10;.L... | ..I..&#10;.L... | .....&#10;ILLS. | .....&#10;IJII. | .....&#10;OOII. | .....&#10;OOII. | .....&#10;&#10;step=56, rand=1, actions=&lt;Down&gt;&#10;Want  | Got ✗&#10;-------------&#10;..... | ..I..&#10;JJ... | ..I..&#10;J.... | ..I..&#10;JL... | ..I..&#10;.L... | .....&#10;ILLS. | .....&#10;IJII. | .....&#10;OOII. | .....&#10;OOII. | .....&#10;&#10;step=57, rand=1, actions=&lt;Down&gt;&#10;Want  | Got ✗&#10;-------------&#10;..... | ..I..&#10;..... | ..I..&#10;JJ... | ..I..&#10;JL... | ..I..&#10;JL... | .....&#10;ILLS. | .....&#10;IJII. | .....&#10;OOII. | .....&#10;OOII. | .....&#10;&#10;step=58, rand=4, actions=&lt;Down&gt;&#10;Want  | Got ✗&#10;-------------&#10;..SS. | ..I..&#10;.SS.. | ..I..&#10;JJ... | ..I..&#10;JL... | ..I..&#10;JL... | .....&#10;ILLS. | .....&#10;IJII. | .....&#10;OOII. | .....&#10;OOII. | .....&#10;&#10;step=59, rand=4, actions=&lt;Right&gt;&#10;Want  | Got ✗&#10;-------------&#10;...SS | ..I..&#10;..SS. | ..I..&#10;JJ... | ..I..&#10;JL... | ..I..&#10;JL... | .....&#10;ILLS. | .....&#10;IJII. | .....&#10;OOII. | .....&#10;OOII. | .....&#10;&#10;step=60, rand=4, actions=&lt;RotateRight&gt;&#10;Want  | Got ✗&#10;-------------&#10;...S. | .....&#10;...SS | .IIII&#10;JJ..S | .....&#10;JL... | .....&#10;JL... | .....&#10;ILLS. | .....&#10;IJII. | .....&#10;OOII. | .....&#10;OOII. | .....&#10;&#10;step=61, rand=4, actions=&lt;Right&gt;&#10;Want  | Got ✗&#10;-------------&#10;...S. | .....&#10;...SS | .IIII&#10;JJ..S | .....&#10;JL... | .....&#10;JL... | .....&#10;ILLS. | .....&#10;IJII. | .....&#10;OOII. | .....&#10;OOII. | .....&#10;&#10;step=62, rand=4, actions=&lt;Down&gt;&#10;Want  | Got ✗&#10;-------------&#10;..... | .....&#10;...S. | .IIII&#10;JJ.SS | .....&#10;JL..S | .....&#10;JL... | .....&#10;ILLS. | .....&#10;IJII. | .....&#10;OOII. | .....&#10;OOII. | .....&#10;&#10;step=63, rand=4, actions=&lt;Down&gt;&#10;Want  | Got ✗&#10;-------------&#10;..... | .....&#10;..... | .IIII&#10;JJ.S. | .....&#10;JL.SS | .....&#10;JL..S | .....&#10;ILLS. | .....&#10;IJII. | .....&#10;OOII. | .....&#10;OOII. | .....&#10;&#10;step=64, rand=4, actions=&lt;Down&gt;&#10;Want  | Got ✗&#10;-------------&#10;..... | .....&#10;..... | .IIII&#10;JJ... | .....&#10;JL.S. | .....&#10;JL.SS | .....&#10;ILLSS | .....&#10;IJII. | .....&#10;OOII. | .....&#10;OOII. | .....&#10;&#10;step=65, rand=6, actions=&lt;Down&gt;&#10;Want  | Got ✗&#10;-------------&#10;.ZZ.. | .....&#10;..ZZ. | .IIII&#10;..... | .....&#10;JJ... | .....&#10;JL.S. | .....&#10;JL.SS | .....&#10;IJII. | .....&#10;OOII. | .....&#10;OOII. | .....&#10;&#10;step=66, rand=6, actions=&lt;Right&gt;&#10;Want  | Got ✗&#10;-------------&#10;..ZZ. | .....&#10;...ZZ | .IIII&#10;..... | .....&#10;JJ... | .....&#10;JL.S. | .....&#10;JL.SS | .....&#10;IJII. | .....&#10;OOII. | .....&#10;OOII. | .....&#10;&#10;step=67, rand=6, actions=&lt;RotateRight&gt;&#10;Want  | Got ✗&#10;-------------&#10;....Z | ...I.&#10;...ZZ | ...I.&#10;...Z. | ...I.&#10;JJ... | ...I.&#10;JL.S. | .....&#10;JL.SS | .....&#10;IJII. | .....&#10;OOII. | .....&#10;OOII. | .....&#10;&#10;step=68, rand=6, actions=&lt;Left&gt;&#10;Want  | Got ✗&#10;-------------&#10;...Z. | ...I.&#10;..ZZ. | ...I.&#10;..Z.. | ...I.&#10;JJ... | ...I.&#10;JL.S. | .....&#10;JL.SS | .....&#10;IJII. | .....&#10;OOII. | .....&#10;OOII. | .....&#10;&#10;step=69, rand=6, actions=&lt;Down&gt;&#10;Want  | Got ✗&#10;-------------&#10;..... | ...I.&#10;...Z. | ...I.&#10;..ZZ. | ...I.&#10;JJZ.. | ...I.&#10;JL.S. | .....&#10;JL.SS | .....&#10;IJII. | .....&#10;OOII. | .....&#10;OOII. | .....&#10;&#10;step=70, rand=6, actions=&lt;Down&gt;&#10;Want  | Got ✗&#10;-------------&#10;..... | ...I.&#10;..... | ...I.&#10;...Z. | ...I.&#10;JJZZ. | ...I.&#10;JLZS. | .....&#10;JL.SS | .....&#10;IJII. | .....&#10;OOII. | .....&#10;OOII. | .....&#10;&#10;step=71, rand=3, actions=&lt;Down&gt;&#10;Want  | Got ✗&#10;-------------&#10;..OO. | ...I.&#10;..OO. | ...I.&#10;...Z. | ...I.&#10;JJZZ. | ...I.&#10;JLZS. | .....&#10;JL.SS | .....&#10;IJII. | .....&#10;OOII. | .....&#10;OOII. | .....&#10;&#10;step=72, rand=3, actions=&lt;Left&gt;&#10;Want  | Got ✗&#10;-------------&#10;.OO.. | ...I.&#10;.OO.. | ...I.&#10;...Z. | ...I.&#10;JJZZ. | ...I.&#10;JLZS. | .....&#10;JL.SS | .....&#10;IJII. | .....&#10;OOII. | .....&#10;OOII. | .....&#10;&#10;step=73, rand=3, actions=&lt;Down&gt;&#10;Want  | Got ✗&#10;-------------&#10;..... | ...I.&#10;.OO.. | ...I.&#10;.OOZ. | ...I.&#10;JJZZ. | ...I.&#10;JLZS. | .....&#10;JL.SS | .....&#10;IJII. | .....&#10;OOII. | .....&#10;OOII. | .....&#10;&#10;step=74, rand=1, actions=&lt;Down&gt;&#10;Want              | Got ✗&#10;-------------------------&#10;GameOverDisplay() | ...I.&#10;                  | ...I.&#10;                  | ...I.&#10;                  | ...I.&#10;                  | .....&#10;                  | .....&#10;                  | .....&#10;                  | .....&#10;                  | .....&#10;&#10;" type="org.scalatest.exceptions.TestFailedException">org.scalatest.exceptions.TestFailedException: didPass was false
--------------------------------------------------------------------------------
This is what went wrong:

step=0, rand=0, actions=&lt;&gt;
Want  | Got ✓
-------------
..... | .....
.IIII | .IIII
..... | .....
..... | .....
..... | .....
..... | .....
..... | .....
..... | .....
..... | .....

step=1, rand=0, actions=&lt;RotateRight&gt;
Want  | Got ✓
-------------
...I. | ...I.
...I. | ...I.
...I. | ...I.
...I. | ...I.
..... | .....
..... | .....
..... | .....
..... | .....
..... | .....

step=2, rand=0, actions=&lt;Down&gt;
Want  | Got ✗
-------------
..... | ...I.
...I. | ...I.
...I. | ...I.
...I. | ...I.
...I. | .....
..... | .....
..... | .....
..... | .....
..... | .....

step=3, rand=0, actions=&lt;Down&gt;
Want  | Got ✗
-------------
..... | ...I.
..... | ...I.
...I. | ...I.
...I. | ...I.
...I. | .....
...I. | .....
..... | .....
..... | .....
..... | .....

step=4, rand=0, actions=&lt;Down&gt;
Want  | Got ✗
-------------
..... | ...I.
..... | ...I.
..... | ...I.
...I. | ...I.
...I. | .....
...I. | .....
...I. | .....
..... | .....
..... | .....

step=5, rand=0, actions=&lt;Down&gt;
Want  | Got ✗
-------------
..... | ...I.
..... | ...I.
..... | ...I.
..... | ...I.
...I. | .....
...I. | .....
...I. | .....
...I. | .....
..... | .....

step=6, rand=0, actions=&lt;Down&gt;
Want  | Got ✗
-------------
..... | ...I.
..... | ...I.
..... | ...I.
..... | ...I.
..... | .....
...I. | .....
...I. | .....
...I. | .....
...I. | .....

step=7, rand=0, actions=&lt;Down&gt;
Want  | Got ✗
-------------
..... | ...I.
.IIII | ...I.
..... | ...I.
..... | ...I.
..... | .....
...I. | .....
...I. | .....
...I. | .....
...I. | .....

step=8, rand=0, actions=&lt;RotateRight&gt;
Want  | Got ✗
-------------
...I. | .....
...I. | .....
...I. | .IIII
...I. | .....
..... | .....
...I. | .....
...I. | .....
...I. | .....
...I. | .....

step=9, rand=0, actions=&lt;Left&gt;
Want  | Got ✗
-------------
..I.. | .....
..I.. | .....
..I.. | .IIII
..I.. | .....
..... | .....
...I. | .....
...I. | .....
...I. | .....
...I. | .....

step=10, rand=0, actions=&lt;Down&gt;
Want  | Got ✗
-------------
..... | .....
..I.. | .....
..I.. | .IIII
..I.. | .....
..I.. | .....
...I. | .....
...I. | .....
...I. | .....
...I. | .....

step=11, rand=0, actions=&lt;Down&gt;
Want  | Got ✗
-------------
..... | .....
..... | .....
..I.. | .IIII
..I.. | .....
..I.. | .....
..II. | .....
...I. | .....
...I. | .....
...I. | .....

step=12, rand=0, actions=&lt;Down&gt;
Want  | Got ✗
-------------
..... | .....
..... | .....
..... | .IIII
..I.. | .....
..I.. | .....
..II. | .....
..II. | .....
...I. | .....
...I. | .....

step=13, rand=0, actions=&lt;Down&gt;
Want  | Got ✗
-------------
..... | .....
..... | .....
..... | .IIII
..... | .....
..I.. | .....
..II. | .....
..II. | .....
..II. | .....
...I. | .....

step=14, rand=0, actions=&lt;Down&gt;
Want  | Got ✗
-------------
..... | .....
..... | .....
..... | .IIII
..... | .....
..... | .....
..II. | .....
..II. | .....
..II. | .....
..II. | .....

step=15, rand=3, actions=&lt;Down&gt;
Want  | Got ✗
-------------
..OO. | .....
..OO. | .....
..... | .IIII
..... | .....
..... | .....
..II. | .....
..II. | .....
..II. | .....
..II. | .....

step=16, rand=3, actions=&lt;Left&gt;
Want  | Got ✗
-------------
.OO.. | .....
.OO.. | .....
..... | .IIII
..... | .....
..... | .....
..II. | .....
..II. | .....
..II. | .....
..II. | .....

step=17, rand=3, actions=&lt;Left&gt;
Want  | Got ✗
-------------
OO... | .....
OO... | .....
..... | .IIII
..... | .....
..... | .....
..II. | .....
..II. | .....
..II. | .....
..II. | .....

step=18, rand=3, actions=&lt;Down&gt;
Want  | Got ✗
-------------
..... | .....
OO... | .....
OO... | .IIII
..... | .....
..... | .....
..II. | .....
..II. | .....
..II. | .....
..II. | .....

step=19, rand=3, actions=&lt;Down&gt;
Want  | Got ✗
-------------
..... | .....
..... | .....
OO... | .IIII
OO... | .....
..... | .....
..II. | .....
..II. | .....
..II. | .....
..II. | .....

step=20, rand=3, actions=&lt;Down&gt;
Want  | Got ✗
-------------
..... | .....
..... | .....
..... | .IIII
OO... | .....
OO... | .....
..II. | .....
..II. | .....
..II. | .....
..II. | .....

step=21, rand=3, actions=&lt;Down&gt;
Want  | Got ✗
-------------
..... | .....
..... | .....
..... | .IIII
..... | .....
OO... | .....
OOII. | .....
..II. | .....
..II. | .....
..II. | .....

step=22, rand=3, actions=&lt;Down&gt;
Want  | Got ✗
-------------
..... | .....
..... | .....
..... | .IIII
..... | .....
..... | .....
OOII. | .....
OOII. | .....
..II. | .....
..II. | .....

step=23, rand=3, actions=&lt;Down&gt;
Want  | Got ✗
-------------
..... | .....
..... | .....
..... | .IIII
..... | .....
..... | .....
..II. | .....
OOII. | .....
OOII. | .....
..II. | .....

step=24, rand=3, actions=&lt;Down&gt;
Want  | Got ✗
-------------
..... | .....
..... | .....
..... | .IIII
..... | .....
..... | .....
..II. | .....
..II. | .....
OOII. | .....
OOII. | .....

step=25, rand=0, actions=&lt;Down&gt;
Want  | Got ✗
-------------
..... | .....
.IIII | .....
..... | .IIII
..... | .....
..... | .....
..II. | .....
..II. | .....
OOII. | .....
OOII. | .....

step=26, rand=0, actions=&lt;RotateRight&gt;
Want  | Got ✗
-------------
...I. | ..I..
...I. | ..I..
...I. | ..I..
...I. | ..I..
..... | .....
..II. | .....
..II. | .....
OOII. | .....
OOII. | .....

step=27, rand=0, actions=&lt;Left&gt;
Want  | Got ✗
-------------
..I.. | ..I..
..I.. | ..I..
..I.. | ..I..
..I.. | ..I..
..... | .....
..II. | .....
..II. | .....
OOII. | .....
OOII. | .....

step=28, rand=0, actions=&lt;Left&gt;
Want  | Got ✗
-------------
.I... | ..I..
.I... | ..I..
.I... | ..I..
.I... | ..I..
..... | .....
..II. | .....
..II. | .....
OOII. | .....
OOII. | .....

step=29, rand=0, actions=&lt;Left&gt;
Want  | Got ✗
-------------
I.... | ..I..
I.... | ..I..
I.... | ..I..
I.... | ..I..
..... | .....
..II. | .....
..II. | .....
OOII. | .....
OOII. | .....

step=30, rand=0, actions=&lt;Down&gt;
Want  | Got ✗
-------------
..... | ..I..
I.... | ..I..
I.... | ..I..
I.... | ..I..
I.... | .....
..II. | .....
..II. | .....
OOII. | .....
OOII. | .....

step=31, rand=0, actions=&lt;Down&gt;
Want  | Got ✗
-------------
..... | ..I..
..... | ..I..
I.... | ..I..
I.... | ..I..
I.... | .....
I.II. | .....
..II. | .....
OOII. | .....
OOII. | .....

step=32, rand=0, actions=&lt;Down&gt;
Want  | Got ✗
-------------
..... | ..I..
..... | ..I..
..... | ..I..
I.... | ..I..
I.... | .....
I.II. | .....
I.II. | .....
OOII. | .....
OOII. | .....

step=33, rand=1, actions=&lt;Down&gt;
Want  | Got ✗
-------------
.J... | ..I..
.JJJ. | ..I..
..... | ..I..
I.... | ..I..
I.... | .....
I.II. | .....
I.II. | .....
OOII. | .....
OOII. | .....

step=34, rand=1, actions=&lt;RotateRight&gt;
Want  | Got ✗
-------------
..JJ. | .....
..J.. | .IIII
..J.. | .....
I.... | .....
I.... | .....
I.II. | .....
I.II. | .....
OOII. | .....
OOII. | .....

step=35, rand=1, actions=&lt;Left&gt;
Want  | Got ✗
-------------
.JJ.. | .....
.J... | .IIII
.J... | .....
I.... | .....
I.... | .....
I.II. | .....
I.II. | .....
OOII. | .....
OOII. | .....

step=36, rand=1, actions=&lt;Down&gt;
Want  | Got ✗
-------------
..... | .....
.JJ.. | .IIII
.J... | .....
IJ... | .....
I.... | .....
I.II. | .....
I.II. | .....
OOII. | .....
OOII. | .....

step=37, rand=1, actions=&lt;Down&gt;
Want  | Got ✗
-------------
..... | .....
..... | .IIII
.JJ.. | .....
IJ... | .....
IJ... | .....
I.II. | .....
I.II. | .....
OOII. | .....
OOII. | .....

step=38, rand=1, actions=&lt;Down&gt;
Want  | Got ✗
-------------
..... | .....
..... | .IIII
..... | .....
IJJ.. | .....
IJ... | .....
IJII. | .....
I.II. | .....
OOII. | .....
OOII. | .....

step=39, rand=1, actions=&lt;Down&gt;
Want  | Got ✗
-------------
..... | .....
..... | .IIII
..... | .....
I.... | .....
IJJ.. | .....
IJII. | .....
IJII. | .....
OOII. | .....
OOII. | .....

step=40, rand=4, actions=&lt;Down&gt;
Want  | Got ✗
-------------
..SS. | .....
.SS.. | .IIII
..... | .....
I.... | .....
IJJ.. | .....
IJII. | .....
IJII. | .....
OOII. | .....
OOII. | .....

step=41, rand=4, actions=&lt;RotateRight&gt;
Want  | Got ✗
-------------
..S.. | ...I.
..SS. | ...I.
...S. | ...I.
I.... | ...I.
IJJ.. | .....
IJII. | .....
IJII. | .....
OOII. | .....
OOII. | .....

step=42, rand=4, actions=&lt;Right&gt;
Want  | Got ✗
-------------
...S. | ...I.
...SS | ...I.
....S | ...I.
I.... | ...I.
IJJ.. | .....
IJII. | .....
IJII. | .....
OOII. | .....
OOII. | .....

step=43, rand=4, actions=&lt;Down&gt;
Want  | Got ✗
-------------
..... | ...I.
...S. | ...I.
...SS | ...I.
I...S | ...I.
IJJ.. | .....
IJII. | .....
IJII. | .....
OOII. | .....
OOII. | .....

step=44, rand=4, actions=&lt;Down&gt;
Want  | Got ✗
-------------
..... | ...I.
..... | ...I.
...S. | ...I.
I..SS | ...I.
IJJ.S | .....
IJII. | .....
IJII. | .....
OOII. | .....
OOII. | .....

step=45, rand=4, actions=&lt;Down&gt;
Want  | Got ✗
-------------
..... | ...I.
..... | ...I.
..... | ...I.
I..S. | ...I.
IJJSS | .....
IJIIS | .....
IJII. | .....
OOII. | .....
OOII. | .....

step=46, rand=2, actions=&lt;Down&gt;
Want  | Got ✗
-------------
...L. | ...I.
.LLL. | ...I.
..... | ...I.
..... | ...I.
..... | .....
I..S. | .....
IJII. | .....
OOII. | .....
OOII. | .....

step=47, rand=2, actions=&lt;RotateRight&gt;
Want  | Got ✗
-------------
..L.. | .....
..L.. | .....
..LL. | .IIII
..... | .....
..... | .....
I..S. | .....
IJII. | .....
OOII. | .....
OOII. | .....

step=48, rand=2, actions=&lt;Left&gt;
Want  | Got ✗
-------------
.L... | .....
.L... | .....
.LL.. | .IIII
..... | .....
..... | .....
I..S. | .....
IJII. | .....
OOII. | .....
OOII. | .....

step=49, rand=2, actions=&lt;Down&gt;
Want  | Got ✗
-------------
..... | .....
.L... | .....
.L... | .IIII
.LL.. | .....
..... | .....
I..S. | .....
IJII. | .....
OOII. | .....
OOII. | .....

step=50, rand=2, actions=&lt;Down&gt;
Want  | Got ✗
-------------
..... | .....
..... | .....
.L... | .IIII
.L... | .....
.LL.. | .....
I..S. | .....
IJII. | .....
OOII. | .....
OOII. | .....

step=51, rand=2, actions=&lt;Down&gt;
Want  | Got ✗
-------------
..... | .....
..... | .....
..... | .IIII
.L... | .....
.L... | .....
ILLS. | .....
IJII. | .....
OOII. | .....
OOII. | .....

step=52, rand=1, actions=&lt;Down&gt;
Want  | Got ✗
-------------
.J... | .....
.JJJ. | .....
..... | .IIII
.L... | .....
.L... | .....
ILLS. | .....
IJII. | .....
OOII. | .....
OOII. | .....

step=53, rand=1, actions=&lt;RotateRight&gt;
Want  | Got ✗
-------------
..JJ. | ..I..
..J.. | ..I..
..J.. | ..I..
.L... | ..I..
.L... | .....
ILLS. | .....
IJII. | .....
OOII. | .....
OOII. | .....

step=54, rand=1, actions=&lt;Left&gt;
Want  | Got ✗
-------------
.JJ.. | ..I..
.J... | ..I..
.J... | ..I..
.L... | ..I..
.L... | .....
ILLS. | .....
IJII. | .....
OOII. | .....
OOII. | .....

step=55, rand=1, actions=&lt;Left&gt;
Want  | Got ✗
-------------
JJ... | ..I..
J.... | ..I..
J.... | ..I..
.L... | ..I..
.L... | .....
ILLS. | .....
IJII. | .....
OOII. | .....
OOII. | .....

step=56, rand=1, actions=&lt;Down&gt;
Want  | Got ✗
-------------
..... | ..I..
JJ... | ..I..
J.... | ..I..
JL... | ..I..
.L... | .....
ILLS. | .....
IJII. | .....
OOII. | .....
OOII. | .....

step=57, rand=1, actions=&lt;Down&gt;
Want  | Got ✗
-------------
..... | ..I..
..... | ..I..
JJ... | ..I..
JL... | ..I..
JL... | .....
ILLS. | .....
IJII. | .....
OOII. | .....
OOII. | .....

step=58, rand=4, actions=&lt;Down&gt;
Want  | Got ✗
-------------
..SS. | ..I..
.SS.. | ..I..
JJ... | ..I..
JL... | ..I..
JL... | .....
ILLS. | .....
IJII. | .....
OOII. | .....
OOII. | .....

step=59, rand=4, actions=&lt;Right&gt;
Want  | Got ✗
-------------
...SS | ..I..
..SS. | ..I..
JJ... | ..I..
JL... | ..I..
JL... | .....
ILLS. | .....
IJII. | .....
OOII. | .....
OOII. | .....

step=60, rand=4, actions=&lt;RotateRight&gt;
Want  | Got ✗
-------------
...S. | .....
...SS | .IIII
JJ..S | .....
JL... | .....
JL... | .....
ILLS. | .....
IJII. | .....
OOII. | .....
OOII. | .....

step=61, rand=4, actions=&lt;Right&gt;
Want  | Got ✗
-------------
...S. | .....
...SS | .IIII
JJ..S | .....
JL... | .....
JL... | .....
ILLS. | .....
IJII. | .....
OOII. | .....
OOII. | .....

step=62, rand=4, actions=&lt;Down&gt;
Want  | Got ✗
-------------
..... | .....
...S. | .IIII
JJ.SS | .....
JL..S | .....
JL... | .....
ILLS. | .....
IJII. | .....
OOII. | .....
OOII. | .....

step=63, rand=4, actions=&lt;Down&gt;
Want  | Got ✗
-------------
..... | .....
..... | .IIII
JJ.S. | .....
JL.SS | .....
JL..S | .....
ILLS. | .....
IJII. | .....
OOII. | .....
OOII. | .....

step=64, rand=4, actions=&lt;Down&gt;
Want  | Got ✗
-------------
..... | .....
..... | .IIII
JJ... | .....
JL.S. | .....
JL.SS | .....
ILLSS | .....
IJII. | .....
OOII. | .....
OOII. | .....

step=65, rand=6, actions=&lt;Down&gt;
Want  | Got ✗
-------------
.ZZ.. | .....
..ZZ. | .IIII
..... | .....
JJ... | .....
JL.S. | .....
JL.SS | .....
IJII. | .....
OOII. | .....
OOII. | .....

step=66, rand=6, actions=&lt;Right&gt;
Want  | Got ✗
-------------
..ZZ. | .....
...ZZ | .IIII
..... | .....
JJ... | .....
JL.S. | .....
JL.SS | .....
IJII. | .....
OOII. | .....
OOII. | .....

step=67, rand=6, actions=&lt;RotateRight&gt;
Want  | Got ✗
-------------
....Z | ...I.
...ZZ | ...I.
...Z. | ...I.
JJ... | ...I.
JL.S. | .....
JL.SS | .....
IJII. | .....
OOII. | .....
OOII. | .....

step=68, rand=6, actions=&lt;Left&gt;
Want  | Got ✗
-------------
...Z. | ...I.
..ZZ. | ...I.
..Z.. | ...I.
JJ... | ...I.
JL.S. | .....
JL.SS | .....
IJII. | .....
OOII. | .....
OOII. | .....

step=69, rand=6, actions=&lt;Down&gt;
Want  | Got ✗
-------------
..... | ...I.
...Z. | ...I.
..ZZ. | ...I.
JJZ.. | ...I.
JL.S. | .....
JL.SS | .....
IJII. | .....
OOII. | .....
OOII. | .....

step=70, rand=6, actions=&lt;Down&gt;
Want  | Got ✗
-------------
..... | ...I.
..... | ...I.
...Z. | ...I.
JJZZ. | ...I.
JLZS. | .....
JL.SS | .....
IJII. | .....
OOII. | .....
OOII. | .....

step=71, rand=3, actions=&lt;Down&gt;
Want  | Got ✗
-------------
..OO. | ...I.
..OO. | ...I.
...Z. | ...I.
JJZZ. | ...I.
JLZS. | .....
JL.SS | .....
IJII. | .....
OOII. | .....
OOII. | .....

step=72, rand=3, actions=&lt;Left&gt;
Want  | Got ✗
-------------
.OO.. | ...I.
.OO.. | ...I.
...Z. | ...I.
JJZZ. | ...I.
JLZS. | .....
JL.SS | .....
IJII. | .....
OOII. | .....
OOII. | .....

step=73, rand=3, actions=&lt;Down&gt;
Want  | Got ✗
-------------
..... | ...I.
.OO.. | ...I.
.OOZ. | ...I.
JJZZ. | ...I.
JLZS. | .....
JL.SS | .....
IJII. | .....
OOII. | .....
OOII. | .....

step=74, rand=1, actions=&lt;Down&gt;
Want              | Got ✗
-------------------------
GameOverDisplay() | ...I.
                  | ...I.
                  | ...I.
                  | ...I.
                  | .....
                  | .....
                  | .....
                  | .....
                  | .....


	at org.scalatest.Assertions.newAssertionFailedException(Assertions.scala:530)
	at org.scalatest.Assertions.newAssertionFailedException$(Assertions.scala:529)
	at org.scalatest.FunSuite.newAssertionFailedException(FunSuite.scala:1560)
	at org.scalatest.Assertions$AssertionsHelper.macroAssert(Assertions.scala:503)
	at generic.GameTestSuite.checkGame(GameTestSuite.scala:298)
	at tetris.TetrisTestSuiteBase.checkGame(TetrisTestSuiteBase.scala:103)
	at tetris.FullGameTests.$anonfun$new$1(FullGameTests.scala:5740)
	at scala.runtime.java8.JFunction0$mcV$sp.apply(JFunction0$mcV$sp.scala:18)
	at infrastructure.TestBase.$anonfun$test$1(TestBase.scala:36)
	at org.scalatest.OutcomeOf.outcomeOf(OutcomeOf.scala:85)
	at org.scalatest.OutcomeOf.outcomeOf$(OutcomeOf.scala:83)
	at org.scalatest.OutcomeOf$.outcomeOf(OutcomeOf.scala:104)
	at org.scalatest.Transformer.apply(Transformer.scala:22)
	at org.scalatest.Transformer.apply(Transformer.scala:20)
	at org.scalatest.FunSuiteLike$$anon$1.apply(FunSuiteLike.scala:186)
	at org.scalatest.TestSuite.withFixture(TestSuite.scala:196)
	at org.scalatest.TestSuite.withFixture$(TestSuite.scala:195)
	at infrastructure.TestBase.org$scalatest$concurrent$TimeLimitedTests$$super$withFixture(TestBase.scala:9)
	at org.scalatest.concurrent.TimeLimitedTests.$anonfun$withFixture$3(TimeLimitedTests.scala:154)
	at org.scalatest.enablers.Timed$$anon$1.timeoutAfter(Timed.scala:127)
	at org.scalatest.concurrent.TimeLimits.failAfterImpl(TimeLimits.scala:239)
	at org.scalatest.concurrent.TimeLimits.failAfterImpl$(TimeLimits.scala:233)
	at org.scalatest.concurrent.TimeLimits$.failAfterImpl(TimeLimits.scala:305)
	at org.scalatest.concurrent.TimeLimitedTests.withFixture(TimeLimitedTests.scala:153)
	at org.scalatest.concurrent.TimeLimitedTests.withFixture$(TimeLimitedTests.scala:150)
	at infrastructure.TestBase.withFixture(TestBase.scala:9)
	at org.scalatest.FunSuiteLike.invokeWithFixture$1(FunSuiteLike.scala:184)
	at org.scalatest.FunSuiteLike.$anonfun$runTest$1(FunSuiteLike.scala:196)
	at org.scalatest.SuperEngine.runTestImpl(Engine.scala:286)
	at org.scalatest.FunSuiteLike.runTest(FunSuiteLike.scala:196)
	at org.scalatest.FunSuiteLike.runTest$(FunSuiteLike.scala:178)
	at org.scalatest.FunSuite.runTest(FunSuite.scala:1560)
	at org.scalatest.FunSuiteLike.$anonfun$runTests$1(FunSuiteLike.scala:229)
	at org.scalatest.SuperEngine.$anonfun$runTestsInBranch$1(Engine.scala:393)
	at scala.collection.immutable.List.foreach(List.scala:333)
	at org.scalatest.SuperEngine.traverseSubNodes$1(Engine.scala:381)
	at org.scalatest.SuperEngine.runTestsInBranch(Engine.scala:376)
	at org.scalatest.SuperEngine.runTestsImpl(Engine.scala:458)
	at org.scalatest.FunSuiteLike.runTests(FunSuiteLike.scala:229)
	at org.scalatest.FunSuiteLike.runTests$(FunSuiteLike.scala:228)
	at org.scalatest.FunSuite.runTests(FunSuite.scala:1560)
	at org.scalatest.Suite.run(Suite.scala:1124)
	at org.scalatest.Suite.run$(Suite.scala:1106)
	at org.scalatest.FunSuite.org$scalatest$FunSuiteLike$$super$run(FunSuite.scala:1560)
	at org.scalatest.FunSuiteLike.$anonfun$run$1(FunSuiteLike.scala:233)
	at org.scalatest.SuperEngine.runImpl(Engine.scala:518)
	at org.scalatest.FunSuiteLike.run(FunSuiteLike.scala:233)
	at org.scalatest.FunSuiteLike.run$(FunSuiteLike.scala:232)
	at infrastructure.TestBase.run(TestBase.scala:26)
	at org.scalatest.Suite.callExecuteOnSuite$1(Suite.scala:1187)
	at org.scalatest.Suite.$anonfun$runNestedSuites$1(Suite.scala:1234)
	at scala.collection.ArrayOps$.foreach$extension(ArrayOps.scala:1323)
	at org.scalatest.Suite.runNestedSuites(Suite.scala:1232)
	at org.scalatest.Suite.runNestedSuites$(Suite.scala:1166)
	at org.scalatest.Suites.runNestedSuites(Suites.scala:56)
	at org.scalatest.Suite.run(Suite.scala:1121)
	at org.scalatest.Suite.run$(Suite.scala:1106)
	at tetris.TetrisTestSuitesBase.runDirect(TetrisTestSuitesBase.scala:20)
	at tetris.TetrisTestSuitesBase.runWithScoreCounter(TetrisTestSuitesBase.scala:14)
	at tetris.TetrisTestSuite3.run(TetrisTestSuite3.scala:25)
	at org.scalatestplus.junit.JUnitRunner.run(JUnitRunner.scala:99)
	at org.junit.runner.JUnitCore.run(JUnitCore.java:137)
	at org.junit.runner.JUnitCore.run(JUnitCore.java:115)
	at org.junit.vintage.engine.execution.RunnerExecutor.execute(RunnerExecutor.java:43)
	at java.util.stream.ForEachOps$ForEachOp$OfRef.accept(ForEachOps.java:183)
	at java.util.stream.ReferencePipeline$3$1.accept(ReferencePipeline.java:193)
	at java.util.Iterator.forEachRemaining(Iterator.java:116)
	at java.util.Spliterators$IteratorSpliterator.forEachRemaining(Spliterators.java:1801)
	at java.util.stream.AbstractPipeline.copyInto(AbstractPipeline.java:482)
	at java.util.stream.AbstractPipeline.wrapAndCopyInto(AbstractPipeline.java:472)
	at java.util.stream.ForEachOps$ForEachOp.evaluateSequential(ForEachOps.java:150)
	at java.util.stream.ForEachOps$ForEachOp$OfRef.evaluateSequential(ForEachOps.java:173)
	at java.util.stream.AbstractPipeline.evaluate(AbstractPipeline.java:234)
	at java.util.stream.ReferencePipeline.forEach(ReferencePipeline.java:485)
	at org.junit.vintage.engine.VintageTestEngine.executeAllChildren(VintageTestEngine.java:82)
	at org.junit.vintage.engine.VintageTestEngine.execute(VintageTestEngine.java:73)
	at org.junit.platform.launcher.core.DefaultLauncher.execute(DefaultLauncher.java:220)
	at org.junit.platform.launcher.core.DefaultLauncher.lambda$execute$6(DefaultLauncher.java:188)
	at org.junit.platform.launcher.core.DefaultLauncher.withInterceptedStreams(DefaultLauncher.java:202)
	at org.junit.platform.launcher.core.DefaultLauncher.execute(DefaultLauncher.java:181)
	at org.junit.platform.launcher.core.DefaultLauncher.execute(DefaultLauncher.java:128)
	at org.gradle.api.internal.tasks.testing.junitplatform.JUnitPlatformTestClassProcessor$CollectAllTestClassesExecutor.processAllTestClasses(JUnitPlatformTestClassProcessor.java:102)
	at org.gradle.api.internal.tasks.testing.junitplatform.JUnitPlatformTestClassProcessor$CollectAllTestClassesExecutor.access$000(JUnitPlatformTestClassProcessor.java:82)
	at org.gradle.api.internal.tasks.testing.junitplatform.JUnitPlatformTestClassProcessor.stop(JUnitPlatformTestClassProcessor.java:78)
	at org.gradle.api.internal.tasks.testing.SuiteTestClassProcessor.stop(SuiteTestClassProcessor.java:61)
	at sun.reflect.NativeMethodAccessorImpl.invoke0(Native Method)
	at sun.reflect.NativeMethodAccessorImpl.invoke(NativeMethodAccessorImpl.java:62)
	at sun.reflect.DelegatingMethodAccessorImpl.invoke(DelegatingMethodAccessorImpl.java:43)
	at java.lang.reflect.Method.invoke(Method.java:498)
	at org.gradle.internal.dispatch.ReflectionDispatch.dispatch(ReflectionDispatch.java:35)
	at org.gradle.internal.dispatch.ReflectionDispatch.dispatch(ReflectionDispatch.java:24)
	at org.gradle.internal.dispatch.ContextClassLoaderDispatch.dispatch(ContextClassLoaderDispatch.java:32)
	at org.gradle.internal.dispatch.ProxyDispatchAdapter$DispatchingInvocationHandler.invoke(ProxyDispatchAdapter.java:93)
	at com.sun.proxy.$Proxy2.stop(Unknown Source)
	at org.gradle.api.internal.tasks.testing.worker.TestWorker.stop(TestWorker.java:132)
	at sun.reflect.NativeMethodAccessorImpl.invoke0(Native Method)
	at sun.reflect.NativeMethodAccessorImpl.invoke(NativeMethodAccessorImpl.java:62)
	at sun.reflect.DelegatingMethodAccessorImpl.invoke(DelegatingMethodAccessorImpl.java:43)
	at java.lang.reflect.Method.invoke(Method.java:498)
	at org.gradle.internal.dispatch.ReflectionDispatch.dispatch(ReflectionDispatch.java:35)
	at org.gradle.internal.dispatch.ReflectionDispatch.dispatch(ReflectionDispatch.java:24)
	at org.gradle.internal.remote.internal.hub.MessageHubBackedObjectConnection$DispatchWrapper.dispatch(MessageHubBackedObjectConnection.java:175)
	at org.gradle.internal.remote.internal.hub.MessageHubBackedObjectConnection$DispatchWrapper.dispatch(MessageHubBackedObjectConnection.java:157)
	at org.gradle.internal.remote.internal.hub.MessageHub$Handler.run(MessageHub.java:404)
	at org.gradle.internal.concurrent.ExecutorPolicy$CatchAndRecordFailures.onExecute(ExecutorPolicy.java:63)
	at org.gradle.internal.concurrent.ManagedExecutorImpl$1.run(ManagedExecutorImpl.java:46)
	at java.util.concurrent.ThreadPoolExecutor.runWorker(ThreadPoolExecutor.java:1149)
	at java.util.concurrent.ThreadPoolExecutor$Worker.run(ThreadPoolExecutor.java:624)
	at org.gradle.internal.concurrent.ThreadFactoryImpl$ManagedThreadRunnable.run(ThreadFactoryImpl.java:55)
	at java.lang.Thread.run(Thread.java:748)
</failure>
  </testcase>
  <testcase name="testGame8x11" classname="tetris.FullGameTests" time="0.031">
    <failure message="org.scalatest.exceptions.TestFailedException: didPass was false&#10;--------------------------------------------------------------------------------&#10;This is what went wrong:&#10;&#10;step=0, rand=2, actions=&lt;&gt;&#10;Want     | Got ✗   &#10;-------------------&#10;....L... | ...LL...&#10;..LLL... | ...L....&#10;........ | ...L....&#10;........ | ........&#10;........ | ........&#10;........ | ........&#10;........ | ........&#10;........ | ........&#10;........ | ........&#10;........ | ........&#10;........ | ........&#10;&#10;step=1, rand=2, actions=&lt;Right&gt;&#10;Want     | Got ✗   &#10;-------------------&#10;.....L.. | ...LL...&#10;...LLL.. | ...L....&#10;........ | ...L....&#10;........ | ........&#10;........ | ........&#10;........ | ........&#10;........ | ........&#10;........ | ........&#10;........ | ........&#10;........ | ........&#10;........ | ........&#10;&#10;step=2, rand=2, actions=&lt;Right&gt;&#10;Want     | Got ✗   &#10;-------------------&#10;......L. | ...LL...&#10;....LLL. | ...L....&#10;........ | ...L....&#10;........ | ........&#10;........ | ........&#10;........ | ........&#10;........ | ........&#10;........ | ........&#10;........ | ........&#10;........ | ........&#10;........ | ........&#10;&#10;step=3, rand=2, actions=&lt;Down&gt;&#10;Want     | Got ✗   &#10;-------------------&#10;........ | ...LL...&#10;......L. | ...L....&#10;....LLL. | ...L....&#10;........ | ........&#10;........ | ........&#10;........ | ........&#10;........ | ........&#10;........ | ........&#10;........ | ........&#10;........ | ........&#10;........ | ........&#10;&#10;step=4, rand=2, actions=&lt;Down&gt;&#10;Want     | Got ✗   &#10;-------------------&#10;........ | ...LL...&#10;........ | ...L....&#10;......L. | ...L....&#10;....LLL. | ........&#10;........ | ........&#10;........ | ........&#10;........ | ........&#10;........ | ........&#10;........ | ........&#10;........ | ........&#10;........ | ........&#10;&#10;step=5, rand=2, actions=&lt;Down&gt;&#10;Want     | Got ✗   &#10;-------------------&#10;........ | ...LL...&#10;........ | ...L....&#10;........ | ...L....&#10;......L. | ........&#10;....LLL. | ........&#10;........ | ........&#10;........ | ........&#10;........ | ........&#10;........ | ........&#10;........ | ........&#10;........ | ........&#10;&#10;step=6, rand=2, actions=&lt;Down&gt;&#10;Want     | Got ✗   &#10;-------------------&#10;........ | ...LL...&#10;........ | ...L....&#10;........ | ...L....&#10;........ | ........&#10;......L. | ........&#10;....LLL. | ........&#10;........ | ........&#10;........ | ........&#10;........ | ........&#10;........ | ........&#10;........ | ........&#10;&#10;step=7, rand=2, actions=&lt;Down&gt;&#10;Want     | Got ✗   &#10;-------------------&#10;........ | ...LL...&#10;........ | ...L....&#10;........ | ...L....&#10;........ | ........&#10;........ | ........&#10;......L. | ........&#10;....LLL. | ........&#10;........ | ........&#10;........ | ........&#10;........ | ........&#10;........ | ........&#10;&#10;step=8, rand=2, actions=&lt;Down&gt;&#10;Want     | Got ✗   &#10;-------------------&#10;........ | ...LL...&#10;........ | ...L....&#10;........ | ...L....&#10;........ | ........&#10;........ | ........&#10;........ | ........&#10;......L. | ........&#10;....LLL. | ........&#10;........ | ........&#10;........ | ........&#10;........ | ........&#10;&#10;step=9, rand=2, actions=&lt;Down&gt;&#10;Want     | Got ✗   &#10;-------------------&#10;........ | ...LL...&#10;........ | ...L....&#10;........ | ...L....&#10;........ | ........&#10;........ | ........&#10;........ | ........&#10;........ | ........&#10;......L. | ........&#10;....LLL. | ........&#10;........ | ........&#10;........ | ........&#10;&#10;step=10, rand=2, actions=&lt;Down&gt;&#10;Want     | Got ✗   &#10;-------------------&#10;........ | ...LL...&#10;........ | ...L....&#10;........ | ...L....&#10;........ | ........&#10;........ | ........&#10;........ | ........&#10;........ | ........&#10;........ | ........&#10;......L. | ........&#10;....LLL. | ........&#10;........ | ........&#10;&#10;step=11, rand=2, actions=&lt;Down&gt;&#10;Want     | Got ✗   &#10;-------------------&#10;........ | ...LL...&#10;........ | ...L....&#10;........ | ...L....&#10;........ | ........&#10;........ | ........&#10;........ | ........&#10;........ | ........&#10;........ | ........&#10;........ | ........&#10;......L. | ........&#10;....LLL. | ........&#10;&#10;step=12, rand=6, actions=&lt;Down&gt;&#10;Want     | Got ✗   &#10;-------------------&#10;..ZZ.... | ...LL...&#10;...ZZ... | ...L....&#10;........ | ...L....&#10;........ | ........&#10;........ | ........&#10;........ | ........&#10;........ | ........&#10;........ | ........&#10;........ | ........&#10;......L. | ........&#10;....LLL. | ........&#10;&#10;step=13, rand=6, actions=&lt;RotateRight&gt;&#10;Want     | Got ✗   &#10;-------------------&#10;....Z... | ........&#10;...ZZ... | ..LLL...&#10;...Z.... | ....L...&#10;........ | ........&#10;........ | ........&#10;........ | ........&#10;........ | ........&#10;........ | ........&#10;........ | ........&#10;......L. | ........&#10;....LLL. | ........&#10;&#10;step=14, rand=6, actions=&lt;Down&gt;&#10;Want     | Got ✗   &#10;-------------------&#10;........ | ........&#10;....Z... | ..LLL...&#10;...ZZ... | ....L...&#10;...Z.... | ........&#10;........ | ........&#10;........ | ........&#10;........ | ........&#10;........ | ........&#10;........ | ........&#10;......L. | ........&#10;....LLL. | ........&#10;&#10;step=15, rand=6, actions=&lt;Down&gt;&#10;Want     | Got ✗   &#10;-------------------&#10;........ | ........&#10;........ | ..LLL...&#10;....Z... | ....L...&#10;...ZZ... | ........&#10;...Z.... | ........&#10;........ | ........&#10;........ | ........&#10;........ | ........&#10;........ | ........&#10;......L. | ........&#10;....LLL. | ........&#10;&#10;step=16, rand=6, actions=&lt;Down&gt;&#10;Want     | Got ✗   &#10;-------------------&#10;........ | ........&#10;........ | ..LLL...&#10;........ | ....L...&#10;....Z... | ........&#10;...ZZ... | ........&#10;...Z.... | ........&#10;........ | ........&#10;........ | ........&#10;........ | ........&#10;......L. | ........&#10;....LLL. | ........&#10;&#10;step=17, rand=6, actions=&lt;Down&gt;&#10;Want     | Got ✗   &#10;-------------------&#10;........ | ........&#10;........ | ..LLL...&#10;........ | ....L...&#10;........ | ........&#10;....Z... | ........&#10;...ZZ... | ........&#10;...Z.... | ........&#10;........ | ........&#10;........ | ........&#10;......L. | ........&#10;....LLL. | ........&#10;&#10;step=18, rand=6, actions=&lt;Down&gt;&#10;Want     | Got ✗   &#10;-------------------&#10;........ | ........&#10;........ | ..LLL...&#10;........ | ....L...&#10;........ | ........&#10;........ | ........&#10;....Z... | ........&#10;...ZZ... | ........&#10;...Z.... | ........&#10;........ | ........&#10;......L. | ........&#10;....LLL. | ........&#10;&#10;step=19, rand=6, actions=&lt;Down&gt;&#10;Want     | Got ✗   &#10;-------------------&#10;........ | ........&#10;........ | ..LLL...&#10;........ | ....L...&#10;........ | ........&#10;........ | ........&#10;........ | ........&#10;....Z... | ........&#10;...ZZ... | ........&#10;...Z.... | ........&#10;......L. | ........&#10;....LLL. | ........&#10;&#10;step=20, rand=6, actions=&lt;Down&gt;&#10;Want     | Got ✗   &#10;-------------------&#10;........ | ........&#10;........ | ..LLL...&#10;........ | ....L...&#10;........ | ........&#10;........ | ........&#10;........ | ........&#10;........ | ........&#10;....Z... | ........&#10;...ZZ... | ........&#10;...Z..L. | ........&#10;....LLL. | ........&#10;&#10;step=21, rand=6, actions=&lt;Down&gt;&#10;Want     | Got ✗   &#10;-------------------&#10;........ | ........&#10;........ | ..LLL...&#10;........ | ....L...&#10;........ | ........&#10;........ | ........&#10;........ | ........&#10;........ | ........&#10;........ | ........&#10;....Z... | ........&#10;...ZZ.L. | ........&#10;...ZLLL. | ........&#10;&#10;step=22, rand=4, actions=&lt;Down&gt;&#10;Want     | Got ✗   &#10;-------------------&#10;...SS... | ........&#10;..SS.... | ..LLL...&#10;........ | ....L...&#10;........ | ........&#10;........ | ........&#10;........ | ........&#10;........ | ........&#10;........ | ........&#10;....Z... | ........&#10;...ZZ.L. | ........&#10;...ZLLL. | ........&#10;&#10;step=23, rand=4, actions=&lt;Left&gt;&#10;Want     | Got ✗   &#10;-------------------&#10;..SS.... | ........&#10;.SS..... | ..LLL...&#10;........ | ....L...&#10;........ | ........&#10;........ | ........&#10;........ | ........&#10;........ | ........&#10;........ | ........&#10;....Z... | ........&#10;...ZZ.L. | ........&#10;...ZLLL. | ........&#10;&#10;step=24, rand=4, actions=&lt;RotateRight&gt;&#10;Want     | Got ✗   &#10;-------------------&#10;..S..... | ...L....&#10;..SS.... | ...L....&#10;...S.... | ..LL....&#10;........ | ........&#10;........ | ........&#10;........ | ........&#10;........ | ........&#10;........ | ........&#10;....Z... | ........&#10;...ZZ.L. | ........&#10;...ZLLL. | ........&#10;&#10;step=25, rand=4, actions=&lt;Left&gt;&#10;Want     | Got ✗   &#10;-------------------&#10;.S...... | ...L....&#10;.SS..... | ...L....&#10;..S..... | ..LL....&#10;........ | ........&#10;........ | ........&#10;........ | ........&#10;........ | ........&#10;........ | ........&#10;....Z... | ........&#10;...ZZ.L. | ........&#10;...ZLLL. | ........&#10;&#10;step=26, rand=4, actions=&lt;Down&gt;&#10;Want     | Got ✗   &#10;-------------------&#10;........ | ...L....&#10;.S...... | ...L....&#10;.SS..... | ..LL....&#10;..S..... | ........&#10;........ | ........&#10;........ | ........&#10;........ | ........&#10;........ | ........&#10;....Z... | ........&#10;...ZZ.L. | ........&#10;...ZLLL. | ........&#10;&#10;step=27, rand=4, actions=&lt;Down&gt;&#10;Want     | Got ✗   &#10;-------------------&#10;........ | ...L....&#10;........ | ...L....&#10;.S...... | ..LL....&#10;.SS..... | ........&#10;..S..... | ........&#10;........ | ........&#10;........ | ........&#10;........ | ........&#10;....Z... | ........&#10;...ZZ.L. | ........&#10;...ZLLL. | ........&#10;&#10;step=28, rand=4, actions=&lt;Down&gt;&#10;Want     | Got ✗   &#10;-------------------&#10;........ | ...L....&#10;........ | ...L....&#10;........ | ..LL....&#10;.S...... | ........&#10;.SS..... | ........&#10;..S..... | ........&#10;........ | ........&#10;........ | ........&#10;....Z... | ........&#10;...ZZ.L. | ........&#10;...ZLLL. | ........&#10;&#10;step=29, rand=4, actions=&lt;Down&gt;&#10;Want     | Got ✗   &#10;-------------------&#10;........ | ...L....&#10;........ | ...L....&#10;........ | ..LL....&#10;........ | ........&#10;.S...... | ........&#10;.SS..... | ........&#10;..S..... | ........&#10;........ | ........&#10;....Z... | ........&#10;...ZZ.L. | ........&#10;...ZLLL. | ........&#10;&#10;step=30, rand=4, actions=&lt;Down&gt;&#10;Want     | Got ✗   &#10;-------------------&#10;........ | ...L....&#10;........ | ...L....&#10;........ | ..LL....&#10;........ | ........&#10;........ | ........&#10;.S...... | ........&#10;.SS..... | ........&#10;..S..... | ........&#10;....Z... | ........&#10;...ZZ.L. | ........&#10;...ZLLL. | ........&#10;&#10;step=31, rand=4, actions=&lt;Down&gt;&#10;Want     | Got ✗   &#10;-------------------&#10;........ | ...L....&#10;........ | ...L....&#10;........ | ..LL....&#10;........ | ........&#10;........ | ........&#10;........ | ........&#10;.S...... | ........&#10;.SS..... | ........&#10;..S.Z... | ........&#10;...ZZ.L. | ........&#10;...ZLLL. | ........&#10;&#10;step=32, rand=4, actions=&lt;Down&gt;&#10;Want     | Got ✗   &#10;-------------------&#10;........ | ...L....&#10;........ | ...L....&#10;........ | ..LL....&#10;........ | ........&#10;........ | ........&#10;........ | ........&#10;........ | ........&#10;.S...... | ........&#10;.SS.Z... | ........&#10;..SZZ.L. | ........&#10;...ZLLL. | ........&#10;&#10;step=33, rand=4, actions=&lt;Down&gt;&#10;Want     | Got ✗   &#10;-------------------&#10;........ | ...L....&#10;........ | ...L....&#10;........ | ..LL....&#10;........ | ........&#10;........ | ........&#10;........ | ........&#10;........ | ........&#10;........ | ........&#10;.S..Z... | ........&#10;.SSZZ.L. | ........&#10;..SZLLL. | ........&#10;&#10;step=34, rand=0, actions=&lt;Down&gt;&#10;Want     | Got ✗   &#10;-------------------&#10;........ | ...L....&#10;..IIII.. | ...L....&#10;........ | ..LL....&#10;........ | ........&#10;........ | ........&#10;........ | ........&#10;........ | ........&#10;........ | ........&#10;.S..Z... | ........&#10;.SSZZ.L. | ........&#10;..SZLLL. | ........&#10;&#10;step=35, rand=0, actions=&lt;RotateRight&gt;&#10;Want     | Got ✗   &#10;-------------------&#10;....I... | ..L.....&#10;....I... | ..LLL...&#10;....I... | ........&#10;....I... | ........&#10;........ | ........&#10;........ | ........&#10;........ | ........&#10;........ | ........&#10;.S..Z... | ........&#10;.SSZZ.L. | ........&#10;..SZLLL. | ........&#10;&#10;step=36, rand=0, actions=&lt;Left&gt;&#10;Want     | Got ✗   &#10;-------------------&#10;...I.... | ..L.....&#10;...I.... | ..LLL...&#10;...I.... | ........&#10;...I.... | ........&#10;........ | ........&#10;........ | ........&#10;........ | ........&#10;........ | ........&#10;.S..Z... | ........&#10;.SSZZ.L. | ........&#10;..SZLLL. | ........&#10;&#10;step=37, rand=0, actions=&lt;Left&gt;&#10;Want     | Got ✗   &#10;-------------------&#10;..I..... | ..L.....&#10;..I..... | ..LLL...&#10;..I..... | ........&#10;..I..... | ........&#10;........ | ........&#10;........ | ........&#10;........ | ........&#10;........ | ........&#10;.S..Z... | ........&#10;.SSZZ.L. | ........&#10;..SZLLL. | ........&#10;&#10;step=38, rand=0, actions=&lt;Left&gt;&#10;Want     | Got ✗   &#10;-------------------&#10;.I...... | ..L.....&#10;.I...... | ..LLL...&#10;.I...... | ........&#10;.I...... | ........&#10;........ | ........&#10;........ | ........&#10;........ | ........&#10;........ | ........&#10;.S..Z... | ........&#10;.SSZZ.L. | ........&#10;..SZLLL. | ........&#10;&#10;step=39, rand=0, actions=&lt;Left&gt;&#10;Want     | Got ✗   &#10;-------------------&#10;I....... | ..L.....&#10;I....... | ..LLL...&#10;I....... | ........&#10;I....... | ........&#10;........ | ........&#10;........ | ........&#10;........ | ........&#10;........ | ........&#10;.S..Z... | ........&#10;.SSZZ.L. | ........&#10;..SZLLL. | ........&#10;&#10;step=40, rand=0, actions=&lt;Left&gt;&#10;Want     | Got ✗   &#10;-------------------&#10;I....... | ..L.....&#10;I....... | ..LLL...&#10;I....... | ........&#10;I....... | ........&#10;........ | ........&#10;........ | ........&#10;........ | ........&#10;........ | ........&#10;.S..Z... | ........&#10;.SSZZ.L. | ........&#10;..SZLLL. | ........&#10;&#10;step=41, rand=0, actions=&lt;Down&gt;&#10;Want     | Got ✗   &#10;-------------------&#10;........ | ..L.....&#10;I....... | ..LLL...&#10;I....... | ........&#10;I....... | ........&#10;I....... | ........&#10;........ | ........&#10;........ | ........&#10;........ | ........&#10;.S..Z... | ........&#10;.SSZZ.L. | ........&#10;..SZLLL. | ........&#10;&#10;step=42, rand=0, actions=&lt;Down&gt;&#10;Want     | Got ✗   &#10;-------------------&#10;........ | ..L.....&#10;........ | ..LLL...&#10;I....... | ........&#10;I....... | ........&#10;I....... | ........&#10;I....... | ........&#10;........ | ........&#10;........ | ........&#10;.S..Z... | ........&#10;.SSZZ.L. | ........&#10;..SZLLL. | ........&#10;&#10;step=43, rand=0, actions=&lt;Down&gt;&#10;Want     | Got ✗   &#10;-------------------&#10;........ | ..L.....&#10;........ | ..LLL...&#10;........ | ........&#10;I....... | ........&#10;I....... | ........&#10;I....... | ........&#10;I....... | ........&#10;........ | ........&#10;.S..Z... | ........&#10;.SSZZ.L. | ........&#10;..SZLLL. | ........&#10;&#10;step=44, rand=0, actions=&lt;Down&gt;&#10;Want     | Got ✗   &#10;-------------------&#10;........ | ..L.....&#10;........ | ..LLL...&#10;........ | ........&#10;........ | ........&#10;I....... | ........&#10;I....... | ........&#10;I....... | ........&#10;I....... | ........&#10;.S..Z... | ........&#10;.SSZZ.L. | ........&#10;..SZLLL. | ........&#10;&#10;step=45, rand=0, actions=&lt;Down&gt;&#10;Want     | Got ✗   &#10;-------------------&#10;........ | ..L.....&#10;........ | ..LLL...&#10;........ | ........&#10;........ | ........&#10;........ | ........&#10;I....... | ........&#10;I....... | ........&#10;I....... | ........&#10;IS..Z... | ........&#10;.SSZZ.L. | ........&#10;..SZLLL. | ........&#10;&#10;step=46, rand=0, actions=&lt;Down&gt;&#10;Want     | Got ✗   &#10;-------------------&#10;........ | ..L.....&#10;........ | ..LLL...&#10;........ | ........&#10;........ | ........&#10;........ | ........&#10;........ | ........&#10;I....... | ........&#10;I....... | ........&#10;IS..Z... | ........&#10;ISSZZ.L. | ........&#10;..SZLLL. | ........&#10;&#10;step=47, rand=0, actions=&lt;Down&gt;&#10;Want     | Got ✗   &#10;-------------------&#10;........ | ..L.....&#10;........ | ..LLL...&#10;........ | ........&#10;........ | ........&#10;........ | ........&#10;........ | ........&#10;........ | ........&#10;I....... | ........&#10;IS..Z... | ........&#10;ISSZZ.L. | ........&#10;I.SZLLL. | ........&#10;&#10;step=48, rand=3, actions=&lt;Down&gt;&#10;Want     | Got ✗   &#10;-------------------&#10;...OO... | ..L.....&#10;...OO... | ..LLL...&#10;........ | ........&#10;........ | ........&#10;........ | ........&#10;........ | ........&#10;........ | ........&#10;I....... | ........&#10;IS..Z... | ........&#10;ISSZZ.L. | ........&#10;I.SZLLL. | ........&#10;&#10;step=49, rand=3, actions=&lt;Left&gt;&#10;Want     | Got ✗   &#10;-------------------&#10;..OO.... | ..L.....&#10;..OO.... | ..LLL...&#10;........ | ........&#10;........ | ........&#10;........ | ........&#10;........ | ........&#10;........ | ........&#10;I....... | ........&#10;IS..Z... | ........&#10;ISSZZ.L. | ........&#10;I.SZLLL. | ........&#10;&#10;step=50, rand=3, actions=&lt;Down&gt;&#10;Want     | Got ✗   &#10;-------------------&#10;........ | ..L.....&#10;..OO.... | ..LLL...&#10;..OO.... | ........&#10;........ | ........&#10;........ | ........&#10;........ | ........&#10;........ | ........&#10;I....... | ........&#10;IS..Z... | ........&#10;ISSZZ.L. | ........&#10;I.SZLLL. | ........&#10;&#10;step=51, rand=3, actions=&lt;Left&gt;&#10;Want     | Got ✗   &#10;-------------------&#10;........ | ..L.....&#10;.OO..... | ..LLL...&#10;.OO..... | ........&#10;........ | ........&#10;........ | ........&#10;........ | ........&#10;........ | ........&#10;I....... | ........&#10;IS..Z... | ........&#10;ISSZZ.L. | ........&#10;I.SZLLL. | ........&#10;&#10;step=52, rand=3, actions=&lt;Down&gt;&#10;Want     | Got ✗   &#10;-------------------&#10;........ | ..L.....&#10;........ | ..LLL...&#10;.OO..... | ........&#10;.OO..... | ........&#10;........ | ........&#10;........ | ........&#10;........ | ........&#10;I....... | ........&#10;IS..Z... | ........&#10;ISSZZ.L. | ........&#10;I.SZLLL. | ........&#10;&#10;step=53, rand=3, actions=&lt;Down&gt;&#10;Want     | Got ✗   &#10;-------------------&#10;........ | ..L.....&#10;........ | ..LLL...&#10;........ | ........&#10;.OO..... | ........&#10;.OO..... | ........&#10;........ | ........&#10;........ | ........&#10;I....... | ........&#10;IS..Z... | ........&#10;ISSZZ.L. | ........&#10;I.SZLLL. | ........&#10;&#10;step=54, rand=3, actions=&lt;Down&gt;&#10;Want     | Got ✗   &#10;-------------------&#10;........ | ..L.....&#10;........ | ..LLL...&#10;........ | ........&#10;........ | ........&#10;.OO..... | ........&#10;.OO..... | ........&#10;........ | ........&#10;I....... | ........&#10;IS..Z... | ........&#10;ISSZZ.L. | ........&#10;I.SZLLL. | ........&#10;&#10;step=55, rand=3, actions=&lt;Down&gt;&#10;Want     | Got ✗   &#10;-------------------&#10;........ | ..L.....&#10;........ | ..LLL...&#10;........ | ........&#10;........ | ........&#10;........ | ........&#10;.OO..... | ........&#10;.OO..... | ........&#10;I....... | ........&#10;IS..Z... | ........&#10;ISSZZ.L. | ........&#10;I.SZLLL. | ........&#10;&#10;step=56, rand=3, actions=&lt;Right&gt;&#10;Want     | Got ✗   &#10;-------------------&#10;........ | ..L.....&#10;........ | ..LLL...&#10;........ | ........&#10;........ | ........&#10;........ | ........&#10;..OO.... | ........&#10;..OO.... | ........&#10;I....... | ........&#10;IS..Z... | ........&#10;ISSZZ.L. | ........&#10;I.SZLLL. | ........&#10;&#10;step=57, rand=3, actions=&lt;Down&gt;&#10;Want     | Got ✗   &#10;-------------------&#10;........ | ..L.....&#10;........ | ..LLL...&#10;........ | ........&#10;........ | ........&#10;........ | ........&#10;........ | ........&#10;..OO.... | ........&#10;I.OO.... | ........&#10;IS..Z... | ........&#10;ISSZZ.L. | ........&#10;I.SZLLL. | ........&#10;&#10;step=58, rand=3, actions=&lt;Down&gt;&#10;Want     | Got ✗   &#10;-------------------&#10;........ | ..L.....&#10;........ | ..LLL...&#10;........ | ........&#10;........ | ........&#10;........ | ........&#10;........ | ........&#10;........ | ........&#10;I.OO.... | ........&#10;ISOOZ... | ........&#10;ISSZZ.L. | ........&#10;I.SZLLL. | ........&#10;&#10;step=59, rand=3, actions=&lt;Down&gt;&#10;Want     | Got ✗   &#10;-------------------&#10;...OO... | ..L.....&#10;...OO... | ..LLL...&#10;........ | ........&#10;........ | ........&#10;........ | ........&#10;........ | ........&#10;........ | ........&#10;I.OO.... | ........&#10;ISOOZ... | ........&#10;ISSZZ.L. | ........&#10;I.SZLLL. | ........&#10;&#10;step=60, rand=3, actions=&lt;Left&gt;&#10;Want     | Got ✗   &#10;-------------------&#10;..OO.... | ..L.....&#10;..OO.... | ..LLL...&#10;........ | ........&#10;........ | ........&#10;........ | ........&#10;........ | ........&#10;........ | ........&#10;I.OO.... | ........&#10;ISOOZ... | ........&#10;ISSZZ.L. | ........&#10;I.SZLLL. | ........&#10;&#10;step=61, rand=3, actions=&lt;Down&gt;&#10;Want     | Got ✗   &#10;-------------------&#10;........ | ..L.....&#10;..OO.... | ..LLL...&#10;..OO.... | ........&#10;........ | ........&#10;........ | ........&#10;........ | ........&#10;........ | ........&#10;I.OO.... | ........&#10;ISOOZ... | ........&#10;ISSZZ.L. | ........&#10;I.SZLLL. | ........&#10;&#10;step=62, rand=3, actions=&lt;Down&gt;&#10;Want     | Got ✗   &#10;-------------------&#10;........ | ..L.....&#10;........ | ..LLL...&#10;..OO.... | ........&#10;..OO.... | ........&#10;........ | ........&#10;........ | ........&#10;........ | ........&#10;I.OO.... | ........&#10;ISOOZ... | ........&#10;ISSZZ.L. | ........&#10;I.SZLLL. | ........&#10;&#10;step=63, rand=3, actions=&lt;Down&gt;&#10;Want     | Got ✗   &#10;-------------------&#10;........ | ..L.....&#10;........ | ..LLL...&#10;........ | ........&#10;..OO.... | ........&#10;..OO.... | ........&#10;........ | ........&#10;........ | ........&#10;I.OO.... | ........&#10;ISOOZ... | ........&#10;ISSZZ.L. | ........&#10;I.SZLLL. | ........&#10;&#10;step=64, rand=3, actions=&lt;Down&gt;&#10;Want     | Got ✗   &#10;-------------------&#10;........ | ..L.....&#10;........ | ..LLL...&#10;........ | ........&#10;........ | ........&#10;..OO.... | ........&#10;..OO.... | ........&#10;........ | ........&#10;I.OO.... | ........&#10;ISOOZ... | ........&#10;ISSZZ.L. | ........&#10;I.SZLLL. | ........&#10;&#10;step=65, rand=3, actions=&lt;Down&gt;&#10;Want     | Got ✗   &#10;-------------------&#10;........ | ..L.....&#10;........ | ..LLL...&#10;........ | ........&#10;........ | ........&#10;........ | ........&#10;..OO.... | ........&#10;..OO.... | ........&#10;I.OO.... | ........&#10;ISOOZ... | ........&#10;ISSZZ.L. | ........&#10;I.SZLLL. | ........&#10;&#10;step=66, rand=2, actions=&lt;Down&gt;&#10;Want     | Got ✗   &#10;-------------------&#10;....L... | ..L.....&#10;..LLL... | ..LLL...&#10;........ | ........&#10;........ | ........&#10;........ | ........&#10;..OO.... | ........&#10;..OO.... | ........&#10;I.OO.... | ........&#10;ISOOZ... | ........&#10;ISSZZ.L. | ........&#10;I.SZLLL. | ........&#10;&#10;step=67, rand=2, actions=&lt;RotateRight&gt;&#10;Want     | Got ✗   &#10;-------------------&#10;...L.... | ...LL...&#10;...L.... | ...L....&#10;...LL... | ...L....&#10;........ | ........&#10;........ | ........&#10;..OO.... | ........&#10;..OO.... | ........&#10;I.OO.... | ........&#10;ISOOZ... | ........&#10;ISSZZ.L. | ........&#10;I.SZLLL. | ........&#10;&#10;step=68, rand=2, actions=&lt;Right&gt;&#10;Want     | Got ✗   &#10;-------------------&#10;....L... | ...LL...&#10;....L... | ...L....&#10;....LL.. | ...L....&#10;........ | ........&#10;........ | ........&#10;..OO.... | ........&#10;..OO.... | ........&#10;I.OO.... | ........&#10;ISOOZ... | ........&#10;ISSZZ.L. | ........&#10;I.SZLLL. | ........&#10;&#10;step=69, rand=2, actions=&lt;Right&gt;&#10;Want     | Got ✗   &#10;-------------------&#10;.....L.. | ...LL...&#10;.....L.. | ...L....&#10;.....LL. | ...L....&#10;........ | ........&#10;........ | ........&#10;..OO.... | ........&#10;..OO.... | ........&#10;I.OO.... | ........&#10;ISOOZ... | ........&#10;ISSZZ.L. | ........&#10;I.SZLLL. | ........&#10;&#10;step=70, rand=2, actions=&lt;RotateRight&gt;&#10;Want     | Got ✗   &#10;-------------------&#10;........ | ........&#10;....LLL. | ..LLL...&#10;....L... | ....L...&#10;........ | ........&#10;........ | ........&#10;..OO.... | ........&#10;..OO.... | ........&#10;I.OO.... | ........&#10;ISOOZ... | ........&#10;ISSZZ.L. | ........&#10;I.SZLLL. | ........&#10;&#10;step=71, rand=2, actions=&lt;RotateRight&gt;&#10;Want     | Got ✗   &#10;-------------------&#10;....LL.. | ...L....&#10;.....L.. | ...L....&#10;.....L.. | ..LL....&#10;........ | ........&#10;........ | ........&#10;..OO.... | ........&#10;..OO.... | ........&#10;I.OO.... | ........&#10;ISOOZ... | ........&#10;ISSZZ.L. | ........&#10;I.SZLLL. | ........&#10;&#10;step=72, rand=2, actions=&lt;Right&gt;&#10;Want     | Got ✗   &#10;-------------------&#10;.....LL. | ...L....&#10;......L. | ...L....&#10;......L. | ..LL....&#10;........ | ........&#10;........ | ........&#10;..OO.... | ........&#10;..OO.... | ........&#10;I.OO.... | ........&#10;ISOOZ... | ........&#10;ISSZZ.L. | ........&#10;I.SZLLL. | ........&#10;&#10;step=73, rand=2, actions=&lt;Right&gt;&#10;Want     | Got ✗   &#10;-------------------&#10;......LL | ...L....&#10;.......L | ...L....&#10;.......L | ..LL....&#10;........ | ........&#10;........ | ........&#10;..OO.... | ........&#10;..OO.... | ........&#10;I.OO.... | ........&#10;ISOOZ... | ........&#10;ISSZZ.L. | ........&#10;I.SZLLL. | ........&#10;&#10;step=74, rand=2, actions=&lt;Down&gt;&#10;Want     | Got ✗   &#10;-------------------&#10;........ | ...L....&#10;......LL | ...L....&#10;.......L | ..LL....&#10;.......L | ........&#10;........ | ........&#10;..OO.... | ........&#10;..OO.... | ........&#10;I.OO.... | ........&#10;ISOOZ... | ........&#10;ISSZZ.L. | ........&#10;I.SZLLL. | ........&#10;&#10;step=75, rand=2, actions=&lt;Down&gt;&#10;Want     | Got ✗   &#10;-------------------&#10;........ | ...L....&#10;........ | ...L....&#10;......LL | ..LL....&#10;.......L | ........&#10;.......L | ........&#10;..OO.... | ........&#10;..OO.... | ........&#10;I.OO.... | ........&#10;ISOOZ... | ........&#10;ISSZZ.L. | ........&#10;I.SZLLL. | ........&#10;&#10;step=76, rand=2, actions=&lt;Down&gt;&#10;Want     | Got ✗   &#10;-------------------&#10;........ | ...L....&#10;........ | ...L....&#10;........ | ..LL....&#10;......LL | ........&#10;.......L | ........&#10;..OO...L | ........&#10;..OO.... | ........&#10;I.OO.... | ........&#10;ISOOZ... | ........&#10;ISSZZ.L. | ........&#10;I.SZLLL. | ........&#10;&#10;step=77, rand=2, actions=&lt;Down&gt;&#10;Want     | Got ✗   &#10;-------------------&#10;........ | ...L....&#10;........ | ...L....&#10;........ | ..LL....&#10;........ | ........&#10;......LL | ........&#10;..OO...L | ........&#10;..OO...L | ........&#10;I.OO.... | ........&#10;ISOOZ... | ........&#10;ISSZZ.L. | ........&#10;I.SZLLL. | ........&#10;&#10;step=78, rand=2, actions=&lt;Down&gt;&#10;Want     | Got ✗   &#10;-------------------&#10;........ | ...L....&#10;........ | ...L....&#10;........ | ..LL....&#10;........ | ........&#10;........ | ........&#10;..OO..LL | ........&#10;..OO...L | ........&#10;I.OO...L | ........&#10;ISOOZ... | ........&#10;ISSZZ.L. | ........&#10;I.SZLLL. | ........&#10;&#10;step=79, rand=2, actions=&lt;Down&gt;&#10;Want     | Got ✗   &#10;-------------------&#10;........ | ...L....&#10;........ | ...L....&#10;........ | ..LL....&#10;........ | ........&#10;........ | ........&#10;..OO.... | ........&#10;..OO..LL | ........&#10;I.OO...L | ........&#10;ISOOZ..L | ........&#10;ISSZZ.L. | ........&#10;I.SZLLL. | ........&#10;&#10;step=80, rand=2, actions=&lt;Down&gt;&#10;Want     | Got ✗   &#10;-------------------&#10;........ | ...L....&#10;........ | ...L....&#10;........ | ..LL....&#10;........ | ........&#10;........ | ........&#10;..OO.... | ........&#10;..OO.... | ........&#10;I.OO..LL | ........&#10;ISOOZ..L | ........&#10;ISSZZ.LL | ........&#10;I.SZLLL. | ........&#10;&#10;step=81, rand=2, actions=&lt;Down&gt;&#10;Want     | Got ✗   &#10;-------------------&#10;........ | ...L....&#10;........ | ...L....&#10;........ | ..LL....&#10;........ | ........&#10;........ | ........&#10;..OO.... | ........&#10;..OO.... | ........&#10;I.OO.... | ........&#10;ISOOZ.LL | ........&#10;ISSZZ.LL | ........&#10;I.SZLLLL | ........&#10;&#10;step=82, rand=5, actions=&lt;Down&gt;&#10;Want     | Got ✗   &#10;-------------------&#10;...T.... | ...L....&#10;..TTT... | ...L....&#10;........ | ..LL....&#10;........ | ........&#10;........ | ........&#10;..OO.... | ........&#10;..OO.... | ........&#10;I.OO.... | ........&#10;ISOOZ.LL | ........&#10;ISSZZ.LL | ........&#10;I.SZLLLL | ........&#10;&#10;step=83, rand=5, actions=&lt;Right&gt;&#10;Want     | Got ✗   &#10;-------------------&#10;....T... | ...L....&#10;...TTT.. | ...L....&#10;........ | ..LL....&#10;........ | ........&#10;........ | ........&#10;..OO.... | ........&#10;..OO.... | ........&#10;I.OO.... | ........&#10;ISOOZ.LL | ........&#10;ISSZZ.LL | ........&#10;I.SZLLLL | ........&#10;&#10;step=84, rand=5, actions=&lt;Right&gt;&#10;Want     | Got ✗   &#10;-------------------&#10;.....T.. | ...L....&#10;....TTT. | ...L....&#10;........ | ..LL....&#10;........ | ........&#10;........ | ........&#10;..OO.... | ........&#10;..OO.... | ........&#10;I.OO.... | ........&#10;ISOOZ.LL | ........&#10;ISSZZ.LL | ........&#10;I.SZLLLL | ........&#10;&#10;step=85, rand=5, actions=&lt;RotateRight&gt;&#10;Want     | Got ✗   &#10;-------------------&#10;.....T.. | ..L.....&#10;.....TT. | ..LLL...&#10;.....T.. | ........&#10;........ | ........&#10;........ | ........&#10;..OO.... | ........&#10;..OO.... | ........&#10;I.OO.... | ........&#10;ISOOZ.LL | ........&#10;ISSZZ.LL | ........&#10;I.SZLLLL | ........&#10;&#10;step=86, rand=5, actions=&lt;RotateRight&gt;&#10;Want     | Got ✗   &#10;-------------------&#10;........ | ...LL...&#10;....TTT. | ...L....&#10;.....T.. | ...L....&#10;........ | ........&#10;........ | ........&#10;..OO.... | ........&#10;..OO.... | ........&#10;I.OO.... | ........&#10;ISOOZ.LL | ........&#10;ISSZZ.LL | ........&#10;I.SZLLLL | ........&#10;&#10;step=87, rand=5, actions=&lt;Down&gt;&#10;Want     | Got ✗   &#10;-------------------&#10;........ | ...LL...&#10;........ | ...L....&#10;....TTT. | ...L....&#10;.....T.. | ........&#10;........ | ........&#10;..OO.... | ........&#10;..OO.... | ........&#10;I.OO.... | ........&#10;ISOOZ.LL | ........&#10;ISSZZ.LL | ........&#10;I.SZLLLL | ........&#10;&#10;step=88, rand=5, actions=&lt;Down&gt;&#10;Want     | Got ✗   &#10;-------------------&#10;........ | ...LL...&#10;........ | ...L....&#10;........ | ...L....&#10;....TTT. | ........&#10;.....T.. | ........&#10;..OO.... | ........&#10;..OO.... | ........&#10;I.OO.... | ........&#10;ISOOZ.LL | ........&#10;ISSZZ.LL | ........&#10;I.SZLLLL | ........&#10;&#10;step=89, rand=5, actions=&lt;Down&gt;&#10;Want     | Got ✗   &#10;-------------------&#10;........ | ...LL...&#10;........ | ...L....&#10;........ | ...L....&#10;........ | ........&#10;....TTT. | ........&#10;..OO.T.. | ........&#10;..OO.... | ........&#10;I.OO.... | ........&#10;ISOOZ.LL | ........&#10;ISSZZ.LL | ........&#10;I.SZLLLL | ........&#10;&#10;step=90, rand=5, actions=&lt;Down&gt;&#10;Want     | Got ✗   &#10;-------------------&#10;........ | ...LL...&#10;........ | ...L....&#10;........ | ...L....&#10;........ | ........&#10;........ | ........&#10;..OOTTT. | ........&#10;..OO.T.. | ........&#10;I.OO.... | ........&#10;ISOOZ.LL | ........&#10;ISSZZ.LL | ........&#10;I.SZLLLL | ........&#10;&#10;step=91, rand=5, actions=&lt;Down&gt;&#10;Want     | Got ✗   &#10;-------------------&#10;........ | ...LL...&#10;........ | ...L....&#10;........ | ...L....&#10;........ | ........&#10;........ | ........&#10;..OO.... | ........&#10;..OOTTT. | ........&#10;I.OO.T.. | ........&#10;ISOOZ.LL | ........&#10;ISSZZ.LL | ........&#10;I.SZLLLL | ........&#10;&#10;step=92, rand=5, actions=&lt;Down&gt;&#10;Want     | Got ✗   &#10;-------------------&#10;........ | ...LL...&#10;........ | ...L....&#10;........ | ...L....&#10;........ | ........&#10;........ | ........&#10;..OO.... | ........&#10;..OO.... | ........&#10;I.OOTTT. | ........&#10;ISOOZTLL | ........&#10;ISSZZ.LL | ........&#10;I.SZLLLL | ........&#10;&#10;step=93, rand=4, actions=&lt;Down&gt;&#10;Want     | Got ✗   &#10;-------------------&#10;...SS... | ...LL...&#10;..SS.... | ...L....&#10;........ | ...L....&#10;........ | ........&#10;........ | ........&#10;........ | ........&#10;..OO.... | ........&#10;..OO.... | ........&#10;I.OOTTT. | ........&#10;ISSZZ.LL | ........&#10;I.SZLLLL | ........&#10;&#10;step=94, rand=4, actions=&lt;Right&gt;&#10;Want     | Got ✗   &#10;-------------------&#10;....SS.. | ...LL...&#10;...SS... | ...L....&#10;........ | ...L....&#10;........ | ........&#10;........ | ........&#10;........ | ........&#10;..OO.... | ........&#10;..OO.... | ........&#10;I.OOTTT. | ........&#10;ISSZZ.LL | ........&#10;I.SZLLLL | ........&#10;&#10;step=95, rand=4, actions=&lt;RotateRight&gt;&#10;Want     | Got ✗   &#10;-------------------&#10;....S... | ........&#10;....SS.. | ..LLL...&#10;.....S.. | ....L...&#10;........ | ........&#10;........ | ........&#10;........ | ........&#10;..OO.... | ........&#10;..OO.... | ........&#10;I.OOTTT. | ........&#10;ISSZZ.LL | ........&#10;I.SZLLLL | ........&#10;&#10;step=96, rand=4, actions=&lt;Right&gt;&#10;Want     | Got ✗   &#10;-------------------&#10;.....S.. | ........&#10;.....SS. | ..LLL...&#10;......S. | ....L...&#10;........ | ........&#10;........ | ........&#10;........ | ........&#10;..OO.... | ........&#10;..OO.... | ........&#10;I.OOTTT. | ........&#10;ISSZZ.LL | ........&#10;I.SZLLLL | ........&#10;&#10;step=97, rand=4, actions=&lt;Right&gt;&#10;Want     | Got ✗   &#10;-------------------&#10;......S. | ........&#10;......SS | ..LLL...&#10;.......S | ....L...&#10;........ | ........&#10;........ | ........&#10;........ | ........&#10;..OO.... | ........&#10;..OO.... | ........&#10;I.OOTTT. | ........&#10;ISSZZ.LL | ........&#10;I.SZLLLL | ........&#10;&#10;step=98, rand=4, actions=&lt;Down&gt;&#10;Want     | Got ✗   &#10;-------------------&#10;........ | ........&#10;......S. | ..LLL...&#10;......SS | ....L...&#10;.......S | ........&#10;........ | ........&#10;........ | ........&#10;..OO.... | ........&#10;..OO.... | ........&#10;I.OOTTT. | ........&#10;ISSZZ.LL | ........&#10;I.SZLLLL | ........&#10;&#10;step=99, rand=4, actions=&lt;Down&gt;&#10;Want     | Got ✗   &#10;-------------------&#10;........ | ........&#10;........ | ..LLL...&#10;......S. | ....L...&#10;......SS | ........&#10;.......S | ........&#10;........ | ........&#10;..OO.... | ........&#10;..OO.... | ........&#10;I.OOTTT. | ........&#10;ISSZZ.LL | ........&#10;I.SZLLLL | ........&#10;&#10;step=100, rand=4, actions=&lt;Down&gt;&#10;Want     | Got ✗   &#10;-------------------&#10;........ | ........&#10;........ | ..LLL...&#10;........ | ....L...&#10;......S. | ........&#10;......SS | ........&#10;.......S | ........&#10;..OO.... | ........&#10;..OO.... | ........&#10;I.OOTTT. | ........&#10;ISSZZ.LL | ........&#10;I.SZLLLL | ........&#10;&#10;step=101, rand=4, actions=&lt;Down&gt;&#10;Want     | Got ✗   &#10;-------------------&#10;........ | ........&#10;........ | ..LLL...&#10;........ | ....L...&#10;........ | ........&#10;......S. | ........&#10;......SS | ........&#10;..OO...S | ........&#10;..OO.... | ........&#10;I.OOTTT. | ........&#10;ISSZZ.LL | ........&#10;I.SZLLLL | ........&#10;&#10;step=102, rand=4, actions=&lt;Down&gt;&#10;Want     | Got ✗   &#10;-------------------&#10;........ | ........&#10;........ | ..LLL...&#10;........ | ....L...&#10;........ | ........&#10;........ | ........&#10;......S. | ........&#10;..OO..SS | ........&#10;..OO...S | ........&#10;I.OOTTT. | ........&#10;ISSZZ.LL | ........&#10;I.SZLLLL | ........&#10;&#10;step=103, rand=4, actions=&lt;Down&gt;&#10;Want     | Got ✗   &#10;-------------------&#10;........ | ........&#10;........ | ..LLL...&#10;........ | ....L...&#10;........ | ........&#10;........ | ........&#10;........ | ........&#10;..OO..S. 
[...]
	at org.scalatest.FunSuite.org$scalatest$FunSuiteLike$$super$run(FunSuite.scala:1560)
	at org.scalatest.FunSuiteLike.$anonfun$run$1(FunSuiteLike.scala:233)
	at org.scalatest.SuperEngine.runImpl(Engine.scala:518)
	at org.scalatest.FunSuiteLike.run(FunSuiteLike.scala:233)
	at org.scalatest.FunSuiteLike.run$(FunSuiteLike.scala:232)
	at infrastructure.TestBase.run(TestBase.scala:26)
	at org.scalatest.Suite.callExecuteOnSuite$1(Suite.scala:1187)
	at org.scalatest.Suite.$anonfun$runNestedSuites$1(Suite.scala:1234)
	at scala.collection.ArrayOps$.foreach$extension(ArrayOps.scala:1323)
	at org.scalatest.Suite.runNestedSuites(Suite.scala:1232)
	at org.scalatest.Suite.runNestedSuites$(Suite.scala:1166)
	at org.scalatest.Suites.runNestedSuites(Suites.scala:56)
	at org.scalatest.Suite.run(Suite.scala:1121)
	at org.scalatest.Suite.run$(Suite.scala:1106)
	at tetris.TetrisTestSuitesBase.runDirect(TetrisTestSuitesBase.scala:20)
	at tetris.TetrisTestSuitesBase.runWithScoreCounter(TetrisTestSuitesBase.scala:14)
	at tetris.TetrisTestSuite3.run(TetrisTestSuite3.scala:25)
	at org.scalatestplus.junit.JUnitRunner.run(JUnitRunner.scala:99)
	at org.junit.runner.JUnitCore.run(JUnitCore.java:137)
	at org.junit.runner.JUnitCore.run(JUnitCore.java:115)
	at org.junit.vintage.engine.execution.RunnerExecutor.execute(RunnerExecutor.java:43)
	at java.util.stream.ForEachOps$ForEachOp$OfRef.accept(ForEachOps.java:183)
	at java.util.stream.ReferencePipeline$3$1.accept(ReferencePipeline.java:193)
	at java.util.Iterator.forEachRemaining(Iterator.java:116)
	at java.util.Spliterators$IteratorSpliterator.forEachRemaining(Spliterators.java:1801)
	at java.util.stream.AbstractPipeline.copyInto(AbstractPipeline.java:482)
	at java.util.stream.AbstractPipeline.wrapAndCopyInto(AbstractPipeline.java:472)
	at java.util.stream.ForEachOps$ForEachOp.evaluateSequential(ForEachOps.java:150)
	at java.util.stream.ForEachOps$ForEachOp$OfRef.evaluateSequential(ForEachOps.java:173)
	at java.util.stream.AbstractPipeline.evaluate(AbstractPipeline.java:234)
	at java.util.stream.ReferencePipeline.forEach(ReferencePipeline.java:485)
	at org.junit.vintage.engine.VintageTestEngine.executeAllChildren(VintageTestEngine.java:82)
	at org.junit.vintage.engine.VintageTestEngine.execute(VintageTestEngine.java:73)
	at org.junit.platform.launcher.core.DefaultLauncher.execute(DefaultLauncher.java:220)
	at org.junit.platform.launcher.core.DefaultLauncher.lambda$execute$6(DefaultLauncher.java:188)
	at org.junit.platform.launcher.core.DefaultLauncher.withInterceptedStreams(DefaultLauncher.java:202)
	at org.junit.platform.launcher.core.DefaultLauncher.execute(DefaultLauncher.java:181)
	at org.junit.platform.launcher.core.DefaultLauncher.execute(DefaultLauncher.java:128)
	at org.gradle.api.internal.tasks.testing.junitplatform.JUnitPlatformTestClassProcessor$CollectAllTestClassesExecutor.processAllTestClasses(JUnitPlatformTestClassProcessor.java:102)
	at org.gradle.api.internal.tasks.testing.junitplatform.JUnitPlatformTestClassProcessor$CollectAllTestClassesExecutor.access$000(JUnitPlatformTestClassProcessor.java:82)
	at org.gradle.api.internal.tasks.testing.junitplatform.JUnitPlatformTestClassProcessor.stop(JUnitPlatformTestClassProcessor.java:78)
	at org.gradle.api.internal.tasks.testing.SuiteTestClassProcessor.stop(SuiteTestClassProcessor.java:61)
	at sun.reflect.NativeMethodAccessorImpl.invoke0(Native Method)
	at sun.reflect.NativeMethodAccessorImpl.invoke(NativeMethodAccessorImpl.java:62)
	at sun.reflect.DelegatingMethodAccessorImpl.invoke(DelegatingMethodAccessorImpl.java:43)
	at java.lang.reflect.Method.invoke(Method.java:498)
	at org.gradle.internal.dispatch.ReflectionDispatch.dispatch(ReflectionDispatch.java:35)
	at org.gradle.internal.dispatch.ReflectionDispatch.dispatch(ReflectionDispatch.java:24)
	at org.gradle.internal.dispatch.ContextClassLoaderDispatch.dispatch(ContextClassLoaderDispatch.java:32)
	at org.gradle.internal.dispatch.ProxyDispatchAdapter$DispatchingInvocationHandler.invoke(ProxyDispatchAdapter.java:93)
	at com.sun.proxy.$Proxy2.stop(Unknown Source)
	at org.gradle.api.internal.tasks.testing.worker.TestWorker.stop(TestWorker.java:132)
	at sun.reflect.NativeMethodAccessorImpl.invoke0(Native Method)
	at sun.reflect.NativeMethodAccessorImpl.invoke(NativeMethodAccessorImpl.java:62)
	at sun.reflect.DelegatingMethodAccessorImpl.invoke(DelegatingMethodAccessorImpl.java:43)
	at java.lang.reflect.Method.invoke(Method.java:498)
	at org.gradle.internal.dispatch.ReflectionDispatch.dispatch(ReflectionDispatch.java:35)
	at org.gradle.internal.dispatch.ReflectionDispatch.dispatch(ReflectionDispatch.java:24)
	at org.gradle.internal.remote.internal.hub.MessageHubBackedObjectConnection$DispatchWrapper.dispatch(MessageHubBackedObjectConnection.java:175)
	at org.gradle.internal.remote.internal.hub.MessageHubBackedObjectConnection$DispatchWrapper.dispatch(MessageHubBackedObjectConnection.java:157)
	at org.gradle.internal.remote.internal.hub.MessageHub$Handler.run(MessageHub.java:404)
	at org.gradle.internal.concurrent.ExecutorPolicy$CatchAndRecordFailures.onExecute(ExecutorPolicy.java:63)
	at org.gradle.internal.concurrent.ManagedExecutorImpl$1.run(ManagedExecutorImpl.java:46)
	at java.util.concurrent.ThreadPoolExecutor.runWorker(ThreadPoolExecutor.java:1149)
	at java.util.concurrent.ThreadPoolExecutor$Worker.run(ThreadPoolExecutor.java:624)
	at org.gradle.internal.concurrent.ThreadFactoryImpl$ManagedThreadRunnable.run(ThreadFactoryImpl.java:55)
	at java.lang.Thread.run(Thread.java:748)
</failure>
  </testcase>
  <testcase name="testInterleave8x11and6x10" classname="tetris.FullGameTests" time="0.001">
    <failure message="org.scalatest.exceptions.TestFailedException: didPass was false&#10; Hint: It should be possible to “run” multiple games simultaneously, i.e., it should not be a problem to have multiple instances of TetrisLogic which act independently. To test this, we perform “interleave tests”: we instantiate two TetrisLogic objects with different board sizes and alternate between performing a step on one and a step on the other. If all is correct, the two games should progress exactly as they would if they were the only snake games being run. If this is not true, then there is likely some global state through which one game influences the other.   Hence if you fail this test but you passed the other full game test, then you have some global state. Running two instances of TetrisLogic/and alternately doing steps between them results in some interference.   " type="org.scalatest.exceptions.TestFailedException">org.scalatest.exceptions.TestFailedException: didPass was false
 Hint: It should be possible to “run” multiple games simultaneously, i.e., it should not be a problem to have multiple instances of TetrisLogic which act independently. To test this, we perform “interleave tests”: we instantiate two TetrisLogic objects with different board sizes and alternate between performing a step on one and a step on the other. If all is correct, the two games should progress exactly as they would if they were the only snake games being run. If this is not true, then there is likely some global state through which one game influences the other.   Hence if you fail this test but you passed the other full game test, then you have some global state. Running two instances of TetrisLogic/and alternately doing steps between them results in some interference.   
	at org.scalatest.Assertions.newAssertionFailedException(Assertions.scala:530)
	at org.scalatest.Assertions.newAssertionFailedException$(Assertions.scala:529)
	at org.scalatest.FunSuite.newAssertionFailedException(FunSuite.scala:1560)
	at org.scalatest.Assertions$AssertionsHelper.macroAssert(Assertions.scala:503)
	at generic.GameTestSuite.checkInterleave(GameTestSuite.scala:303)
	at tetris.TetrisTestSuiteBase.checkInterleave(TetrisTestSuiteBase.scala:109)
	at tetris.FullGameTests.$anonfun$new$5(FullGameTests.scala:5757)
	at scala.runtime.java8.JFunction0$mcV$sp.apply(JFunction0$mcV$sp.scala:18)
	at infrastructure.TestBase.$anonfun$test$1(TestBase.scala:36)
	at org.scalatest.OutcomeOf.outcomeOf(OutcomeOf.scala:85)
	at org.scalatest.OutcomeOf.outcomeOf$(OutcomeOf.scala:83)
	at org.scalatest.OutcomeOf$.outcomeOf(OutcomeOf.scala:104)
	at org.scalatest.Transformer.apply(Transformer.scala:22)
	at org.scalatest.Transformer.apply(Transformer.scala:20)
	at org.scalatest.FunSuiteLike$$anon$1.apply(FunSuiteLike.scala:186)
	at org.scalatest.TestSuite.withFixture(TestSuite.scala:196)
	at org.scalatest.TestSuite.withFixture$(TestSuite.scala:195)
	at infrastructure.TestBase.org$scalatest$concurrent$TimeLimitedTests$$super$withFixture(TestBase.scala:9)
	at org.scalatest.concurrent.TimeLimitedTests.$anonfun$withFixture$3(TimeLimitedTests.scala:154)
	at org.scalatest.enablers.Timed$$anon$1.timeoutAfter(Timed.scala:127)
	at org.scalatest.concurrent.TimeLimits.failAfterImpl(TimeLimits.scala:239)
	at org.scalatest.concurrent.TimeLimits.failAfterImpl$(TimeLimits.scala:233)
	at org.scalatest.concurrent.TimeLimits$.failAfterImpl(TimeLimits.scala:305)
	at org.scalatest.concurrent.TimeLimitedTests.withFixture(TimeLimitedTests.scala:153)
	at org.scalatest.concurrent.TimeLimitedTests.withFixture$(TimeLimitedTests.scala:150)
	at infrastructure.TestBase.withFixture(TestBase.scala:9)
	at org.scalatest.FunSuiteLike.invokeWithFixture$1(FunSuiteLike.scala:184)
	at org.scalatest.FunSuiteLike.$anonfun$runTest$1(FunSuiteLike.scala:196)
	at org.scalatest.SuperEngine.runTestImpl(Engine.scala:286)
	at org.scalatest.FunSuiteLike.runTest(FunSuiteLike.scala:196)
	at org.scalatest.FunSuiteLike.runTest$(FunSuiteLike.scala:178)
	at org.scalatest.FunSuite.runTest(FunSuite.scala:1560)
	at org.scalatest.FunSuiteLike.$anonfun$runTests$1(FunSuiteLike.scala:229)
	at org.scalatest.SuperEngine.$anonfun$runTestsInBranch$1(Engine.scala:393)
	at scala.collection.immutable.List.foreach(List.scala:333)
	at org.scalatest.SuperEngine.traverseSubNodes$1(Engine.scala:381)
	at org.scalatest.SuperEngine.runTestsInBranch(Engine.scala:376)
	at org.scalatest.SuperEngine.runTestsImpl(Engine.scala:458)
	at org.scalatest.FunSuiteLike.runTests(FunSuiteLike.scala:229)
	at org.scalatest.FunSuiteLike.runTests$(FunSuiteLike.scala:228)
	at org.scalatest.FunSuite.runTests(FunSuite.scala:1560)
	at org.scalatest.Suite.run(Suite.scala:1124)
	at org.scalatest.Suite.run$(Suite.scala:1106)
	at org.scalatest.FunSuite.org$scalatest$FunSuiteLike$$super$run(FunSuite.scala:1560)
	at org.scalatest.FunSuiteLike.$anonfun$run$1(FunSuiteLike.scala:233)
	at org.scalatest.SuperEngine.runImpl(Engine.scala:518)
	at org.scalatest.FunSuiteLike.run(FunSuiteLike.scala:233)
	at org.scalatest.FunSuiteLike.run$(FunSuiteLike.scala:232)
	at infrastructure.TestBase.run(TestBase.scala:26)
	at org.scalatest.Suite.callExecuteOnSuite$1(Suite.scala:1187)
	at org.scalatest.Suite.$anonfun$runNestedSuites$1(Suite.scala:1234)
	at scala.collection.ArrayOps$.foreach$extension(ArrayOps.scala:1323)
	at org.scalatest.Suite.runNestedSuites(Suite.scala:1232)
	at org.scalatest.Suite.runNestedSuites$(Suite.scala:1166)
	at org.scalatest.Suites.runNestedSuites(Suites.scala:56)
	at org.scalatest.Suite.run(Suite.scala:1121)
	at org.scalatest.Suite.run$(Suite.scala:1106)
	at tetris.TetrisTestSuitesBase.runDirect(TetrisTestSuitesBase.scala:20)
	at tetris.TetrisTestSuitesBase.runWithScoreCounter(TetrisTestSuitesBase.scala:14)
	at tetris.TetrisTestSuite3.run(TetrisTestSuite3.scala:25)
	at org.scalatestplus.junit.JUnitRunner.run(JUnitRunner.scala:99)
	at org.junit.runner.JUnitCore.run(JUnitCore.java:137)
	at org.junit.runner.JUnitCore.run(JUnitCore.java:115)
	at org.junit.vintage.engine.execution.RunnerExecutor.execute(RunnerExecutor.java:43)
	at java.util.stream.ForEachOps$ForEachOp$OfRef.accept(ForEachOps.java:183)
	at java.util.stream.ReferencePipeline$3$1.accept(ReferencePipeline.java:193)
	at java.util.Iterator.forEachRemaining(Iterator.java:116)
	at java.util.Spliterators$IteratorSpliterator.forEachRemaining(Spliterators.java:1801)
	at java.util.stream.AbstractPipeline.copyInto(AbstractPipeline.java:482)
	at java.util.stream.AbstractPipeline.wrapAndCopyInto(AbstractPipeline.java:472)
	at java.util.stream.ForEachOps$ForEachOp.evaluateSequential(ForEachOps.java:150)
	at java.util.stream.ForEachOps$ForEachOp$OfRef.evaluateSequential(ForEachOps.java:173)
	at java.util.stream.AbstractPipeline.evaluate(AbstractPipeline.java:234)
	at java.util.stream.ReferencePipeline.forEach(ReferencePipeline.java:485)
	at org.junit.vintage.engine.VintageTestEngine.executeAllChildren(VintageTestEngine.java:82)
	at org.junit.vintage.engine.VintageTestEngine.execute(VintageTestEngine.java:73)
	at org.junit.platform.launcher.core.DefaultLauncher.execute(DefaultLauncher.java:220)
	at org.junit.platform.launcher.core.DefaultLauncher.lambda$execute$6(DefaultLauncher.java:188)
	at org.junit.platform.launcher.core.DefaultLauncher.withInterceptedStreams(DefaultLauncher.java:202)
	at org.junit.platform.launcher.core.DefaultLauncher.execute(DefaultLauncher.java:181)
	at org.junit.platform.launcher.core.DefaultLauncher.execute(DefaultLauncher.java:128)
	at org.gradle.api.internal.tasks.testing.junitplatform.JUnitPlatformTestClassProcessor$CollectAllTestClassesExecutor.processAllTestClasses(JUnitPlatformTestClassProcessor.java:102)
	at org.gradle.api.internal.tasks.testing.junitplatform.JUnitPlatformTestClassProcessor$CollectAllTestClassesExecutor.access$000(JUnitPlatformTestClassProcessor.java:82)
	at org.gradle.api.internal.tasks.testing.junitplatform.JUnitPlatformTestClassProcessor.stop(JUnitPlatformTestClassProcessor.java:78)
	at org.gradle.api.internal.tasks.testing.SuiteTestClassProcessor.stop(SuiteTestClassProcessor.java:61)
	at sun.reflect.NativeMethodAccessorImpl.invoke0(Native Method)
	at sun.reflect.NativeMethodAccessorImpl.invoke(NativeMethodAccessorImpl.java:62)
	at sun.reflect.DelegatingMethodAccessorImpl.invoke(DelegatingMethodAccessorImpl.java:43)
	at java.lang.reflect.Method.invoke(Method.java:498)
	at org.gradle.internal.dispatch.ReflectionDispatch.dispatch(ReflectionDispatch.java:35)
	at org.gradle.internal.dispatch.ReflectionDispatch.dispatch(ReflectionDispatch.java:24)
	at org.gradle.internal.dispatch.ContextClassLoaderDispatch.dispatch(ContextClassLoaderDispatch.java:32)
	at org.gradle.internal.dispatch.ProxyDispatchAdapter$DispatchingInvocationHandler.invoke(ProxyDispatchAdapter.java:93)
	at com.sun.proxy.$Proxy2.stop(Unknown Source)
	at org.gradle.api.internal.tasks.testing.worker.TestWorker.stop(TestWorker.java:132)
	at sun.reflect.NativeMethodAccessorImpl.invoke0(Native Method)
	at sun.reflect.NativeMethodAccessorImpl.invoke(NativeMethodAccessorImpl.java:62)
	at sun.reflect.DelegatingMethodAccessorImpl.invoke(DelegatingMethodAccessorImpl.java:43)
	at java.lang.reflect.Method.invoke(Method.java:498)
	at org.gradle.internal.dispatch.ReflectionDispatch.dispatch(ReflectionDispatch.java:35)
	at org.gradle.internal.dispatch.ReflectionDispatch.dispatch(ReflectionDispatch.java:24)
	at org.gradle.internal.remote.internal.hub.MessageHubBackedObjectConnection$DispatchWrapper.dispatch(MessageHubBackedObjectConnection.java:175)
	at org.gradle.internal.remote.internal.hub.MessageHubBackedObjectConnection$DispatchWrapper.dispatch(MessageHubBackedObjectConnection.java:157)
	at org.gradle.internal.remote.internal.hub.MessageHub$Handler.run(MessageHub.java:404)
	at org.gradle.internal.concurrent.ExecutorPolicy$CatchAndRecordFailures.onExecute(ExecutorPolicy.java:63)
	at org.gradle.internal.concurrent.ManagedExecutorImpl$1.run(ManagedExecutorImpl.java:46)
	at java.util.concurrent.ThreadPoolExecutor.runWorker(ThreadPoolExecutor.java:1149)
	at java.util.concurrent.ThreadPoolExecutor$Worker.run(ThreadPoolExecutor.java:624)
	at org.gradle.internal.concurrent.ThreadFactoryImpl$ManagedThreadRunnable.run(ThreadFactoryImpl.java:55)
	at java.lang.Thread.run(Thread.java:748)
</failure>
  </testcase>
  <system-out><![CDATA[initialBoard: List(List(Empty, Empty, Empty, Empty, Empty), List(Empty, Empty, Empty, Empty, Empty), List(Empty, Empty, Empty, Empty, Empty), List(Empty, Empty, Empty, Empty, Empty), List(Empty, Empty, Empty, Empty, Empty), List(Empty, Empty, Empty, Empty, Empty), List(Empty, Empty, Empty, Empty, Empty), List(Empty, Empty, Empty, Empty, Empty), List(Empty, Empty, Empty, Empty, Empty))
initialBoard: List(List(Empty, Empty, Empty, Empty, Empty, Empty, Empty, Empty), List(Empty, Empty, Empty, Empty, Empty, Empty, Empty, Empty), List(Empty, Empty, Empty, Empty, Empty, Empty, Empty, Empty), List(Empty, Empty, Empty, Empty, Empty, Empty, Empty, Empty), List(Empty, Empty, Empty, Empty, Empty, Empty, Empty, Empty), List(Empty, Empty, Empty, Empty, Empty, Empty, Empty, Empty), List(Empty, Empty, Empty, Empty, Empty, Empty, Empty, Empty), List(Empty, Empty, Empty, Empty, Empty, Empty, Empty, Empty), List(Empty, Empty, Empty, Empty, Empty, Empty, Empty, Empty), List(Empty, Empty, Empty, Empty, Empty, Empty, Empty, Empty), List(Empty, Empty, Empty, Empty, Empty, Empty, Empty, Empty))
initialBoard: List(List(Empty, Empty, Empty, Empty, Empty, Empty), List(Empty, Empty, Empty, Empty, Empty, Empty), List(Empty, Empty, Empty, Empty, Empty, Empty), List(Empty, Empty, Empty, Empty, Empty, Empty), List(Empty, Empty, Empty, Empty, Empty, Empty), List(Empty, Empty, Empty, Empty, Empty, Empty), List(Empty, Empty, Empty, Empty, Empty, Empty), List(Empty, Empty, Empty, Empty, Empty, Empty), List(Empty, Empty, Empty, Empty, Empty, Empty), List(Empty, Empty, Empty, Empty, Empty, Empty))
initialBoard: List(List(Empty, Empty, Empty, Empty, Empty), List(Empty, Empty, Empty, Empty, Empty), List(Empty, Empty, Empty, Empty, Empty), List(Empty, Empty, Empty, Empty, Empty), List(Empty, Empty, Empty, Empty, Empty), List(Empty, Empty, Empty, Empty, Empty), List(Empty, Empty, Empty, Empty, Empty), List(Empty, Empty, Empty, Empty, Empty), List(Empty, Empty, Empty, Empty, Empty))
initialBoard: List(List(Empty, Empty, Empty, Empty, Empty, Empty, Empty, Empty), List(Empty, Empty, Empty, Empty, Empty, Empty, Empty, Empty), List(Empty, Empty, Empty, Empty, Empty, Empty, Empty, Empty), List(Empty, Empty, Empty, Empty, Empty, Empty, Empty, Empty), List(Empty, Empty, Empty, Empty, Empty, Empty, Empty, Empty), List(Empty, Empty, Empty, Empty, Empty, Empty, Empty, Empty), List(Empty, Empty, Empty, Empty, Empty, Empty, Empty, Empty), List(Empty, Empty, Empty, Empty, Empty, Empty, Empty, Empty), List(Empty, Empty, Empty, Empty, Empty, Empty, Empty, Empty), List(Empty, Empty, Empty, Empty, Empty, Empty, Empty, Empty), List(Empty, Empty, Empty, Empty, Empty, Empty, Empty, Empty))
initialBoard: List(List(Empty, Empty, Empty, Empty, Empty, Empty, Empty, Empty), List(Empty, Empty, Empty, Empty, Empty, Empty, Empty, Empty), List(Empty, Empty, Empty, Empty, Empty, Empty, Empty, Empty), List(Empty, Empty, Empty, Empty, Empty, Empty, Empty, Empty), List(Empty, Empty, Empty, Empty, Empty, Empty, Empty, Empty), List(Empty, Empty, Empty, Empty, Empty, Empty, Empty, Empty), List(Empty, Empty, Empty, Empty, Empty, Empty, Empty, Empty), List(Empty, Empty, Empty, Empty, Empty, Empty, Empty, Empty), List(Empty, Empty, Empty, Empty, Empty, Empty, Empty, Empty), List(Empty, Empty, Empty, Empty, Empty, Empty, Empty, Empty), List(Empty, Empty, Empty, Empty, Empty, Empty, Empty, Empty))
initialBoard: List(List(Empty, Empty, Empty, Empty, Empty, Empty), List(Empty, Empty, Empty, Empty, Empty, Empty), List(Empty, Empty, Empty, Empty, Empty, Empty), List(Empty, Empty, Empty, Empty, Empty, Empty), List(Empty, Empty, Empty, Empty, Empty, Empty), List(Empty, Empty, Empty, Empty, Empty, Empty), List(Empty, Empty, Empty, Empty, Empty, Empty), List(Empty, Empty, Empty, Empty, Empty, Empty), List(Empty, Empty, Empty, Empty, Empty, Empty), List(Empty, Empty, Empty, Empty, Empty, Empty))
You got 11/44 points!
Your base grade for the tetris exercise will be : 1.38
]]></system-out>
  <system-err><![CDATA[]]></system-err>
</testsuite>
