<?xml version="1.0" encoding="UTF-8"?>
<testsuite name="tetris.DropTests" tests="1" skipped="0" failures="1" errors="0" timestamp="2021-10-02T20:12:45" hostname="davemeister" time="0.007">
  <properties/>
  <testcase name="testDrop" classname="tetris.DropTests" time="0.007">
    <failure message="org.scalatest.exceptions.TestFailedException: didPass was false&#10;Hint: The drop action immediately moves the current tetromino all the way down such that it&#10;collides with other blocks or the bottom of the board, and spawns a new tetromino.&#10;--------------------------------------------------------------------------------&#10;This is what went wrong:&#10;&#10;step=0, rand=0, actions=&lt;Drop&gt;&#10;Want | Got ✓&#10;------------&#10;.... | .... &#10;IIII | IIII &#10;.... | .... &#10;.... | .... &#10;.T.. | .T.. &#10;TTT. | TTT. &#10;&#10;step=1, rand=0, actions=&lt;RotateRight&gt;&#10;Want | Got ✓&#10;------------&#10;..I. | ..I. &#10;..I. | ..I. &#10;..I. | ..I. &#10;..I. | ..I. &#10;.T.. | .T.. &#10;TTT. | TTT. &#10;&#10;step=2, rand=0, actions=&lt;Right&gt;&#10;Want | Got ✗&#10;------------&#10;...I | ..I. &#10;...I | ..I. &#10;...I | ..I. &#10;...I | ..I. &#10;.T.. | .T.. &#10;TTT. | TTT. &#10;&#10;step=3, rand=5, actions=&lt;Drop&gt;&#10;Want | Got ✗&#10;------------&#10;.T.. | ..I. &#10;TTT. | ..I. &#10;.... | ..I. &#10;...I | ..I. &#10;...I | .T.. &#10;.T.I | TTT. &#10;&#10;step=4, rand=5, actions=&lt;RotateRight&gt;&#10;Want | Got ✗&#10;------------&#10;.T.. | .... &#10;.TT. | .... &#10;.T.. | IIII &#10;...I | .... &#10;...I | .T.. &#10;.T.I | TTT. &#10;&#10;step=5, rand=5, actions=&lt;Left&gt;&#10;Want | Got ✗&#10;------------&#10;T... | .... &#10;TT.. | .... &#10;T... | IIII &#10;...I | .... &#10;...I | .T.. &#10;.T.I | TTT. &#10;&#10;step=6, rand=0, actions=&lt;Drop&gt;&#10;Want | Got ✗&#10;------------&#10;.... | .... &#10;IIII | .... &#10;.... | IIII &#10;T..I | .... &#10;TT.I | .T.. &#10;TT.I | TTT. &#10;&#10;step=7, rand=0, actions=&lt;RotateRight&gt;&#10;Want | Got ✗&#10;------------&#10;..I. | .I.. &#10;..I. | .I.. &#10;..I. | .I.. &#10;T.II | .I.. &#10;TT.I | .T.. &#10;TT.I | TTT. &#10;&#10;step=8, rand=5, actions=&lt;Drop&gt;&#10;Want | Got ✗&#10;------------&#10;.T.. | .I.. &#10;TTT. | .I.. &#10;.... | .I.. &#10;.... | .I.. &#10;..I. | .T.. &#10;T.II | TTT. &#10;&#10;step=9, rand=5, actions=&lt;RotateRight&gt;&#10;Want | Got ✗&#10;------------&#10;.T.. | .... &#10;.TT. | IIII &#10;.T.. | .... &#10;.... | .... &#10;..I. | .T.. &#10;T.II | TTT. &#10;&#10;step=10, rand=5, actions=&lt;RotateRight&gt;&#10;Want | Got ✗&#10;------------&#10;.... | ..I. &#10;TTT. | ..I. &#10;.T.. | ..I. &#10;.... | ..I. &#10;..I. | .T.. &#10;T.II | TTT. &#10;&#10;step=11, rand=5, actions=&lt;RotateRight&gt;&#10;Want | Got ✗&#10;------------&#10;.T.. | .... &#10;TT.. | .... &#10;.T.. | IIII &#10;.... | .... &#10;..I. | .T.. &#10;T.II | TTT. &#10;&#10;step=12, rand=0, actions=&lt;Drop&gt;&#10;Want | Got ✗&#10;------------&#10;.... | .... &#10;IIII | .... &#10;.... | IIII &#10;.... | .... &#10;.T.. | .T.. &#10;TTI. | TTT. &#10;&#10;step=13, rand=0, actions=&lt;RotateRight&gt;&#10;Want | Got ✗&#10;------------&#10;..I. | .I.. &#10;..I. | .I.. &#10;..I. | .I.. &#10;..I. | .I.. &#10;.T.. | .T.. &#10;TTI. | TTT. &#10;&#10;step=14, rand=0, actions=&lt;Right&gt;&#10;Want | Got ✗&#10;------------&#10;...I | .I.. &#10;...I | .I.. &#10;...I | .I.. &#10;...I | .I.. &#10;.T.. | .T.. &#10;TTI. | TTT. &#10;&#10;step=15, rand=5, actions=&lt;Drop&gt;&#10;Want | Got ✗&#10;------------&#10;.T.. | .I.. &#10;TTT. | .I.. &#10;.... | .I.. &#10;...I | .I.. &#10;...I | .T.. &#10;.T.I | TTT. &#10;&#10;step=16, rand=5, actions=&lt;RotateRight&gt;&#10;Want | Got ✗&#10;------------&#10;.T.. | .... &#10;.TT. | IIII &#10;.T.. | .... &#10;...I | .... &#10;...I | .T.. &#10;.T.I | TTT. &#10;&#10;step=17, rand=5, actions=&lt;RotateRight&gt;&#10;Want | Got ✗&#10;------------&#10;.... | ..I. &#10;TTT. | ..I. &#10;.T.. | ..I. &#10;...I | ..I. &#10;...I | .T.. &#10;.T.I | TTT. &#10;&#10;step=18, rand=5, actions=&lt;RotateRight&gt;&#10;Want | Got ✗&#10;------------&#10;.T.. | .... &#10;TT.. | .... &#10;.T.. | IIII &#10;...I | .... &#10;...I | .T.. &#10;.T.I | TTT. &#10;&#10;step=19, rand=5, actions=&lt;Right&gt;&#10;Want | Got ✗&#10;------------&#10;..T. | .... &#10;.TT. | .... &#10;..T. | IIII &#10;...I | .... &#10;...I | .T.. &#10;.T.I | TTT. &#10;&#10;step=20, rand=0, actions=&lt;Drop&gt;&#10;Want | Got ✗&#10;------------&#10;.... | .... &#10;IIII | .... &#10;.... | IIII &#10;..TI | .... &#10;.TTI | .T.. &#10;.TTI | TTT. &#10;&#10;" type="org.scalatest.exceptions.TestFailedException">org.scalatest.exceptions.TestFailedException: didPass was false
Hint: The drop action immediately moves the current tetromino all the way down such that it
collides with other blocks or the bottom of the board, and spawns a new tetromino.
--------------------------------------------------------------------------------
This is what went wrong:

step=0, rand=0, actions=&lt;Drop&gt;
Want | Got ✓
------------
.... | .... 
IIII | IIII 
.... | .... 
.... | .... 
.T.. | .T.. 
TTT. | TTT. 

step=1, rand=0, actions=&lt;RotateRight&gt;
Want | Got ✓
------------
..I. | ..I. 
..I. | ..I. 
..I. | ..I. 
..I. | ..I. 
.T.. | .T.. 
TTT. | TTT. 

step=2, rand=0, actions=&lt;Right&gt;
Want | Got ✗
------------
...I | ..I. 
...I | ..I. 
...I | ..I. 
...I | ..I. 
.T.. | .T.. 
TTT. | TTT. 

step=3, rand=5, actions=&lt;Drop&gt;
Want | Got ✗
------------
.T.. | ..I. 
TTT. | ..I. 
.... | ..I. 
...I | ..I. 
...I | .T.. 
.T.I | TTT. 

step=4, rand=5, actions=&lt;RotateRight&gt;
Want | Got ✗
------------
.T.. | .... 
.TT. | .... 
.T.. | IIII 
...I | .... 
...I | .T.. 
.T.I | TTT. 

step=5, rand=5, actions=&lt;Left&gt;
Want | Got ✗
------------
T... | .... 
TT.. | .... 
T... | IIII 
...I | .... 
...I | .T.. 
.T.I | TTT. 

step=6, rand=0, actions=&lt;Drop&gt;
Want | Got ✗
------------
.... | .... 
IIII | .... 
.... | IIII 
T..I | .... 
TT.I | .T.. 
TT.I | TTT. 

step=7, rand=0, actions=&lt;RotateRight&gt;
Want | Got ✗
------------
..I. | .I.. 
..I. | .I.. 
..I. | .I.. 
T.II | .I.. 
TT.I | .T.. 
TT.I | TTT. 

step=8, rand=5, actions=&lt;Drop&gt;
Want | Got ✗
------------
.T.. | .I.. 
TTT. | .I.. 
.... | .I.. 
.... | .I.. 
..I. | .T.. 
T.II | TTT. 

step=9, rand=5, actions=&lt;RotateRight&gt;
Want | Got ✗
------------
.T.. | .... 
.TT. | IIII 
.T.. | .... 
.... | .... 
..I. | .T.. 
T.II | TTT. 

step=10, rand=5, actions=&lt;RotateRight&gt;
Want | Got ✗
------------
.... | ..I. 
TTT. | ..I. 
.T.. | ..I. 
.... | ..I. 
..I. | .T.. 
T.II | TTT. 

step=11, rand=5, actions=&lt;RotateRight&gt;
Want | Got ✗
------------
.T.. | .... 
TT.. | .... 
.T.. | IIII 
.... | .... 
..I. | .T.. 
T.II | TTT. 

step=12, rand=0, actions=&lt;Drop&gt;
Want | Got ✗
------------
.... | .... 
IIII | .... 
.... | IIII 
.... | .... 
.T.. | .T.. 
TTI. | TTT. 

step=13, rand=0, actions=&lt;RotateRight&gt;
Want | Got ✗
------------
..I. | .I.. 
..I. | .I.. 
..I. | .I.. 
..I. | .I.. 
.T.. | .T.. 
TTI. | TTT. 

step=14, rand=0, actions=&lt;Right&gt;
Want | Got ✗
------------
...I | .I.. 
...I | .I.. 
...I | .I.. 
...I | .I.. 
.T.. | .T.. 
TTI. | TTT. 

step=15, rand=5, actions=&lt;Drop&gt;
Want | Got ✗
------------
.T.. | .I.. 
TTT. | .I.. 
.... | .I.. 
...I | .I.. 
...I | .T.. 
.T.I | TTT. 

step=16, rand=5, actions=&lt;RotateRight&gt;
Want | Got ✗
------------
.T.. | .... 
.TT. | IIII 
.T.. | .... 
...I | .... 
...I | .T.. 
.T.I | TTT. 

step=17, rand=5, actions=&lt;RotateRight&gt;
Want | Got ✗
------------
.... | ..I. 
TTT. | ..I. 
.T.. | ..I. 
...I | ..I. 
...I | .T.. 
.T.I | TTT. 

step=18, rand=5, actions=&lt;RotateRight&gt;
Want | Got ✗
------------
.T.. | .... 
TT.. | .... 
.T.. | IIII 
...I | .... 
...I | .T.. 
.T.I | TTT. 

step=19, rand=5, actions=&lt;Right&gt;
Want | Got ✗
------------
..T. | .... 
.TT. | .... 
..T. | IIII 
...I | .... 
...I | .T.. 
.T.I | TTT. 

step=20, rand=0, actions=&lt;Drop&gt;
Want | Got ✗
------------
.... | .... 
IIII | .... 
.... | IIII 
..TI | .... 
.TTI | .T.. 
.TTI | TTT. 


	at org.scalatest.Assertions.newAssertionFailedException(Assertions.scala:530)
	at org.scalatest.Assertions.newAssertionFailedException$(Assertions.scala:529)
	at org.scalatest.FunSuite.newAssertionFailedException(FunSuite.scala:1560)
	at org.scalatest.Assertions$AssertionsHelper.macroAssert(Assertions.scala:503)
	at generic.GameTestSuite.checkGame(GameTestSuite.scala:298)
	at tetris.TetrisTestSuiteBase.checkGame(TetrisTestSuiteBase.scala:106)
	at tetris.DropTests.$anonfun$new$1(DropTests.scala:160)
	at scala.runtime.java8.JFunction0$mcV$sp.apply(JFunction0$mcV$sp.scala:18)
	at infrastructure.TestBase.$anonfun$test$1(TestBase.scala:36)
	at org.scalatest.OutcomeOf.outcomeOf(OutcomeOf.scala:85)
	at org.scalatest.OutcomeOf.outcomeOf$(OutcomeOf.scala:83)
	at org.scalatest.OutcomeOf$.outcomeOf(OutcomeOf.scala:104)
	at org.scalatest.Transformer.apply(Transformer.scala:22)
	at org.scalatest.Transformer.apply(Transformer.scala:20)
	at org.scalatest.FunSuiteLike$$anon$1.apply(FunSuiteLike.scala:186)
	at org.scalatest.TestSuite.withFixture(TestSuite.scala:196)
	at org.scalatest.TestSuite.withFixture$(TestSuite.scala:195)
	at infrastructure.TestBase.org$scalatest$concurrent$TimeLimitedTests$$super$withFixture(TestBase.scala:9)
	at org.scalatest.concurrent.TimeLimitedTests.$anonfun$withFixture$3(TimeLimitedTests.scala:154)
	at org.scalatest.enablers.Timed$$anon$1.timeoutAfter(Timed.scala:127)
	at org.scalatest.concurrent.TimeLimits.failAfterImpl(TimeLimits.scala:239)
	at org.scalatest.concurrent.TimeLimits.failAfterImpl$(TimeLimits.scala:233)
	at org.scalatest.concurrent.TimeLimits$.failAfterImpl(TimeLimits.scala:305)
	at org.scalatest.concurrent.TimeLimitedTests.withFixture(TimeLimitedTests.scala:153)
	at org.scalatest.concurrent.TimeLimitedTests.withFixture$(TimeLimitedTests.scala:150)
	at infrastructure.TestBase.withFixture(TestBase.scala:9)
	at org.scalatest.FunSuiteLike.invokeWithFixture$1(FunSuiteLike.scala:184)
	at org.scalatest.FunSuiteLike.$anonfun$runTest$1(FunSuiteLike.scala:196)
	at org.scalatest.SuperEngine.runTestImpl(Engine.scala:286)
	at org.scalatest.FunSuiteLike.runTest(FunSuiteLike.scala:196)
	at org.scalatest.FunSuiteLike.runTest$(FunSuiteLike.scala:178)
	at org.scalatest.FunSuite.runTest(FunSuite.scala:1560)
	at org.scalatest.FunSuiteLike.$anonfun$runTests$1(FunSuiteLike.scala:229)
	at org.scalatest.SuperEngine.$anonfun$runTestsInBranch$1(Engine.scala:393)
	at scala.collection.immutable.List.foreach(List.scala:333)
	at org.scalatest.SuperEngine.traverseSubNodes$1(Engine.scala:381)
	at org.scalatest.SuperEngine.runTestsInBranch(Engine.scala:376)
	at org.scalatest.SuperEngine.runTestsImpl(Engine.scala:458)
	at org.scalatest.FunSuiteLike.runTests(FunSuiteLike.scala:229)
	at org.scalatest.FunSuiteLike.runTests$(FunSuiteLike.scala:228)
	at org.scalatest.FunSuite.runTests(FunSuite.scala:1560)
	at org.scalatest.Suite.run(Suite.scala:1124)
	at org.scalatest.Suite.run$(Suite.scala:1106)
	at org.scalatest.FunSuite.org$scalatest$FunSuiteLike$$super$run(FunSuite.scala:1560)
	at org.scalatest.FunSuiteLike.$anonfun$run$1(FunSuiteLike.scala:233)
	at org.scalatest.SuperEngine.runImpl(Engine.scala:518)
	at org.scalatest.FunSuiteLike.run(FunSuiteLike.scala:233)
	at org.scalatest.FunSuiteLike.run$(FunSuiteLike.scala:232)
	at infrastructure.TestBase.run(TestBase.scala:26)
	at org.scalatest.Suite.callExecuteOnSuite$1(Suite.scala:1187)
	at org.scalatest.Suite.$anonfun$runNestedSuites$1(Suite.scala:1234)
	at scala.collection.ArrayOps$.foreach$extension(ArrayOps.scala:1323)
	at org.scalatest.Suite.runNestedSuites(Suite.scala:1232)
	at org.scalatest.Suite.runNestedSuites$(Suite.scala:1166)
	at org.scalatest.Suites.runNestedSuites(Suites.scala:56)
	at org.scalatest.Suite.run(Suite.scala:1121)
	at org.scalatest.Suite.run$(Suite.scala:1106)
	at tetris.TetrisTestSuitesBase.runDirect(TetrisTestSuitesBase.scala:20)
	at tetris.TetrisTestSuitesBase.runWithScoreCounter(TetrisTestSuitesBase.scala:14)
	at tetris.TetrisTestSuite3.run(TetrisTestSuite3.scala:25)
	at org.scalatestplus.junit.JUnitRunner.run(JUnitRunner.scala:99)
	at org.junit.runner.JUnitCore.run(JUnitCore.java:137)
	at org.junit.runner.JUnitCore.run(JUnitCore.java:115)
	at org.junit.vintage.engine.execution.RunnerExecutor.execute(RunnerExecutor.java:43)
	at java.util.stream.ForEachOps$ForEachOp$OfRef.accept(ForEachOps.java:183)
	at java.util.stream.ReferencePipeline$3$1.accept(ReferencePipeline.java:193)
	at java.util.Iterator.forEachRemaining(Iterator.java:116)
	at java.util.Spliterators$IteratorSpliterator.forEachRemaining(Spliterators.java:1801)
	at java.util.stream.AbstractPipeline.copyInto(AbstractPipeline.java:482)
	at java.util.stream.AbstractPipeline.wrapAndCopyInto(AbstractPipeline.java:472)
	at java.util.stream.ForEachOps$ForEachOp.evaluateSequential(ForEachOps.java:150)
	at java.util.stream.ForEachOps$ForEachOp$OfRef.evaluateSequential(ForEachOps.java:173)
	at java.util.stream.AbstractPipeline.evaluate(AbstractPipeline.java:234)
	at java.util.stream.ReferencePipeline.forEach(ReferencePipeline.java:485)
	at org.junit.vintage.engine.VintageTestEngine.executeAllChildren(VintageTestEngine.java:82)
	at org.junit.vintage.engine.VintageTestEngine.execute(VintageTestEngine.java:73)
	at org.junit.platform.launcher.core.DefaultLauncher.execute(DefaultLauncher.java:220)
	at org.junit.platform.launcher.core.DefaultLauncher.lambda$execute$6(DefaultLauncher.java:188)
	at org.junit.platform.launcher.core.DefaultLauncher.withInterceptedStreams(DefaultLauncher.java:202)
	at org.junit.platform.launcher.core.DefaultLauncher.execute(DefaultLauncher.java:181)
	at org.junit.platform.launcher.core.DefaultLauncher.execute(DefaultLauncher.java:128)
	at org.gradle.api.internal.tasks.testing.junitplatform.JUnitPlatformTestClassProcessor$CollectAllTestClassesExecutor.processAllTestClasses(JUnitPlatformTestClassProcessor.java:102)
	at org.gradle.api.internal.tasks.testing.junitplatform.JUnitPlatformTestClassProcessor$CollectAllTestClassesExecutor.access$000(JUnitPlatformTestClassProcessor.java:82)
	at org.gradle.api.internal.tasks.testing.junitplatform.JUnitPlatformTestClassProcessor.stop(JUnitPlatformTestClassProcessor.java:78)
	at org.gradle.api.internal.tasks.testing.SuiteTestClassProcessor.stop(SuiteTestClassProcessor.java:61)
	at sun.reflect.NativeMethodAccessorImpl.invoke0(Native Method)
	at sun.reflect.NativeMethodAccessorImpl.invoke(NativeMethodAccessorImpl.java:62)
	at sun.reflect.DelegatingMethodAccessorImpl.invoke(DelegatingMethodAccessorImpl.java:43)
	at java.lang.reflect.Method.invoke(Method.java:498)
	at org.gradle.internal.dispatch.ReflectionDispatch.dispatch(ReflectionDispatch.java:35)
	at org.gradle.internal.dispatch.ReflectionDispatch.dispatch(ReflectionDispatch.java:24)
	at org.gradle.internal.dispatch.ContextClassLoaderDispatch.dispatch(ContextClassLoaderDispatch.java:32)
	at org.gradle.internal.dispatch.ProxyDispatchAdapter$DispatchingInvocationHandler.invoke(ProxyDispatchAdapter.java:93)
	at com.sun.proxy.$Proxy2.stop(Unknown Source)
	at org.gradle.api.internal.tasks.testing.worker.TestWorker.stop(TestWorker.java:132)
	at sun.reflect.NativeMethodAccessorImpl.invoke0(Native Method)
	at sun.reflect.NativeMethodAccessorImpl.invoke(NativeMethodAccessorImpl.java:62)
	at sun.reflect.DelegatingMethodAccessorImpl.invoke(DelegatingMethodAccessorImpl.java:43)
	at java.lang.reflect.Method.invoke(Method.java:498)
	at org.gradle.internal.dispatch.ReflectionDispatch.dispatch(ReflectionDispatch.java:35)
	at org.gradle.internal.dispatch.ReflectionDispatch.dispatch(ReflectionDispatch.java:24)
	at org.gradle.internal.remote.internal.hub.MessageHubBackedObjectConnection$DispatchWrapper.dispatch(MessageHubBackedObjectConnection.java:175)
	at org.gradle.internal.remote.internal.hub.MessageHubBackedObjectConnection$DispatchWrapper.dispatch(MessageHubBackedObjectConnection.java:157)
	at org.gradle.internal.remote.internal.hub.MessageHub$Handler.run(MessageHub.java:404)
	at org.gradle.internal.concurrent.ExecutorPolicy$CatchAndRecordFailures.onExecute(ExecutorPolicy.java:63)
	at org.gradle.internal.concurrent.ManagedExecutorImpl$1.run(ManagedExecutorImpl.java:46)
	at java.util.concurrent.ThreadPoolExecutor.runWorker(ThreadPoolExecutor.java:1149)
	at java.util.concurrent.ThreadPoolExecutor$Worker.run(ThreadPoolExecutor.java:624)
	at org.gradle.internal.concurrent.ThreadFactoryImpl$ManagedThreadRunnable.run(ThreadFactoryImpl.java:55)
	at java.lang.Thread.run(Thread.java:748)
</failure>
  </testcase>
  <system-out><![CDATA[initialBoard: List(ArraySeq(Empty, Empty, Empty, Empty), ArraySeq(Empty, Empty, Empty, Empty), ArraySeq(Empty, Empty, Empty, Empty), ArraySeq(Empty, Empty, Empty, Empty), ArraySeq(Empty, TCell, Empty, Empty), ArraySeq(TCell, TCell, TCell, Empty))
]]></system-out>
  <system-err><![CDATA[]]></system-err>
</testsuite>
