<!DOCTYPE html>
<html>
<head>
<meta http-equiv="Content-Type" content="text/html; charset=utf-8"/>
<meta http-equiv="x-ua-compatible" content="IE=edge"/>
<title>Test results - Class tetris.ClearLinesTests</title>
<link href="../css/base-style.css" rel="stylesheet" type="text/css"/>
<link href="../css/style.css" rel="stylesheet" type="text/css"/>
<script src="../js/report.js" type="text/javascript"></script>
</head>
<body>
<div id="content">
<h1>Class tetris.ClearLinesTests</h1>
<div class="breadcrumbs">
<a href="../index.html">all</a> &gt; 
<a href="../packages/tetris.html">tetris</a> &gt; ClearLinesTests</div>
<div id="summary">
<table>
<tr>
<td>
<div class="summaryGroup">
<table>
<tr>
<td>
<div class="infoBox" id="tests">
<div class="counter">5</div>
<p>tests</p>
</div>
</td>
<td>
<div class="infoBox" id="failures">
<div class="counter">5</div>
<p>failures</p>
</div>
</td>
<td>
<div class="infoBox" id="ignored">
<div class="counter">0</div>
<p>ignored</p>
</div>
</td>
<td>
<div class="infoBox" id="duration">
<div class="counter">0.015s</div>
<p>duration</p>
</div>
</td>
</tr>
</table>
</div>
</td>
<td>
<div class="infoBox failures" id="successRate">
<div class="percent">0%</div>
<p>successful</p>
</div>
</td>
</tr>
</table>
</div>
<div id="tabs">
<ul class="tabLinks">
<li>
<a href="#tab0">Failed tests</a>
</li>
<li>
<a href="#tab1">Tests</a>
</li>
<li>
<a href="#tab2">Standard output</a>
</li>
</ul>
<div id="tab0" class="tab">
<h2>Failed tests</h2>
<div class="test">
<a name="testClear1Line"></a>
<h3 class="failures">testClear1Line</h3>
<span class="code">
<pre>org.scalatest.exceptions.TestFailedException: didPass was false
Hint: When a new tetromino is placed, any full lines are removed from the board. If a lines is
removed, the lines above it are moved down to such that the line is replaced by the line above it.
Empty lines are added to the top to ensure the game has the correct height.
--------------------------------------------------------------------------------
This is what went wrong:

step=0, rand=4, actions=&lt;&gt;
Want | Got ✓
------------
.SS  | .SS  
SS.  | SS.  
...  | ...  
...  | ...  
ZZ.  | ZZ.  

step=1, rand=4, actions=&lt;RotateRight&gt;
Want | Got ✓
------------
.S.  | .S.  
.SS  | .SS  
..S  | ..S  
...  | ...  
ZZ.  | ZZ.  

step=2, rand=4, actions=&lt;Down&gt;
Want | Got ✗
------------
...  | .S.  
.S.  | .SS  
.SS  | ..S  
..S  | ...  
ZZ.  | ZZ.  

step=3, rand=4, actions=&lt;Down&gt;
Want | Got ✗
------------
...  | .S.  
...  | .SS  
.S.  | ..S  
.SS  | ...  
ZZS  | ZZ.  

step=4, rand=4, actions=&lt;Down&gt;
Want | Got ✗
------------
.SS  | .S.  
SS.  | .SS  
...  | ..S  
.S.  | ...  
.SS  | ZZ.  


	at org.scalatest.Assertions.newAssertionFailedException(Assertions.scala:530)
	at org.scalatest.Assertions.newAssertionFailedException$(Assertions.scala:529)
	at org.scalatest.FunSuite.newAssertionFailedException(FunSuite.scala:1560)
	at org.scalatest.Assertions$AssertionsHelper.macroAssert(Assertions.scala:503)
	at generic.GameTestSuite.checkGame(GameTestSuite.scala:298)
	at tetris.TetrisTestSuiteBase.checkGame(TetrisTestSuiteBase.scala:106)
	at tetris.ClearLinesTests.$anonfun$new$1(ClearLinesTests.scala:42)
	at scala.runtime.java8.JFunction0$mcV$sp.apply(JFunction0$mcV$sp.scala:18)
	at infrastructure.TestBase.$anonfun$test$1(TestBase.scala:36)
	at org.scalatest.OutcomeOf.outcomeOf(OutcomeOf.scala:85)
	at org.scalatest.OutcomeOf.outcomeOf$(OutcomeOf.scala:83)
	at org.scalatest.OutcomeOf$.outcomeOf(OutcomeOf.scala:104)
	at org.scalatest.Transformer.apply(Transformer.scala:22)
	at org.scalatest.Transformer.apply(Transformer.scala:20)
	at org.scalatest.FunSuiteLike$$anon$1.apply(FunSuiteLike.scala:186)
	at org.scalatest.TestSuite.withFixture(TestSuite.scala:196)
	at org.scalatest.TestSuite.withFixture$(TestSuite.scala:195)
	at infrastructure.TestBase.org$scalatest$concurrent$TimeLimitedTests$$super$withFixture(TestBase.scala:9)
	at org.scalatest.concurrent.TimeLimitedTests.$anonfun$withFixture$3(TimeLimitedTests.scala:154)
	at org.scalatest.enablers.Timed$$anon$1.timeoutAfter(Timed.scala:127)
	at org.scalatest.concurrent.TimeLimits.failAfterImpl(TimeLimits.scala:239)
	at org.scalatest.concurrent.TimeLimits.failAfterImpl$(TimeLimits.scala:233)
	at org.scalatest.concurrent.TimeLimits$.failAfterImpl(TimeLimits.scala:305)
	at org.scalatest.concurrent.TimeLimitedTests.withFixture(TimeLimitedTests.scala:153)
	at org.scalatest.concurrent.TimeLimitedTests.withFixture$(TimeLimitedTests.scala:150)
	at infrastructure.TestBase.withFixture(TestBase.scala:9)
	at org.scalatest.FunSuiteLike.invokeWithFixture$1(FunSuiteLike.scala:184)
	at org.scalatest.FunSuiteLike.$anonfun$runTest$1(FunSuiteLike.scala:196)
	at org.scalatest.SuperEngine.runTestImpl(Engine.scala:286)
	at org.scalatest.FunSuiteLike.runTest(FunSuiteLike.scala:196)
	at org.scalatest.FunSuiteLike.runTest$(FunSuiteLike.scala:178)
	at org.scalatest.FunSuite.runTest(FunSuite.scala:1560)
	at org.scalatest.FunSuiteLike.$anonfun$runTests$1(FunSuiteLike.scala:229)
	at org.scalatest.SuperEngine.$anonfun$runTestsInBranch$1(Engine.scala:393)
	at scala.collection.immutable.List.foreach(List.scala:333)
	at org.scalatest.SuperEngine.traverseSubNodes$1(Engine.scala:381)
	at org.scalatest.SuperEngine.runTestsInBranch(Engine.scala:376)
	at org.scalatest.SuperEngine.runTestsImpl(Engine.scala:458)
	at org.scalatest.FunSuiteLike.runTests(FunSuiteLike.scala:229)
	at org.scalatest.FunSuiteLike.runTests$(FunSuiteLike.scala:228)
	at org.scalatest.FunSuite.runTests(FunSuite.scala:1560)
	at org.scalatest.Suite.run(Suite.scala:1124)
	at org.scalatest.Suite.run$(Suite.scala:1106)
	at org.scalatest.FunSuite.org$scalatest$FunSuiteLike$$super$run(FunSuite.scala:1560)
	at org.scalatest.FunSuiteLike.$anonfun$run$1(FunSuiteLike.scala:233)
	at org.scalatest.SuperEngine.runImpl(Engine.scala:518)
	at org.scalatest.FunSuiteLike.run(FunSuiteLike.scala:233)
	at org.scalatest.FunSuiteLike.run$(FunSuiteLike.scala:232)
	at infrastructure.TestBase.run(TestBase.scala:26)
	at org.scalatest.Suite.callExecuteOnSuite$1(Suite.scala:1187)
	at org.scalatest.Suite.$anonfun$runNestedSuites$1(Suite.scala:1234)
	at scala.collection.ArrayOps$.foreach$extension(ArrayOps.scala:1323)
	at org.scalatest.Suite.runNestedSuites(Suite.scala:1232)
	at org.scalatest.Suite.runNestedSuites$(Suite.scala:1166)
	at org.scalatest.Suites.runNestedSuites(Suites.scala:56)
	at org.scalatest.Suite.run(Suite.scala:1121)
	at org.scalatest.Suite.run$(Suite.scala:1106)
	at tetris.TetrisTestSuitesBase.runDirect(TetrisTestSuitesBase.scala:20)
	at tetris.TetrisTestSuitesBase.runWithScoreCounter(TetrisTestSuitesBase.scala:14)
	at tetris.TetrisTestSuite3.run(TetrisTestSuite3.scala:25)
	at org.scalatestplus.junit.JUnitRunner.run(JUnitRunner.scala:99)
	at org.junit.runner.JUnitCore.run(JUnitCore.java:137)
	at org.junit.runner.JUnitCore.run(JUnitCore.java:115)
	at org.junit.vintage.engine.execution.RunnerExecutor.execute(RunnerExecutor.java:43)
	at java.util.stream.ForEachOps$ForEachOp$OfRef.accept(ForEachOps.java:183)
	at java.util.stream.ReferencePipeline$3$1.accept(ReferencePipeline.java:193)
	at java.util.Iterator.forEachRemaining(Iterator.java:116)
	at java.util.Spliterators$IteratorSpliterator.forEachRemaining(Spliterators.java:1801)
	at java.util.stream.AbstractPipeline.copyInto(AbstractPipeline.java:482)
	at java.util.stream.AbstractPipeline.wrapAndCopyInto(AbstractPipeline.java:472)
	at java.util.stream.ForEachOps$ForEachOp.evaluateSequential(ForEachOps.java:150)
	at java.util.stream.ForEachOps$ForEachOp$OfRef.evaluateSequential(ForEachOps.java:173)
	at java.util.stream.AbstractPipeline.evaluate(AbstractPipeline.java:234)
	at java.util.stream.ReferencePipeline.forEach(ReferencePipeline.java:485)
	at org.junit.vintage.engine.VintageTestEngine.executeAllChildren(VintageTestEngine.java:82)
	at org.junit.vintage.engine.VintageTestEngine.execute(VintageTestEngine.java:73)
	at org.junit.platform.launcher.core.DefaultLauncher.execute(DefaultLauncher.java:220)
	at org.junit.platform.launcher.core.DefaultLauncher.lambda$execute$6(DefaultLauncher.java:188)
	at org.junit.platform.launcher.core.DefaultLauncher.withInterceptedStreams(DefaultLauncher.java:202)
	at org.junit.platform.launcher.core.DefaultLauncher.execute(DefaultLauncher.java:181)
	at org.junit.platform.launcher.core.DefaultLauncher.execute(DefaultLauncher.java:128)
	at org.gradle.api.internal.tasks.testing.junitplatform.JUnitPlatformTestClassProcessor$CollectAllTestClassesExecutor.processAllTestClasses(JUnitPlatformTestClassProcessor.java:102)
	at org.gradle.api.internal.tasks.testing.junitplatform.JUnitPlatformTestClassProcessor$CollectAllTestClassesExecutor.access$000(JUnitPlatformTestClassProcessor.java:82)
	at org.gradle.api.internal.tasks.testing.junitplatform.JUnitPlatformTestClassProcessor.stop(JUnitPlatformTestClassProcessor.java:78)
	at org.gradle.api.internal.tasks.testing.SuiteTestClassProcessor.stop(SuiteTestClassProcessor.java:61)
	at sun.reflect.NativeMethodAccessorImpl.invoke0(Native Method)
	at sun.reflect.NativeMethodAccessorImpl.invoke(NativeMethodAccessorImpl.java:62)
	at sun.reflect.DelegatingMethodAccessorImpl.invoke(DelegatingMethodAccessorImpl.java:43)
	at java.lang.reflect.Method.invoke(Method.java:498)
	at org.gradle.internal.dispatch.ReflectionDispatch.dispatch(ReflectionDispatch.java:35)
	at org.gradle.internal.dispatch.ReflectionDispatch.dispatch(ReflectionDispatch.java:24)
	at org.gradle.internal.dispatch.ContextClassLoaderDispatch.dispatch(ContextClassLoaderDispatch.java:32)
	at org.gradle.internal.dispatch.ProxyDispatchAdapter$DispatchingInvocationHandler.invoke(ProxyDispatchAdapter.java:93)
	at com.sun.proxy.$Proxy2.stop(Unknown Source)
	at org.gradle.api.internal.tasks.testing.worker.TestWorker.stop(TestWorker.java:132)
	at sun.reflect.NativeMethodAccessorImpl.invoke0(Native Method)
	at sun.reflect.NativeMethodAccessorImpl.invoke(NativeMethodAccessorImpl.java:62)
	at sun.reflect.DelegatingMethodAccessorImpl.invoke(DelegatingMethodAccessorImpl.java:43)
	at java.lang.reflect.Method.invoke(Method.java:498)
	at org.gradle.internal.dispatch.ReflectionDispatch.dispatch(ReflectionDispatch.java:35)
	at org.gradle.internal.dispatch.ReflectionDispatch.dispatch(ReflectionDispatch.java:24)
	at org.gradle.internal.remote.internal.hub.MessageHubBackedObjectConnection$DispatchWrapper.dispatch(MessageHubBackedObjectConnection.java:175)
	at org.gradle.internal.remote.internal.hub.MessageHubBackedObjectConnection$DispatchWrapper.dispatch(MessageHubBackedObjectConnection.java:157)
	at org.gradle.internal.remote.internal.hub.MessageHub$Handler.run(MessageHub.java:404)
	at org.gradle.internal.concurrent.ExecutorPolicy$CatchAndRecordFailures.onExecute(ExecutorPolicy.java:63)
	at org.gradle.internal.concurrent.ManagedExecutorImpl$1.run(ManagedExecutorImpl.java:46)
	at java.util.concurrent.ThreadPoolExecutor.runWorker(ThreadPoolExecutor.java:1149)
	at java.util.concurrent.ThreadPoolExecutor$Worker.run(ThreadPoolExecutor.java:624)
	at org.gradle.internal.concurrent.ThreadFactoryImpl$ManagedThreadRunnable.run(ThreadFactoryImpl.java:55)
	at java.lang.Thread.run(Thread.java:748)
</pre>
</span>
</div>
<div class="test">
<a name="testClear1LineMiddle"></a>
<h3 class="failures">testClear1LineMiddle</h3>
<span class="code">
<pre>org.scalatest.exceptions.TestFailedException: didPass was false
Hint: When a new tetromino is placed, any full lines are removed from the board. If a lines is
removed, the lines above it are moved down to such that the line is replaced by the line above it.
Empty lines are added to the top to ensure the game has the correct height.
--------------------------------------------------------------------------------
This is what went wrong:

step=0, rand=0, actions=&lt;&gt;
Want | Got ✓
------------
.... | .... 
IIII | IIII 
.... | .... 
.... | .... 
.Z.. | .Z.. 
.Z.. | .Z.. 
ZZZ. | ZZZ. 
ZZ.. | ZZ.. 
Z.Z. | Z.Z. 

step=1, rand=0, actions=&lt;RotateRight&gt;
Want | Got ✓
------------
..I. | ..I. 
..I. | ..I. 
..I. | ..I. 
..I. | ..I. 
.Z.. | .Z.. 
.Z.. | .Z.. 
ZZZ. | ZZZ. 
ZZ.. | ZZ.. 
Z.Z. | Z.Z. 

step=2, rand=0, actions=&lt;Right&gt;
Want | Got ✗
------------
...I | ..I. 
...I | ..I. 
...I | ..I. 
...I | ..I. 
.Z.. | .Z.. 
.Z.. | .Z.. 
ZZZ. | ZZZ. 
ZZ.. | ZZ.. 
Z.Z. | Z.Z. 

step=3, rand=0, actions=&lt;Down&gt;
Want | Got ✗
------------
.... | ..I. 
...I | ..I. 
...I | ..I. 
...I | ..I. 
.Z.I | .Z.. 
.Z.. | .Z.. 
ZZZ. | ZZZ. 
ZZ.. | ZZ.. 
Z.Z. | Z.Z. 

step=4, rand=0, actions=&lt;Down&gt;
Want | Got ✗
------------
.... | ..I. 
.... | ..I. 
...I | ..I. 
...I | ..I. 
.Z.I | .Z.. 
.Z.I | .Z.. 
ZZZ. | ZZZ. 
ZZ.. | ZZ.. 
Z.Z. | Z.Z. 

step=5, rand=0, actions=&lt;Down&gt;
Want | Got ✗
------------
.... | ..I. 
.... | ..I. 
.... | ..I. 
...I | ..I. 
.Z.I | .Z.. 
.Z.I | .Z.. 
ZZZI | ZZZ. 
ZZ.. | ZZ.. 
Z.Z. | Z.Z. 

step=6, rand=0, actions=&lt;Down&gt;
Want | Got ✗
------------
.... | ..I. 
.... | ..I. 
.... | ..I. 
.... | ..I. 
.Z.I | .Z.. 
.Z.I | .Z.. 
ZZZI | ZZZ. 
ZZ.I | ZZ.. 
Z.Z. | Z.Z. 

step=7, rand=0, actions=&lt;Down&gt;
Want | Got ✗
------------
.... | ..I. 
.... | ..I. 
.... | ..I. 
.... | ..I. 
.Z.. | .Z.. 
.Z.I | .Z.. 
ZZZI | ZZZ. 
ZZ.I | ZZ.. 
Z.ZI | Z.Z. 

step=8, rand=0, actions=&lt;Down&gt;
Want | Got ✗
------------
.... | ..I. 
IIII | ..I. 
.... | ..I. 
.... | ..I. 
.... | .Z.. 
.Z.. | .Z.. 
.Z.I | ZZZ. 
ZZ.I | ZZ.. 
Z.ZI | Z.Z. 


	at org.scalatest.Assertions.newAssertionFailedException(Assertions.scala:530)
	at org.scalatest.Assertions.newAssertionFailedException$(Assertions.scala:529)
	at org.scalatest.FunSuite.newAssertionFailedException(FunSuite.scala:1560)
	at org.scalatest.Assertions$AssertionsHelper.macroAssert(Assertions.scala:503)
	at generic.GameTestSuite.checkGame(GameTestSuite.scala:298)
	at tetris.TetrisTestSuiteBase.checkGame(TetrisTestSuiteBase.scala:106)
	at tetris.ClearLinesTests.$anonfun$new$2(ClearLinesTests.scala:147)
	at scala.runtime.java8.JFunction0$mcV$sp.apply(JFunction0$mcV$sp.scala:18)
	at infrastructure.TestBase.$anonfun$test$1(TestBase.scala:36)
	at org.scalatest.OutcomeOf.outcomeOf(OutcomeOf.scala:85)
	at org.scalatest.OutcomeOf.outcomeOf$(OutcomeOf.scala:83)
	at org.scalatest.OutcomeOf$.outcomeOf(OutcomeOf.scala:104)
	at org.scalatest.Transformer.apply(Transformer.scala:22)
	at org.scalatest.Transformer.apply(Transformer.scala:20)
	at org.scalatest.FunSuiteLike$$anon$1.apply(FunSuiteLike.scala:186)
	at org.scalatest.TestSuite.withFixture(TestSuite.scala:196)
	at org.scalatest.TestSuite.withFixture$(TestSuite.scala:195)
	at infrastructure.TestBase.org$scalatest$concurrent$TimeLimitedTests$$super$withFixture(TestBase.scala:9)
	at org.scalatest.concurrent.TimeLimitedTests.$anonfun$withFixture$3(TimeLimitedTests.scala:154)
	at org.scalatest.enablers.Timed$$anon$1.timeoutAfter(Timed.scala:127)
	at org.scalatest.concurrent.TimeLimits.failAfterImpl(TimeLimits.scala:239)
	at org.scalatest.concurrent.TimeLimits.failAfterImpl$(TimeLimits.scala:233)
	at org.scalatest.concurrent.TimeLimits$.failAfterImpl(TimeLimits.scala:305)
	at org.scalatest.concurrent.TimeLimitedTests.withFixture(TimeLimitedTests.scala:153)
	at org.scalatest.concurrent.TimeLimitedTests.withFixture$(TimeLimitedTests.scala:150)
	at infrastructure.TestBase.withFixture(TestBase.scala:9)
	at org.scalatest.FunSuiteLike.invokeWithFixture$1(FunSuiteLike.scala:184)
	at org.scalatest.FunSuiteLike.$anonfun$runTest$1(FunSuiteLike.scala:196)
	at org.scalatest.SuperEngine.runTestImpl(Engine.scala:286)
	at org.scalatest.FunSuiteLike.runTest(FunSuiteLike.scala:196)
	at org.scalatest.FunSuiteLike.runTest$(FunSuiteLike.scala:178)
	at org.scalatest.FunSuite.runTest(FunSuite.scala:1560)
	at org.scalatest.FunSuiteLike.$anonfun$runTests$1(FunSuiteLike.scala:229)
	at org.scalatest.SuperEngine.$anonfun$runTestsInBranch$1(Engine.scala:393)
	at scala.collection.immutable.List.foreach(List.scala:333)
	at org.scalatest.SuperEngine.traverseSubNodes$1(Engine.scala:381)
	at org.scalatest.SuperEngine.runTestsInBranch(Engine.scala:376)
	at org.scalatest.SuperEngine.runTestsImpl(Engine.scala:458)
	at org.scalatest.FunSuiteLike.runTests(FunSuiteLike.scala:229)
	at org.scalatest.FunSuiteLike.runTests$(FunSuiteLike.scala:228)
	at org.scalatest.FunSuite.runTests(FunSuite.scala:1560)
	at org.scalatest.Suite.run(Suite.scala:1124)
	at org.scalatest.Suite.run$(Suite.scala:1106)
	at org.scalatest.FunSuite.org$scalatest$FunSuiteLike$$super$run(FunSuite.scala:1560)
	at org.scalatest.FunSuiteLike.$anonfun$run$1(FunSuiteLike.scala:233)
	at org.scalatest.SuperEngine.runImpl(Engine.scala:518)
	at org.scalatest.FunSuiteLike.run(FunSuiteLike.scala:233)
	at org.scalatest.FunSuiteLike.run$(FunSuiteLike.scala:232)
	at infrastructure.TestBase.run(TestBase.scala:26)
	at org.scalatest.Suite.callExecuteOnSuite$1(Suite.scala:1187)
	at org.scalatest.Suite.$anonfun$runNestedSuites$1(Suite.scala:1234)
	at scala.collection.ArrayOps$.foreach$extension(ArrayOps.scala:1323)
	at org.scalatest.Suite.runNestedSuites(Suite.scala:1232)
	at org.scalatest.Suite.runNestedSuites$(Suite.scala:1166)
	at org.scalatest.Suites.runNestedSuites(Suites.scala:56)
	at org.scalatest.Suite.run(Suite.scala:1121)
	at org.scalatest.Suite.run$(Suite.scala:1106)
	at tetris.TetrisTestSuitesBase.runDirect(TetrisTestSuitesBase.scala:20)
	at tetris.TetrisTestSuitesBase.runWithScoreCounter(TetrisTestSuitesBase.scala:14)
	at tetris.TetrisTestSuite3.run(TetrisTestSuite3.scala:25)
	at org.scalatestplus.junit.JUnitRunner.run(JUnitRunner.scala:99)
	at org.junit.runner.JUnitCore.run(JUnitCore.java:137)
	at org.junit.runner.JUnitCore.run(JUnitCore.java:115)
	at org.junit.vintage.engine.execution.RunnerExecutor.execute(RunnerExecutor.java:43)
	at java.util.stream.ForEachOps$ForEachOp$OfRef.accept(ForEachOps.java:183)
	at java.util.stream.ReferencePipeline$3$1.accept(ReferencePipeline.java:193)
	at java.util.Iterator.forEachRemaining(Iterator.java:116)
	at java.util.Spliterators$IteratorSpliterator.forEachRemaining(Spliterators.java:1801)
	at java.util.stream.AbstractPipeline.copyInto(AbstractPipeline.java:482)
	at java.util.stream.AbstractPipeline.wrapAndCopyInto(AbstractPipeline.java:472)
	at java.util.stream.ForEachOps$ForEachOp.evaluateSequential(ForEachOps.java:150)
	at java.util.stream.ForEachOps$ForEachOp$OfRef.evaluateSequential(ForEachOps.java:173)
	at java.util.stream.AbstractPipeline.evaluate(AbstractPipeline.java:234)
	at java.util.stream.ReferencePipeline.forEach(ReferencePipeline.java:485)
	at org.junit.vintage.engine.VintageTestEngine.executeAllChildren(VintageTestEngine.java:82)
	at org.junit.vintage.engine.VintageTestEngine.execute(VintageTestEngine.java:73)
	at org.junit.platform.launcher.core.DefaultLauncher.execute(DefaultLauncher.java:220)
	at org.junit.platform.launcher.core.DefaultLauncher.lambda$execute$6(DefaultLauncher.java:188)
	at org.junit.platform.launcher.core.DefaultLauncher.withInterceptedStreams(DefaultLauncher.java:202)
	at org.junit.platform.launcher.core.DefaultLauncher.execute(DefaultLauncher.java:181)
	at org.junit.platform.launcher.core.DefaultLauncher.execute(DefaultLauncher.java:128)
	at org.gradle.api.internal.tasks.testing.junitplatform.JUnitPlatformTestClassProcessor$CollectAllTestClassesExecutor.processAllTestClasses(JUnitPlatformTestClassProcessor.java:102)
	at org.gradle.api.internal.tasks.testing.junitplatform.JUnitPlatformTestClassProcessor$CollectAllTestClassesExecutor.access$000(JUnitPlatformTestClassProcessor.java:82)
	at org.gradle.api.internal.tasks.testing.junitplatform.JUnitPlatformTestClassProcessor.stop(JUnitPlatformTestClassProcessor.java:78)
	at org.gradle.api.internal.tasks.testing.SuiteTestClassProcessor.stop(SuiteTestClassProcessor.java:61)
	at sun.reflect.NativeMethodAccessorImpl.invoke0(Native Method)
	at sun.reflect.NativeMethodAccessorImpl.invoke(NativeMethodAccessorImpl.java:62)
	at sun.reflect.DelegatingMethodAccessorImpl.invoke(DelegatingMethodAccessorImpl.java:43)
	at java.lang.reflect.Method.invoke(Method.java:498)
	at org.gradle.internal.dispatch.ReflectionDispatch.dispatch(ReflectionDispatch.java:35)
	at org.gradle.internal.dispatch.ReflectionDispatch.dispatch(ReflectionDispatch.java:24)
	at org.gradle.internal.dispatch.ContextClassLoaderDispatch.dispatch(ContextClassLoaderDispatch.java:32)
	at org.gradle.internal.dispatch.ProxyDispatchAdapter$DispatchingInvocationHandler.invoke(ProxyDispatchAdapter.java:93)
	at com.sun.proxy.$Proxy2.stop(Unknown Source)
	at org.gradle.api.internal.tasks.testing.worker.TestWorker.stop(TestWorker.java:132)
	at sun.reflect.NativeMethodAccessorImpl.invoke0(Native Method)
	at sun.reflect.NativeMethodAccessorImpl.invoke(NativeMethodAccessorImpl.java:62)
	at sun.reflect.DelegatingMethodAccessorImpl.invoke(DelegatingMethodAccessorImpl.java:43)
	at java.lang.reflect.Method.invoke(Method.java:498)
	at org.gradle.internal.dispatch.ReflectionDispatch.dispatch(ReflectionDispatch.java:35)
	at org.gradle.internal.dispatch.ReflectionDispatch.dispatch(ReflectionDispatch.java:24)
	at org.gradle.internal.remote.internal.hub.MessageHubBackedObjectConnection$DispatchWrapper.dispatch(MessageHubBackedObjectConnection.java:175)
	at org.gradle.internal.remote.internal.hub.MessageHubBackedObjectConnection$DispatchWrapper.dispatch(MessageHubBackedObjectConnection.java:157)
	at org.gradle.internal.remote.internal.hub.MessageHub$Handler.run(MessageHub.java:404)
	at org.gradle.internal.concurrent.ExecutorPolicy$CatchAndRecordFailures.onExecute(ExecutorPolicy.java:63)
	at org.gradle.internal.concurrent.ManagedExecutorImpl$1.run(ManagedExecutorImpl.java:46)
	at java.util.concurrent.ThreadPoolExecutor.runWorker(ThreadPoolExecutor.java:1149)
	at java.util.concurrent.ThreadPoolExecutor$Worker.run(ThreadPoolExecutor.java:624)
	at org.gradle.internal.concurrent.ThreadFactoryImpl$ManagedThreadRunnable.run(ThreadFactoryImpl.java:55)
	at java.lang.Thread.run(Thread.java:748)
</pre>
</span>
</div>
<div class="test">
<a name="testClear2Lines"></a>
<h3 class="failures">testClear2Lines</h3>
<span class="code">
<pre>org.scalatest.exceptions.TestFailedException: didPass was false
Hint: When a new tetromino is placed, any full lines are removed from the board. If a lines is
removed, the lines above it are moved down to such that the line is replaced by the line above it.
Empty lines are added to the top to ensure the game has the correct height.
--------------------------------------------------------------------------------
This is what went wrong:

step=0, rand=0, actions=&lt;&gt;
Want | Got ✓
------------
.... | .... 
IIII | IIII 
.... | .... 
.... | .... 
ZZZ. | ZZZ. 
.Z.. | .Z.. 
ZZZ. | ZZZ. 
Z.Z. | Z.Z. 

step=1, rand=0, actions=&lt;RotateRight&gt;
Want | Got ✓
------------
..I. | ..I. 
..I. | ..I. 
..I. | ..I. 
..I. | ..I. 
ZZZ. | ZZZ. 
.Z.. | .Z.. 
ZZZ. | ZZZ. 
Z.Z. | Z.Z. 

step=2, rand=0, actions=&lt;Right&gt;
Want | Got ✗
------------
...I | ..I. 
...I | ..I. 
...I | ..I. 
...I | ..I. 
ZZZ. | ZZZ. 
.Z.. | .Z.. 
ZZZ. | ZZZ. 
Z.Z. | Z.Z. 

step=3, rand=0, actions=&lt;Down&gt;
Want | Got ✗
------------
.... | ..I. 
...I | ..I. 
...I | ..I. 
...I | ..I. 
ZZZI | ZZZ. 
.Z.. | .Z.. 
ZZZ. | ZZZ. 
Z.Z. | Z.Z. 

step=4, rand=0, actions=&lt;Down&gt;
Want | Got ✗
------------
.... | ..I. 
.... | ..I. 
...I | ..I. 
...I | ..I. 
ZZZI | ZZZ. 
.Z.I | .Z.. 
ZZZ. | ZZZ. 
Z.Z. | Z.Z. 

step=5, rand=0, actions=&lt;Down&gt;
Want | Got ✗
------------
.... | ..I. 
.... | ..I. 
.... | ..I. 
...I | ..I. 
ZZZI | ZZZ. 
.Z.I | .Z.. 
ZZZI | ZZZ. 
Z.Z. | Z.Z. 

step=6, rand=0, actions=&lt;Down&gt;
Want | Got ✗
------------
.... | ..I. 
.... | ..I. 
.... | ..I. 
.... | ..I. 
ZZZI | ZZZ. 
.Z.I | .Z.. 
ZZZI | ZZZ. 
Z.ZI | Z.Z. 

step=7, rand=0, actions=&lt;Down&gt;
Want | Got ✗
------------
.... | ..I. 
IIII | ..I. 
.... | ..I. 
.... | ..I. 
.... | ZZZ. 
.... | .Z.. 
.Z.I | ZZZ. 
Z.ZI | Z.Z. 


	at org.scalatest.Assertions.newAssertionFailedException(Assertions.scala:530)
	at org.scalatest.Assertions.newAssertionFailedException$(Assertions.scala:529)
	at org.scalatest.FunSuite.newAssertionFailedException(FunSuite.scala:1560)
	at org.scalatest.Assertions$AssertionsHelper.macroAssert(Assertions.scala:503)
	at generic.GameTestSuite.checkGame(GameTestSuite.scala:298)
	at tetris.TetrisTestSuiteBase.checkGame(TetrisTestSuiteBase.scala:106)
	at tetris.ClearLinesTests.$anonfun$new$3(ClearLinesTests.scala:233)
	at scala.runtime.java8.JFunction0$mcV$sp.apply(JFunction0$mcV$sp.scala:18)
	at infrastructure.TestBase.$anonfun$test$1(TestBase.scala:36)
	at org.scalatest.OutcomeOf.outcomeOf(OutcomeOf.scala:85)
	at org.scalatest.OutcomeOf.outcomeOf$(OutcomeOf.scala:83)
	at org.scalatest.OutcomeOf$.outcomeOf(OutcomeOf.scala:104)
	at org.scalatest.Transformer.apply(Transformer.scala:22)
	at org.scalatest.Transformer.apply(Transformer.scala:20)
	at org.scalatest.FunSuiteLike$$anon$1.apply(FunSuiteLike.scala:186)
	at org.scalatest.TestSuite.withFixture(TestSuite.scala:196)
	at org.scalatest.TestSuite.withFixture$(TestSuite.scala:195)
	at infrastructure.TestBase.org$scalatest$concurrent$TimeLimitedTests$$super$withFixture(TestBase.scala:9)
	at org.scalatest.concurrent.TimeLimitedTests.$anonfun$withFixture$3(TimeLimitedTests.scala:154)
	at org.scalatest.enablers.Timed$$anon$1.timeoutAfter(Timed.scala:127)
	at org.scalatest.concurrent.TimeLimits.failAfterImpl(TimeLimits.scala:239)
	at org.scalatest.concurrent.TimeLimits.failAfterImpl$(TimeLimits.scala:233)
	at org.scalatest.concurrent.TimeLimits$.failAfterImpl(TimeLimits.scala:305)
	at org.scalatest.concurrent.TimeLimitedTests.withFixture(TimeLimitedTests.scala:153)
	at org.scalatest.concurrent.TimeLimitedTests.withFixture$(TimeLimitedTests.scala:150)
	at infrastructure.TestBase.withFixture(TestBase.scala:9)
	at org.scalatest.FunSuiteLike.invokeWithFixture$1(FunSuiteLike.scala:184)
	at org.scalatest.FunSuiteLike.$anonfun$runTest$1(FunSuiteLike.scala:196)
	at org.scalatest.SuperEngine.runTestImpl(Engine.scala:286)
	at org.scalatest.FunSuiteLike.runTest(FunSuiteLike.scala:196)
	at org.scalatest.FunSuiteLike.runTest$(FunSuiteLike.scala:178)
	at org.scalatest.FunSuite.runTest(FunSuite.scala:1560)
	at org.scalatest.FunSuiteLike.$anonfun$runTests$1(FunSuiteLike.scala:229)
	at org.scalatest.SuperEngine.$anonfun$runTestsInBranch$1(Engine.scala:393)
	at scala.collection.immutable.List.foreach(List.scala:333)
	at org.scalatest.SuperEngine.traverseSubNodes$1(Engine.scala:381)
	at org.scalatest.SuperEngine.runTestsInBranch(Engine.scala:376)
	at org.scalatest.SuperEngine.runTestsImpl(Engine.scala:458)
	at org.scalatest.FunSuiteLike.runTests(FunSuiteLike.scala:229)
	at org.scalatest.FunSuiteLike.runTests$(FunSuiteLike.scala:228)
	at org.scalatest.FunSuite.runTests(FunSuite.scala:1560)
	at org.scalatest.Suite.run(Suite.scala:1124)
	at org.scalatest.Suite.run$(Suite.scala:1106)
	at org.scalatest.FunSuite.org$scalatest$FunSuiteLike$$super$run(FunSuite.scala:1560)
	at org.scalatest.FunSuiteLike.$anonfun$run$1(FunSuiteLike.scala:233)
	at org.scalatest.SuperEngine.runImpl(Engine.scala:518)
	at org.scalatest.FunSuiteLike.run(FunSuiteLike.scala:233)
	at org.scalatest.FunSuiteLike.run$(FunSuiteLike.scala:232)
	at infrastructure.TestBase.run(TestBase.scala:26)
	at org.scalatest.Suite.callExecuteOnSuite$1(Suite.scala:1187)
	at org.scalatest.Suite.$anonfun$runNestedSuites$1(Suite.scala:1234)
	at scala.collection.ArrayOps$.foreach$extension(ArrayOps.scala:1323)
	at org.scalatest.Suite.runNestedSuites(Suite.scala:1232)
	at org.scalatest.Suite.runNestedSuites$(Suite.scala:1166)
	at org.scalatest.Suites.runNestedSuites(Suites.scala:56)
	at org.scalatest.Suite.run(Suite.scala:1121)
	at org.scalatest.Suite.run$(Suite.scala:1106)
	at tetris.TetrisTestSuitesBase.runDirect(TetrisTestSuitesBase.scala:20)
	at tetris.TetrisTestSuitesBase.runWithScoreCounter(TetrisTestSuitesBase.scala:14)
	at tetris.TetrisTestSuite3.run(TetrisTestSuite3.scala:25)
	at org.scalatestplus.junit.JUnitRunner.run(JUnitRunner.scala:99)
	at org.junit.runner.JUnitCore.run(JUnitCore.java:137)
	at org.junit.runner.JUnitCore.run(JUnitCore.java:115)
	at org.junit.vintage.engine.execution.RunnerExecutor.execute(RunnerExecutor.java:43)
	at java.util.stream.ForEachOps$ForEachOp$OfRef.accept(ForEachOps.java:183)
	at java.util.stream.ReferencePipeline$3$1.accept(ReferencePipeline.java:193)
	at java.util.Iterator.forEachRemaining(Iterator.java:116)
	at java.util.Spliterators$IteratorSpliterator.forEachRemaining(Spliterators.java:1801)
	at java.util.stream.AbstractPipeline.copyInto(AbstractPipeline.java:482)
	at java.util.stream.AbstractPipeline.wrapAndCopyInto(AbstractPipeline.java:472)
	at java.util.stream.ForEachOps$ForEachOp.evaluateSequential(ForEachOps.java:150)
	at java.util.stream.ForEachOps$ForEachOp$OfRef.evaluateSequential(ForEachOps.java:173)
	at java.util.stream.AbstractPipeline.evaluate(AbstractPipeline.java:234)
	at java.util.stream.ReferencePipeline.forEach(ReferencePipeline.java:485)
	at org.junit.vintage.engine.VintageTestEngine.executeAllChildren(VintageTestEngine.java:82)
	at org.junit.vintage.engine.VintageTestEngine.execute(VintageTestEngine.java:73)
	at org.junit.platform.launcher.core.DefaultLauncher.execute(DefaultLauncher.java:220)
	at org.junit.platform.launcher.core.DefaultLauncher.lambda$execute$6(DefaultLauncher.java:188)
	at org.junit.platform.launcher.core.DefaultLauncher.withInterceptedStreams(DefaultLauncher.java:202)
	at org.junit.platform.launcher.core.DefaultLauncher.execute(DefaultLauncher.java:181)
	at org.junit.platform.launcher.core.DefaultLauncher.execute(DefaultLauncher.java:128)
	at org.gradle.api.internal.tasks.testing.junitplatform.JUnitPlatformTestClassProcessor$CollectAllTestClassesExecutor.processAllTestClasses(JUnitPlatformTestClassProcessor.java:102)
	at org.gradle.api.internal.tasks.testing.junitplatform.JUnitPlatformTestClassProcessor$CollectAllTestClassesExecutor.access$000(JUnitPlatformTestClassProcessor.java:82)
	at org.gradle.api.internal.tasks.testing.junitplatform.JUnitPlatformTestClassProcessor.stop(JUnitPlatformTestClassProcessor.java:78)
	at org.gradle.api.internal.tasks.testing.SuiteTestClassProcessor.stop(SuiteTestClassProcessor.java:61)
	at sun.reflect.NativeMethodAccessorImpl.invoke0(Native Method)
	at sun.reflect.NativeMethodAccessorImpl.invoke(NativeMethodAccessorImpl.java:62)
	at sun.reflect.DelegatingMethodAccessorImpl.invoke(DelegatingMethodAccessorImpl.java:43)
	at java.lang.reflect.Method.invoke(Method.java:498)
	at org.gradle.internal.dispatch.ReflectionDispatch.dispatch(ReflectionDispatch.java:35)
	at org.gradle.internal.dispatch.ReflectionDispatch.dispatch(ReflectionDispatch.java:24)
	at org.gradle.internal.dispatch.ContextClassLoaderDispatch.dispatch(ContextClassLoaderDispatch.java:32)
	at org.gradle.internal.dispatch.ProxyDispatchAdapter$DispatchingInvocationHandler.invoke(ProxyDispatchAdapter.java:93)
	at com.sun.proxy.$Proxy2.stop(Unknown Source)
	at org.gradle.api.internal.tasks.testing.worker.TestWorker.stop(TestWorker.java:132)
	at sun.reflect.NativeMethodAccessorImpl.invoke0(Native Method)
	at sun.reflect.NativeMethodAccessorImpl.invoke(NativeMethodAccessorImpl.java:62)
	at sun.reflect.DelegatingMethodAccessorImpl.invoke(DelegatingMethodAccessorImpl.java:43)
	at java.lang.reflect.Method.invoke(Method.java:498)
	at org.gradle.internal.dispatch.ReflectionDispatch.dispatch(ReflectionDispatch.java:35)
	at org.gradle.internal.dispatch.ReflectionDispatch.dispatch(ReflectionDispatch.java:24)
	at org.gradle.internal.remote.internal.hub.MessageHubBackedObjectConnection$DispatchWrapper.dispatch(MessageHubBackedObjectConnection.java:175)
	at org.gradle.internal.remote.internal.hub.MessageHubBackedObjectConnection$DispatchWrapper.dispatch(MessageHubBackedObjectConnection.java:157)
	at org.gradle.internal.remote.internal.hub.MessageHub$Handler.run(MessageHub.java:404)
	at org.gradle.internal.concurrent.ExecutorPolicy$CatchAndRecordFailures.onExecute(ExecutorPolicy.java:63)
	at org.gradle.internal.concurrent.ManagedExecutorImpl$1.run(ManagedExecutorImpl.java:46)
	at java.util.concurrent.ThreadPoolExecutor.runWorker(ThreadPoolExecutor.java:1149)
	at java.util.concurrent.ThreadPoolExecutor$Worker.run(ThreadPoolExecutor.java:624)
	at org.gradle.internal.concurrent.ThreadFactoryImpl$ManagedThreadRunnable.run(ThreadFactoryImpl.java:55)
	at java.lang.Thread.run(Thread.java:748)
</pre>
</span>
</div>
<div class="test">
<a name="testClear3Lines"></a>
<h3 class="failures">testClear3Lines</h3>
<span class="code">
<pre>org.scalatest.exceptions.TestFailedException: didPass was false
Hint: When a new tetromino is placed, any full lines are removed from the board. If a lines is
removed, the lines above it are moved down to such that the line is replaced by the line above it.
Empty lines are added to the top to ensure the game has the correct height.
--------------------------------------------------------------------------------
This is what went wrong:

step=0, rand=0, actions=&lt;&gt;
Want | Got ✓
------------
.... | .... 
IIII | IIII 
.... | .... 
.... | .... 
ZZZ. | ZZZ. 
.Z.. | .Z.. 
ZZZ. | ZZZ. 
ZZZ. | ZZZ. 

step=1, rand=0, actions=&lt;RotateRight&gt;
Want | Got ✓
------------
..I. | ..I. 
..I. | ..I. 
..I. | ..I. 
..I. | ..I. 
ZZZ. | ZZZ. 
.Z.. | .Z.. 
ZZZ. | ZZZ. 
ZZZ. | ZZZ. 

step=2, rand=0, actions=&lt;Right&gt;
Want | Got ✗
------------
...I | ..I. 
...I | ..I. 
...I | ..I. 
...I | ..I. 
ZZZ. | ZZZ. 
.Z.. | .Z.. 
ZZZ. | ZZZ. 
ZZZ. | ZZZ. 

step=3, rand=0, actions=&lt;Down&gt;
Want | Got ✗
------------
.... | ..I. 
...I | ..I. 
...I | ..I. 
...I | ..I. 
ZZZI | ZZZ. 
.Z.. | .Z.. 
ZZZ. | ZZZ. 
ZZZ. | ZZZ. 

step=4, rand=0, actions=&lt;Down&gt;
Want | Got ✗
------------
.... | ..I. 
.... | ..I. 
...I | ..I. 
...I | ..I. 
ZZZI | ZZZ. 
.Z.I | .Z.. 
ZZZ. | ZZZ. 
ZZZ. | ZZZ. 

step=5, rand=0, actions=&lt;Down&gt;
Want | Got ✗
------------
.... | ..I. 
.... | ..I. 
.... | ..I. 
...I | ..I. 
ZZZI | ZZZ. 
.Z.I | .Z.. 
ZZZI | ZZZ. 
ZZZ. | ZZZ. 

step=6, rand=0, actions=&lt;Down&gt;
Want | Got ✗
------------
.... | ..I. 
.... | ..I. 
.... | ..I. 
.... | ..I. 
ZZZI | ZZZ. 
.Z.I | .Z.. 
ZZZI | ZZZ. 
ZZZI | ZZZ. 

step=7, rand=0, actions=&lt;Down&gt;
Want | Got ✗
------------
.... | ..I. 
IIII | ..I. 
.... | ..I. 
.... | ..I. 
.... | ZZZ. 
.... | .Z.. 
.... | ZZZ. 
.Z.I | ZZZ. 


	at org.scalatest.Assertions.newAssertionFailedException(Assertions.scala:530)
	at org.scalatest.Assertions.newAssertionFailedException$(Assertions.scala:529)
	at org.scalatest.FunSuite.newAssertionFailedException(FunSuite.scala:1560)
	at org.scalatest.Assertions$AssertionsHelper.macroAssert(Assertions.scala:503)
	at generic.GameTestSuite.checkGame(GameTestSuite.scala:298)
	at tetris.TetrisTestSuiteBase.checkGame(TetrisTestSuiteBase.scala:106)
	at tetris.ClearLinesTests.$anonfun$new$4(ClearLinesTests.scala:319)
	at scala.runtime.java8.JFunction0$mcV$sp.apply(JFunction0$mcV$sp.scala:18)
	at infrastructure.TestBase.$anonfun$test$1(TestBase.scala:36)
	at org.scalatest.OutcomeOf.outcomeOf(OutcomeOf.scala:85)
	at org.scalatest.OutcomeOf.outcomeOf$(OutcomeOf.scala:83)
	at org.scalatest.OutcomeOf$.outcomeOf(OutcomeOf.scala:104)
	at org.scalatest.Transformer.apply(Transformer.scala:22)
	at org.scalatest.Transformer.apply(Transformer.scala:20)
	at org.scalatest.FunSuiteLike$$anon$1.apply(FunSuiteLike.scala:186)
	at org.scalatest.TestSuite.withFixture(TestSuite.scala:196)
	at org.scalatest.TestSuite.withFixture$(TestSuite.scala:195)
	at infrastructure.TestBase.org$scalatest$concurrent$TimeLimitedTests$$super$withFixture(TestBase.scala:9)
	at org.scalatest.concurrent.TimeLimitedTests.$anonfun$withFixture$3(TimeLimitedTests.scala:154)
	at org.scalatest.enablers.Timed$$anon$1.timeoutAfter(Timed.scala:127)
	at org.scalatest.concurrent.TimeLimits.failAfterImpl(TimeLimits.scala:239)
	at org.scalatest.concurrent.TimeLimits.failAfterImpl$(TimeLimits.scala:233)
	at org.scalatest.concurrent.TimeLimits$.failAfterImpl(TimeLimits.scala:305)
	at org.scalatest.concurrent.TimeLimitedTests.withFixture(TimeLimitedTests.scala:153)
	at org.scalatest.concurrent.TimeLimitedTests.withFixture$(TimeLimitedTests.scala:150)
	at infrastructure.TestBase.withFixture(TestBase.scala:9)
	at org.scalatest.FunSuiteLike.invokeWithFixture$1(FunSuiteLike.scala:184)
	at org.scalatest.FunSuiteLike.$anonfun$runTest$1(FunSuiteLike.scala:196)
	at org.scalatest.SuperEngine.runTestImpl(Engine.scala:286)
	at org.scalatest.FunSuiteLike.runTest(FunSuiteLike.scala:196)
	at org.scalatest.FunSuiteLike.runTest$(FunSuiteLike.scala:178)
	at org.scalatest.FunSuite.runTest(FunSuite.scala:1560)
	at org.scalatest.FunSuiteLike.$anonfun$runTests$1(FunSuiteLike.scala:229)
	at org.scalatest.SuperEngine.$anonfun$runTestsInBranch$1(Engine.scala:393)
	at scala.collection.immutable.List.foreach(List.scala:333)
	at org.scalatest.SuperEngine.traverseSubNodes$1(Engine.scala:381)
	at org.scalatest.SuperEngine.runTestsInBranch(Engine.scala:376)
	at org.scalatest.SuperEngine.runTestsImpl(Engine.scala:458)
	at org.scalatest.FunSuiteLike.runTests(FunSuiteLike.scala:229)
	at org.scalatest.FunSuiteLike.runTests$(FunSuiteLike.scala:228)
	at org.scalatest.FunSuite.runTests(FunSuite.scala:1560)
	at org.scalatest.Suite.run(Suite.scala:1124)
	at org.scalatest.Suite.run$(Suite.scala:1106)
	at org.scalatest.FunSuite.org$scalatest$FunSuiteLike$$super$run(FunSuite.scala:1560)
	at org.scalatest.FunSuiteLike.$anonfun$run$1(FunSuiteLike.scala:233)
	at org.scalatest.SuperEngine.runImpl(Engine.scala:518)
	at org.scalatest.FunSuiteLike.run(FunSuiteLike.scala:233)
	at org.scalatest.FunSuiteLike.run$(FunSuiteLike.scala:232)
	at infrastructure.TestBase.run(TestBase.scala:26)
	at org.scalatest.Suite.callExecuteOnSuite$1(Suite.scala:1187)
	at org.scalatest.Suite.$anonfun$runNestedSuites$1(Suite.scala:1234)
	at scala.collection.ArrayOps$.foreach$extension(ArrayOps.scala:1323)
	at org.scalatest.Suite.runNestedSuites(Suite.scala:1232)
	at org.scalatest.Suite.runNestedSuites$(Suite.scala:1166)
	at org.scalatest.Suites.runNestedSuites(Suites.scala:56)
	at org.scalatest.Suite.run(Suite.scala:1121)
	at org.scalatest.Suite.run$(Suite.scala:1106)
	at tetris.TetrisTestSuitesBase.runDirect(TetrisTestSuitesBase.scala:20)
	at tetris.TetrisTestSuitesBase.runWithScoreCounter(TetrisTestSuitesBase.scala:14)
	at tetris.TetrisTestSuite3.run(TetrisTestSuite3.scala:25)
	at org.scalatestplus.junit.JUnitRunner.run(JUnitRunner.scala:99)
	at org.junit.runner.JUnitCore.run(JUnitCore.java:137)
	at org.junit.runner.JUnitCore.run(JUnitCore.java:115)
	at org.junit.vintage.engine.execution.RunnerExecutor.execute(RunnerExecutor.java:43)
	at java.util.stream.ForEachOps$ForEachOp$OfRef.accept(ForEachOps.java:183)
	at java.util.stream.ReferencePipeline$3$1.accept(ReferencePipeline.java:193)
	at java.util.Iterator.forEachRemaining(Iterator.java:116)
	at java.util.Spliterators$IteratorSpliterator.forEachRemaining(Spliterators.java:1801)
	at java.util.stream.AbstractPipeline.copyInto(AbstractPipeline.java:482)
	at java.util.stream.AbstractPipeline.wrapAndCopyInto(AbstractPipeline.java:472)
	at java.util.stream.ForEachOps$ForEachOp.evaluateSequential(ForEachOps.java:150)
	at java.util.stream.ForEachOps$ForEachOp$OfRef.evaluateSequential(ForEachOps.java:173)
	at java.util.stream.AbstractPipeline.evaluate(AbstractPipeline.java:234)
	at java.util.stream.ReferencePipeline.forEach(ReferencePipeline.java:485)
	at org.junit.vintage.engine.VintageTestEngine.executeAllChildren(VintageTestEngine.java:82)
	at org.junit.vintage.engine.VintageTestEngine.execute(VintageTestEngine.java:73)
	at org.junit.platform.launcher.core.DefaultLauncher.execute(DefaultLauncher.java:220)
	at org.junit.platform.launcher.core.DefaultLauncher.lambda$execute$6(DefaultLauncher.java:188)
	at org.junit.platform.launcher.core.DefaultLauncher.withInterceptedStreams(DefaultLauncher.java:202)
	at org.junit.platform.launcher.core.DefaultLauncher.execute(DefaultLauncher.java:181)
	at org.junit.platform.launcher.core.DefaultLauncher.execute(DefaultLauncher.java:128)
	at org.gradle.api.internal.tasks.testing.junitplatform.JUnitPlatformTestClassProcessor$CollectAllTestClassesExecutor.processAllTestClasses(JUnitPlatformTestClassProcessor.java:102)
	at org.gradle.api.internal.tasks.testing.junitplatform.JUnitPlatformTestClassProcessor$CollectAllTestClassesExecutor.access$000(JUnitPlatformTestClassProcessor.java:82)
	at org.gradle.api.internal.tasks.testing.junitplatform.JUnitPlatformTestClassProcessor.stop(JUnitPlatformTestClassProcessor.java:78)
	at org.gradle.api.internal.tasks.testing.SuiteTestClassProcessor.stop(SuiteTestClassProcessor.java:61)
	at sun.reflect.NativeMethodAccessorImpl.invoke0(Native Method)
	at sun.reflect.NativeMethodAccessorImpl.invoke(NativeMethodAccessorImpl.java:62)
	at sun.reflect.DelegatingMethodAccessorImpl.invoke(DelegatingMethodAccessorImpl.java:43)
	at java.lang.reflect.Method.invoke(Method.java:498)
	at org.gradle.internal.dispatch.ReflectionDispatch.dispatch(ReflectionDispatch.java:35)
	at org.gradle.internal.dispatch.ReflectionDispatch.dispatch(ReflectionDispatch.java:24)
	at org.gradle.internal.dispatch.ContextClassLoaderDispatch.dispatch(ContextClassLoaderDispatch.java:32)
	at org.gradle.internal.dispatch.ProxyDispatchAdapter$DispatchingInvocationHandler.invoke(ProxyDispatchAdapter.java:93)
	at com.sun.proxy.$Proxy2.stop(Unknown Source)
	at org.gradle.api.internal.tasks.testing.worker.TestWorker.stop(TestWorker.java:132)
	at sun.reflect.NativeMethodAccessorImpl.invoke0(Native Method)
	at sun.reflect.NativeMethodAccessorImpl.invoke(NativeMethodAccessorImpl.java:62)
	at sun.reflect.DelegatingMethodAccessorImpl.invoke(DelegatingMethodAccessorImpl.java:43)
	at java.lang.reflect.Method.invoke(Method.java:498)
	at org.gradle.internal.dispatch.ReflectionDispatch.dispatch(ReflectionDispatch.java:35)
	at org.gradle.internal.dispatch.ReflectionDispatch.dispatch(ReflectionDispatch.java:24)
	at org.gradle.internal.remote.internal.hub.MessageHubBackedObjectConnection$DispatchWrapper.dispatch(MessageHubBackedObjectConnection.java:175)
	at org.gradle.internal.remote.internal.hub.MessageHubBackedObjectConnection$DispatchWrapper.dispatch(MessageHubBackedObjectConnection.java:157)
	at org.gradle.internal.remote.internal.hub.MessageHub$Handler.run(MessageHub.java:404)
	at org.gradle.internal.concurrent.ExecutorPolicy$CatchAndRecordFailures.onExecute(ExecutorPolicy.java:63)
	at org.gradle.internal.concurrent.ManagedExecutorImpl$1.run(ManagedExecutorImpl.java:46)
	at java.util.concurrent.ThreadPoolExecutor.runWorker(ThreadPoolExecutor.java:1149)
	at java.util.concurrent.ThreadPoolExecutor$Worker.run(ThreadPoolExecutor.java:624)
	at org.gradle.internal.concurrent.ThreadFactoryImpl$ManagedThreadRunnable.run(ThreadFactoryImpl.java:55)
	at java.lang.Thread.run(Thread.java:748)
</pre>
</span>
</div>
<div class="test">
<a name="testClear4Lines"></a>
<h3 class="failures">testClear4Lines</h3>
<span class="code">
<pre>org.scalatest.exceptions.TestFailedException: didPass was false
Hint: When a new tetromino is placed, any full lines are removed from the board. If a lines is
removed, the lines above it are moved down to such that the line is replaced by the line above it.
Empty lines are added to the top to ensure the game has the correct height.
--------------------------------------------------------------------------------
This is what went wrong:

step=0, rand=0, actions=&lt;&gt;
Want | Got ✓
------------
.... | .... 
IIII | IIII 
.... | .... 
...O | ...O 
Z.ZZ | Z.ZZ 
Z.ZZ | Z.ZZ 
Z.ZZ | Z.ZZ 
Z.ZZ | Z.ZZ 
.ZZZ | .ZZZ 

step=1, rand=0, actions=&lt;RotateRight&gt;
Want | Got ✓
------------
..I. | ..I. 
..I. | ..I. 
..I. | ..I. 
..IO | ..IO 
Z.ZZ | Z.ZZ 
Z.ZZ | Z.ZZ 
Z.ZZ | Z.ZZ 
Z.ZZ | Z.ZZ 
.ZZZ | .ZZZ 

step=2, rand=0, actions=&lt;Left&gt;
Want | Got ✗
------------
.I.. | ..I. 
.I.. | ..I. 
.I.. | ..I. 
.I.O | ..IO 
Z.ZZ | Z.ZZ 
Z.ZZ | Z.ZZ 
Z.ZZ | Z.ZZ 
Z.ZZ | Z.ZZ 
.ZZZ | .ZZZ 

step=3, rand=0, actions=&lt;Down&gt;
Want | Got ✗
------------
.... | ..I. 
.I.. | ..I. 
.I.. | ..I. 
.I.O | ..IO 
ZIZZ | Z.ZZ 
Z.ZZ | Z.ZZ 
Z.ZZ | Z.ZZ 
Z.ZZ | Z.ZZ 
.ZZZ | .ZZZ 

step=4, rand=0, actions=&lt;Down&gt;
Want | Got ✗
------------
.... | ..I. 
.... | ..I. 
.I.. | ..I. 
.I.O | ..IO 
ZIZZ | Z.ZZ 
ZIZZ | Z.ZZ 
Z.ZZ | Z.ZZ 
Z.ZZ | Z.ZZ 
.ZZZ | .ZZZ 

step=5, rand=0, actions=&lt;Down&gt;
Want | Got ✗
------------
.... | ..I. 
.... | ..I. 
.... | ..I. 
.I.O | ..IO 
ZIZZ | Z.ZZ 
ZIZZ | Z.ZZ 
ZIZZ | Z.ZZ 
Z.ZZ | Z.ZZ 
.ZZZ | .ZZZ 

step=6, rand=0, actions=&lt;Down&gt;
Want | Got ✗
------------
.... | ..I. 
.... | ..I. 
.... | ..I. 
...O | ..IO 
ZIZZ | Z.ZZ 
ZIZZ | Z.ZZ 
ZIZZ | Z.ZZ 
ZIZZ | Z.ZZ 
.ZZZ | .ZZZ 

step=7, rand=0, actions=&lt;Down&gt;
Want | Got ✗
------------
.... | ..I. 
IIII | ..I. 
.... | ..I. 
.... | ..IO 
.... | Z.ZZ 
.... | Z.ZZ 
.... | Z.ZZ 
...O | Z.ZZ 
.ZZZ | .ZZZ 


	at org.scalatest.Assertions.newAssertionFailedException(Assertions.scala:530)
	at org.scalatest.Assertions.newAssertionFailedException$(Assertions.scala:529)
	at org.scalatest.FunSuite.newAssertionFailedException(FunSuite.scala:1560)
	at org.scalatest.Assertions$AssertionsHelper.macroAssert(Assertions.scala:503)
	at generic.GameTestSuite.checkGame(GameTestSuite.scala:298)
	at tetris.TetrisTestSuiteBase.checkGame(TetrisTestSuiteBase.scala:106)
	at tetris.ClearLinesTests.$anonfun$new$5(ClearLinesTests.scala:415)
	at scala.runtime.java8.JFunction0$mcV$sp.apply(JFunction0$mcV$sp.scala:18)
	at infrastructure.TestBase.$anonfun$test$1(TestBase.scala:36)
	at org.scalatest.OutcomeOf.outcomeOf(OutcomeOf.scala:85)
	at org.scalatest.OutcomeOf.outcomeOf$(OutcomeOf.scala:83)
	at org.scalatest.OutcomeOf$.outcomeOf(OutcomeOf.scala:104)
	at org.scalatest.Transformer.apply(Transformer.scala:22)
	at org.scalatest.Transformer.apply(Transformer.scala:20)
	at org.scalatest.FunSuiteLike$$anon$1.apply(FunSuiteLike.scala:186)
	at org.scalatest.TestSuite.withFixture(TestSuite.scala:196)
	at org.scalatest.TestSuite.withFixture$(TestSuite.scala:195)
	at infrastructure.TestBase.org$scalatest$concurrent$TimeLimitedTests$$super$withFixture(TestBase.scala:9)
	at org.scalatest.concurrent.TimeLimitedTests.$anonfun$withFixture$3(TimeLimitedTests.scala:154)
	at org.scalatest.enablers.Timed$$anon$1.timeoutAfter(Timed.scala:127)
	at org.scalatest.concurrent.TimeLimits.failAfterImpl(TimeLimits.scala:239)
	at org.scalatest.concurrent.TimeLimits.failAfterImpl$(TimeLimits.scala:233)
	at org.scalatest.concurrent.TimeLimits$.failAfterImpl(TimeLimits.scala:305)
	at org.scalatest.concurrent.TimeLimitedTests.withFixture(TimeLimitedTests.scala:153)
	at org.scalatest.concurrent.TimeLimitedTests.withFixture$(TimeLimitedTests.scala:150)
	at infrastructure.TestBase.withFixture(TestBase.scala:9)
	at org.scalatest.FunSuiteLike.invokeWithFixture$1(FunSuiteLike.scala:184)
	at org.scalatest.FunSuiteLike.$anonfun$runTest$1(FunSuiteLike.scala:196)
	at org.scalatest.SuperEngine.runTestImpl(Engine.scala:286)
	at org.scalatest.FunSuiteLike.runTest(FunSuiteLike.scala:196)
	at org.scalatest.FunSuiteLike.runTest$(FunSuiteLike.scala:178)
	at org.scalatest.FunSuite.runTest(FunSuite.scala:1560)
	at org.scalatest.FunSuiteLike.$anonfun$runTests$1(FunSuiteLike.scala:229)
	at org.scalatest.SuperEngine.$anonfun$runTestsInBranch$1(Engine.scala:393)
	at scala.collection.immutable.List.foreach(List.scala:333)
	at org.scalatest.SuperEngine.traverseSubNodes$1(Engine.scala:381)
	at org.scalatest.SuperEngine.runTestsInBranch(Engine.scala:376)
	at org.scalatest.SuperEngine.runTestsImpl(Engine.scala:458)
	at org.scalatest.FunSuiteLike.runTests(FunSuiteLike.scala:229)
	at org.scalatest.FunSuiteLike.runTests$(FunSuiteLike.scala:228)
	at org.scalatest.FunSuite.runTests(FunSuite.scala:1560)
	at org.scalatest.Suite.run(Suite.scala:1124)
	at org.scalatest.Suite.run$(Suite.scala:1106)
	at org.scalatest.FunSuite.org$scalatest$FunSuiteLike$$super$run(FunSuite.scala:1560)
	at org.scalatest.FunSuiteLike.$anonfun$run$1(FunSuiteLike.scala:233)
	at org.scalatest.SuperEngine.runImpl(Engine.scala:518)
	at org.scalatest.FunSuiteLike.run(FunSuiteLike.scala:233)
	at org.scalatest.FunSuiteLike.run$(FunSuiteLike.scala:232)
	at infrastructure.TestBase.run(TestBase.scala:26)
	at org.scalatest.Suite.callExecuteOnSuite$1(Suite.scala:1187)
	at org.scalatest.Suite.$anonfun$runNestedSuites$1(Suite.scala:1234)
	at scala.collection.ArrayOps$.foreach$extension(ArrayOps.scala:1323)
	at org.scalatest.Suite.runNestedSuites(Suite.scala:1232)
	at org.scalatest.Suite.runNestedSuites$(Suite.scala:1166)
	at org.scalatest.Suites.runNestedSuites(Suites.scala:56)
	at org.scalatest.Suite.run(Suite.scala:1121)
	at org.scalatest.Suite.run$(Suite.scala:1106)
	at tetris.TetrisTestSuitesBase.runDirect(TetrisTestSuitesBase.scala:20)
	at tetris.TetrisTestSuitesBase.runWithScoreCounter(TetrisTestSuitesBase.scala:14)
	at tetris.TetrisTestSuite3.run(TetrisTestSuite3.scala:25)
	at org.scalatestplus.junit.JUnitRunner.run(JUnitRunner.scala:99)
	at org.junit.runner.JUnitCore.run(JUnitCore.java:137)
	at org.junit.runner.JUnitCore.run(JUnitCore.java:115)
	at org.junit.vintage.engine.execution.RunnerExecutor.execute(RunnerExecutor.java:43)
	at java.util.stream.ForEachOps$ForEachOp$OfRef.accept(ForEachOps.java:183)
	at java.util.stream.ReferencePipeline$3$1.accept(ReferencePipeline.java:193)
	at java.util.Iterator.forEachRemaining(Iterator.java:116)
	at java.util.Spliterators$IteratorSpliterator.forEachRemaining(Spliterators.java:1801)
	at java.util.stream.AbstractPipeline.copyInto(AbstractPipeline.java:482)
	at java.util.stream.AbstractPipeline.wrapAndCopyInto(AbstractPipeline.java:472)
	at java.util.stream.ForEachOps$ForEachOp.evaluateSequential(ForEachOps.java:150)
	at java.util.stream.ForEachOps$ForEachOp$OfRef.evaluateSequential(ForEachOps.java:173)
	at java.util.stream.AbstractPipeline.evaluate(AbstractPipeline.java:234)
	at java.util.stream.ReferencePipeline.forEach(ReferencePipeline.java:485)
	at org.junit.vintage.engine.VintageTestEngine.executeAllChildren(VintageTestEngine.java:82)
	at org.junit.vintage.engine.VintageTestEngine.execute(VintageTestEngine.java:73)
	at org.junit.platform.launcher.core.DefaultLauncher.execute(DefaultLauncher.java:220)
	at org.junit.platform.launcher.core.DefaultLauncher.lambda$execute$6(DefaultLauncher.java:188)
	at org.junit.platform.launcher.core.DefaultLauncher.withInterceptedStreams(DefaultLauncher.java:202)
	at org.junit.platform.launcher.core.DefaultLauncher.execute(DefaultLauncher.java:181)
	at org.junit.platform.launcher.core.DefaultLauncher.execute(DefaultLauncher.java:128)
	at org.gradle.api.internal.tasks.testing.junitplatform.JUnitPlatformTestClassProcessor$CollectAllTestClassesExecutor.processAllTestClasses(JUnitPlatformTestClassProcessor.java:102)
	at org.gradle.api.internal.tasks.testing.junitplatform.JUnitPlatformTestClassProcessor$CollectAllTestClassesExecutor.access$000(JUnitPlatformTestClassProcessor.java:82)
	at org.gradle.api.internal.tasks.testing.junitplatform.JUnitPlatformTestClassProcessor.stop(JUnitPlatformTestClassProcessor.java:78)
	at org.gradle.api.internal.tasks.testing.SuiteTestClassProcessor.stop(SuiteTestClassProcessor.java:61)
	at sun.reflect.NativeMethodAccessorImpl.invoke0(Native Method)
	at sun.reflect.NativeMethodAccessorImpl.invoke(NativeMethodAccessorImpl.java:62)
	at sun.reflect.DelegatingMethodAccessorImpl.invoke(DelegatingMethodAccessorImpl.java:43)
	at java.lang.reflect.Method.invoke(Method.java:498)
	at org.gradle.internal.dispatch.ReflectionDispatch.dispatch(ReflectionDispatch.java:35)
	at org.gradle.internal.dispatch.ReflectionDispatch.dispatch(ReflectionDispatch.java:24)
	at org.gradle.internal.dispatch.ContextClassLoaderDispatch.dispatch(ContextClassLoaderDispatch.java:32)
	at org.gradle.internal.dispatch.ProxyDispatchAdapter$DispatchingInvocationHandler.invoke(ProxyDispatchAdapter.java:93)
	at com.sun.proxy.$Proxy2.stop(Unknown Source)
	at org.gradle.api.internal.tasks.testing.worker.TestWorker.stop(TestWorker.java:132)
	at sun.reflect.NativeMethodAccessorImpl.invoke0(Native Method)
	at sun.reflect.NativeMethodAccessorImpl.invoke(NativeMethodAccessorImpl.java:62)
	at sun.reflect.DelegatingMethodAccessorImpl.invoke(DelegatingMethodAccessorImpl.java:43)
	at java.lang.reflect.Method.invoke(Method.java:498)
	at org.gradle.internal.dispatch.ReflectionDispatch.dispatch(ReflectionDispatch.java:35)
	at org.gradle.internal.dispatch.ReflectionDispatch.dispatch(ReflectionDispatch.java:24)
	at org.gradle.internal.remote.internal.hub.MessageHubBackedObjectConnection$DispatchWrapper.dispatch(MessageHubBackedObjectConnection.java:175)
	at org.gradle.internal.remote.internal.hub.MessageHubBackedObjectConnection$DispatchWrapper.dispatch(MessageHubBackedObjectConnection.java:157)
	at org.gradle.internal.remote.internal.hub.MessageHub$Handler.run(MessageHub.java:404)
	at org.gradle.internal.concurrent.ExecutorPolicy$CatchAndRecordFailures.onExecute(ExecutorPolicy.java:63)
	at org.gradle.internal.concurrent.ManagedExecutorImpl$1.run(ManagedExecutorImpl.java:46)
	at java.util.concurrent.ThreadPoolExecutor.runWorker(ThreadPoolExecutor.java:1149)
	at java.util.concurrent.ThreadPoolExecutor$Worker.run(ThreadPoolExecutor.java:624)
	at org.gradle.internal.concurrent.ThreadFactoryImpl$ManagedThreadRunnable.run(ThreadFactoryImpl.java:55)
	at java.lang.Thread.run(Thread.java:748)
</pre>
</span>
</div>
</div>
<div id="tab1" class="tab">
<h2>Tests</h2>
<table>
<thead>
<tr>
<th>Test</th>
<th>Duration</th>
<th>Result</th>
</tr>
</thead>
<tr>
<td class="failures">testClear1Line</td>
<td class="failures">0.002s</td>
<td class="failures">failed</td>
</tr>
<tr>
<td class="failures">testClear1LineMiddle</td>
<td class="failures">0.003s</td>
<td class="failures">failed</td>
</tr>
<tr>
<td class="failures">testClear2Lines</td>
<td class="failures">0.004s</td>
<td class="failures">failed</td>
</tr>
<tr>
<td class="failures">testClear3Lines</td>
<td class="failures">0.003s</td>
<td class="failures">failed</td>
</tr>
<tr>
<td class="failures">testClear4Lines</td>
<td class="failures">0.003s</td>
<td class="failures">failed</td>
</tr>
</table>
</div>
<div id="tab2" class="tab">
<h2>Standard output</h2>
<span class="code">
<pre>initialBoard: List(ArraySeq(Empty, Empty, Empty), ArraySeq(Empty, Empty, Empty), ArraySeq(Empty, Empty, Empty), ArraySeq(Empty, Empty, Empty), ArraySeq(ZCell, ZCell, Empty))
initialBoard: List(ArraySeq(Empty, Empty, Empty, Empty), ArraySeq(Empty, Empty, Empty, Empty), ArraySeq(Empty, Empty, Empty, Empty), ArraySeq(Empty, Empty, Empty, Empty), ArraySeq(Empty, ZCell, Empty, Empty), ArraySeq(Empty, ZCell, Empty, Empty), ArraySeq(ZCell, ZCell, ZCell, Empty), ArraySeq(ZCell, ZCell, Empty, Empty), ArraySeq(ZCell, Empty, ZCell, Empty))
initialBoard: List(ArraySeq(Empty, Empty, Empty, Empty), ArraySeq(Empty, Empty, Empty, Empty), ArraySeq(Empty, Empty, Empty, Empty), ArraySeq(Empty, Empty, Empty, Empty), ArraySeq(ZCell, ZCell, ZCell, Empty), ArraySeq(Empty, ZCell, Empty, Empty), ArraySeq(ZCell, ZCell, ZCell, Empty), ArraySeq(ZCell, Empty, ZCell, Empty))
initialBoard: List(ArraySeq(Empty, Empty, Empty, Empty), ArraySeq(Empty, Empty, Empty, Empty), ArraySeq(Empty, Empty, Empty, Empty), ArraySeq(Empty, Empty, Empty, Empty), ArraySeq(ZCell, ZCell, ZCell, Empty), ArraySeq(Empty, ZCell, Empty, Empty), ArraySeq(ZCell, ZCell, ZCell, Empty), ArraySeq(ZCell, ZCell, ZCell, Empty))
initialBoard: List(ArraySeq(Empty, Empty, Empty, Empty), ArraySeq(Empty, Empty, Empty, Empty), ArraySeq(Empty, Empty, Empty, Empty), ArraySeq(Empty, Empty, Empty, OCell), ArraySeq(ZCell, Empty, ZCell, ZCell), ArraySeq(ZCell, Empty, ZCell, ZCell), ArraySeq(ZCell, Empty, ZCell, ZCell), ArraySeq(ZCell, Empty, ZCell, ZCell), ArraySeq(Empty, ZCell, ZCell, ZCell))
</pre>
</span>
</div>
</div>
<div id="footer">
<p>
<div>
<label class="hidden" id="label-for-line-wrapping-toggle" for="line-wrapping-toggle">Wrap lines
<input id="line-wrapping-toggle" type="checkbox" autocomplete="off"/>
</label>
</div>Generated by 
<a href="http://www.gradle.org">Gradle 5.2.1</a> at Oct 2, 2021 10:12:45 PM</p>
</div>
</div>
</body>
</html>
